[ 2017-09-14T19:37:08+08:00 ] ::1 /lianshuomai/index.php
INFO: [ app_init ] --START--
INFO: Run Behavior\BuildLiteBehavior [ RunTime:0.000000s ]
INFO: [ app_init ] --END-- [ RunTime:0.000000s ]
INFO: [ app_begin ] --START--
INFO: Run Behavior\ReadHtmlCacheBehavior [ RunTime:0.001000s ]
INFO: [ app_begin ] --END-- [ RunTime:0.001000s ]
INFO: [ view_parse ] --START--
INFO: [ template_filter ] --START--
INFO: Run Behavior\ContentReplaceBehavior [ RunTime:0.000000s ]
INFO: [ template_filter ] --END-- [ RunTime:0.000000s ]
INFO: Run Behavior\ParseTemplateBehavior [ RunTime:0.128000s ]
INFO: [ view_parse ] --END-- [ RunTime:0.128000s ]
INFO: [ view_filter ] --START--
INFO: Run Behavior\WriteHtmlCacheBehavior [ RunTime:0.000000s ]
INFO: [ view_filter ] --END-- [ RunTime:0.000000s ]
INFO: [ app_end ] --START--
INFO: Run Behavior\ShowPageTraceBehavior [ RunTime:0.001000s ]
INFO: [ app_end ] --END-- [ RunTime:0.002000s ]

[ 2017-09-14T19:37:10+08:00 ] ::1 /lianshuomai/index.php?__hbt=1505389030005
INFO: [ app_init ] --START--
INFO: Run Behavior\BuildLiteBehavior [ RunTime:0.000000s ]
INFO: [ app_init ] --END-- [ RunTime:0.000000s ]
INFO: [ app_begin ] --START--
INFO: Run Behavior\ReadHtmlCacheBehavior [ RunTime:0.000000s ]
INFO: [ app_begin ] --END-- [ RunTime:0.000000s ]
INFO: [ view_parse ] --START--
INFO: [ template_filter ] --START--
INFO: Run Behavior\ContentReplaceBehavior [ RunTime:0.000000s ]
INFO: [ template_filter ] --END-- [ RunTime:0.000000s ]
INFO: Run Behavior\ParseTemplateBehavior [ RunTime:0.031000s ]
INFO: [ view_parse ] --END-- [ RunTime:0.031000s ]
INFO: [ view_filter ] --START--
INFO: Run Behavior\WriteHtmlCacheBehavior [ RunTime:0.001000s ]
INFO: [ view_filter ] --END-- [ RunTime:0.001000s ]
INFO: [ app_end ] --START--
INFO: Run Behavior\ShowPageTraceBehavior [ RunTime:0.001000s ]
INFO: [ app_end ] --END-- [ RunTime:0.001000s ]

[ 2017-09-14T19:37:12+08:00 ] ::1 /lianshuomai/index.php/Home/Login/login
INFO: [ app_init ] --START--
INFO: Run Behavior\BuildLiteBehavior [ RunTime:0.000000s ]
INFO: [ app_init ] --END-- [ RunTime:0.001000s ]
INFO: [ app_begin ] --START--
INFO: Run Behavior\ReadHtmlCacheBehavior [ RunTime:0.001000s ]
INFO: [ app_begin ] --END-- [ RunTime:0.001000s ]
INFO: [ view_parse ] --START--
INFO: [ template_filter ] --START--
INFO: Run Behavior\ContentReplaceBehavior [ RunTime:0.000000s ]
INFO: [ template_filter ] --END-- [ RunTime:0.000000s ]
INFO: Run Behavior\ParseTemplateBehavior [ RunTime:0.006000s ]
INFO: [ view_parse ] --END-- [ RunTime:0.006000s ]
INFO: [ view_filter ] --START--
INFO: Run Behavior\WriteHtmlCacheBehavior [ RunTime:0.001000s ]
INFO: [ view_filter ] --END-- [ RunTime:0.001000s ]
INFO: [ app_end ] --START--
INFO: Run Behavior\ShowPageTraceBehavior [ RunTime:0.000000s ]
INFO: [ app_end ] --END-- [ RunTime:0.000000s ]

[ 2017-09-14T19:37:12+08:00 ] ::1 /lianshuomai/index.php/Home/Public/register_footer.php
INFO: [ app_init ] --START--
INFO: Run Behavior\BuildLiteBehavior [ RunTime:0.000000s ]
INFO: [ app_init ] --END-- [ RunTime:0.000000s ]
INFO: [ app_begin ] --START--
INFO: Run Behavior\ReadHtmlCacheBehavior [ RunTime:0.000000s ]
INFO: [ app_begin ] --END-- [ RunTime:0.000000s ]
ERR: 无法加载控制器:Public

[ 2017-09-14T20:34:22+08:00 ] ::1 /lianshuomai/index.php
INFO: [ app_init ] --START--
INFO: Run Behavior\BuildLiteBehavior [ RunTime:0.000000s ]
INFO: [ app_init ] --END-- [ RunTime:0.001000s ]
INFO: [ app_begin ] --START--
INFO: Run Behavior\ReadHtmlCacheBehavior [ RunTime:0.001000s ]
INFO: [ app_begin ] --END-- [ RunTime:0.002000s ]
INFO: [ view_parse ] --START--
INFO: [ template_filter ] --START--
INFO: Run Behavior\ContentReplaceBehavior [ RunTime:0.000000s ]
INFO: [ template_filter ] --END-- [ RunTime:0.000000s ]
INFO: Run Behavior\ParseTemplateBehavior [ RunTime:0.047000s ]
INFO: [ view_parse ] --END-- [ RunTime:0.047000s ]
INFO: [ view_filter ] --START--
INFO: Run Behavior\WriteHtmlCacheBehavior [ RunTime:0.001000s ]
INFO: [ view_filter ] --END-- [ RunTime:0.001000s ]
INFO: [ app_end ] --START--
INFO: Run Behavior\ShowPageTraceBehavior [ RunTime:0.003000s ]
INFO: [ app_end ] --END-- [ RunTime:0.003000s ]

[ 2017-09-14T20:34:25+08:00 ] ::1 /lianshuomai/index.php
INFO: [ app_init ] --START--
INFO: Run Behavior\BuildLiteBehavior [ RunTime:0.000000s ]
INFO: [ app_init ] --END-- [ RunTime:0.001000s ]
INFO: [ app_begin ] --START--
INFO: Run Behavior\ReadHtmlCacheBehavior [ RunTime:0.001000s ]
INFO: [ app_begin ] --END-- [ RunTime:0.001000s ]
INFO: [ view_parse ] --START--
INFO: [ template_filter ] --START--
INFO: Run Behavior\ContentReplaceBehavior [ RunTime:0.001000s ]
INFO: [ template_filter ] --END-- [ RunTime:0.001000s ]
INFO: Run Behavior\ParseTemplateBehavior [ RunTime:0.039000s ]
INFO: [ view_parse ] --END-- [ RunTime:0.039000s ]
INFO: [ view_filter ] --START--
INFO: Run Behavior\WriteHtmlCacheBehavior [ RunTime:0.000000s ]
INFO: [ view_filter ] --END-- [ RunTime:0.000000s ]
INFO: [ app_end ] --START--
INFO: Run Behavior\ShowPageTraceBehavior [ RunTime:0.001000s ]
INFO: [ app_end ] --END-- [ RunTime:0.001000s ]

[ 2017-09-14T20:34:26+08:00 ] ::1 /lianshuomai/index.php?__hbt=1505392466693
INFO: [ app_init ] --START--
INFO: Run Behavior\BuildLiteBehavior [ RunTime:0.000000s ]
INFO: [ app_init ] --END-- [ RunTime:0.000000s ]
INFO: [ app_begin ] --START--
INFO: Run Behavior\ReadHtmlCacheBehavior [ RunTime:0.001000s ]
INFO: [ app_begin ] --END-- [ RunTime:0.001000s ]
INFO: [ view_parse ] --START--
INFO: [ template_filter ] --START--
INFO: Run Behavior\ContentReplaceBehavior [ RunTime:0.000000s ]
INFO: [ template_filter ] --END-- [ RunTime:0.000000s ]
INFO: Run Behavior\ParseTemplateBehavior [ RunTime:0.030000s ]
INFO: [ view_parse ] --END-- [ RunTime:0.030000s ]
INFO: [ view_filter ] --START--
INFO: Run Behavior\WriteHtmlCacheBehavior [ RunTime:0.001000s ]
INFO: [ view_filter ] --END-- [ RunTime:0.001000s ]
INFO: [ app_end ] --START--
INFO: Run Behavior\ShowPageTraceBehavior [ RunTime:0.001000s ]
INFO: [ app_end ] --END-- [ RunTime:0.001000s ]

[ 2017-09-14T20:35:11+08:00 ] ::1 /lianshuomai/index.php/Home/User/register
INFO: [ app_init ] --START--
INFO: Run Behavior\BuildLiteBehavior [ RunTime:0.000000s ]
INFO: [ app_init ] --END-- [ RunTime:0.000000s ]
INFO: [ app_begin ] --START--
INFO: Run Behavior\ReadHtmlCacheBehavior [ RunTime:0.001000s ]
INFO: [ app_begin ] --END-- [ RunTime:0.001000s ]
INFO: [ view_parse ] --START--
INFO: [ template_filter ] --START--
INFO: Run Behavior\ContentReplaceBehavior [ RunTime:0.000000s ]
INFO: [ template_filter ] --END-- [ RunTime:0.000000s ]
NOTIC: [8] Undefined variable: arr D:\WWW\lianshuomai\Application\Runtime\Cache\Home\3359adbadf95118621a5c500fb3ff893.php 第 77 行.
NOTIC: [8] Undefined variable: message D:\WWW\lianshuomai\Application\Runtime\Cache\Home\3359adbadf95118621a5c500fb3ff893.php 第 78 行.
NOTIC: [8] Undefined variable: arr D:\WWW\lianshuomai\Application\Runtime\Cache\Home\3359adbadf95118621a5c500fb3ff893.php 第 82 行.
NOTIC: [8] Undefined variable: message D:\WWW\lianshuomai\Application\Runtime\Cache\Home\3359adbadf95118621a5c500fb3ff893.php 第 83 行.
NOTIC: [8] Undefined variable: arr D:\WWW\lianshuomai\Application\Runtime\Cache\Home\3359adbadf95118621a5c500fb3ff893.php 第 88 行.
NOTIC: [8] Undefined variable: message D:\WWW\lianshuomai\Application\Runtime\Cache\Home\3359adbadf95118621a5c500fb3ff893.php 第 89 行.
NOTIC: [8] Undefined variable: arr D:\WWW\lianshuomai\Application\Runtime\Cache\Home\3359adbadf95118621a5c500fb3ff893.php 第 93 行.
NOTIC: [8] Undefined variable: message D:\WWW\lianshuomai\Application\Runtime\Cache\Home\3359adbadf95118621a5c500fb3ff893.php 第 94 行.
NOTIC: [8] Undefined variable: arr D:\WWW\lianshuomai\Application\Runtime\Cache\Home\3359adbadf95118621a5c500fb3ff893.php 第 103 行.
NOTIC: [8] Undefined variable: message D:\WWW\lianshuomai\Application\Runtime\Cache\Home\3359adbadf95118621a5c500fb3ff893.php 第 104 行.
NOTIC: [8] Undefined variable: arr D:\WWW\lianshuomai\Application\Runtime\Cache\Home\3359adbadf95118621a5c500fb3ff893.php 第 108 行.
NOTIC: [8] Undefined variable: message D:\WWW\lianshuomai\Application\Runtime\Cache\Home\3359adbadf95118621a5c500fb3ff893.php 第 109 行.
NOTIC: [8] Undefined variable: arr D:\WWW\lianshuomai\Application\Runtime\Cache\Home\3359adbadf95118621a5c500fb3ff893.php 第 113 行.
NOTIC: [8] Undefined variable: message D:\WWW\lianshuomai\Application\Runtime\Cache\Home\3359adbadf95118621a5c500fb3ff893.php 第 114 行.
INFO: Run Behavior\ParseTemplateBehavior [ RunTime:0.008000s ]
INFO: [ view_parse ] --END-- [ RunTime:0.008000s ]
INFO: [ view_filter ] --START--
INFO: Run Behavior\WriteHtmlCacheBehavior [ RunTime:0.000000s ]
INFO: [ view_filter ] --END-- [ RunTime:0.000000s ]
INFO: [ app_end ] --START--
INFO: Run Behavior\ShowPageTraceBehavior [ RunTime:0.001000s ]
INFO: [ app_end ] --END-- [ RunTime:0.001000s ]

[ 2017-09-14T20:35:11+08:00 ] ::1 /lianshuomai/index.php/Home/User/jquery-1.8.3.js
INFO: [ app_init ] --START--
INFO: Run Behavior\BuildLiteBehavior [ RunTime:0.000000s ]
INFO: [ app_init ] --END-- [ RunTime:0.001000s ]
INFO: [ app_begin ] --START--
INFO: Run Behavior\ReadHtmlCacheBehavior [ RunTime:0.001000s ]
INFO: [ app_begin ] --END-- [ RunTime:0.001000s ]
ERR: 非法操作:jquery-1.8.3.js

[ 2017-09-14T20:35:11+08:00 ] ::1 /lianshuomai/index.php/Home/Public/register_footer.php
INFO: [ app_init ] --START--
INFO: Run Behavior\BuildLiteBehavior [ RunTime:0.000000s ]
INFO: [ app_init ] --END-- [ RunTime:0.000000s ]
INFO: [ app_begin ] --START--
INFO: Run Behavior\ReadHtmlCacheBehavior [ RunTime:0.001000s ]
INFO: [ app_begin ] --END-- [ RunTime:0.001000s ]
ERR: 无法加载控制器:Public

[ 2017-09-14T21:11:50+08:00 ] ::1 /lianshuomai/index.php
INFO: [ app_init ] --START--
INFO: Run Behavior\BuildLiteBehavior [ RunTime:0.000000s ]
INFO: [ app_init ] --END-- [ RunTime:0.000000s ]
INFO: [ app_begin ] --START--
INFO: Run Behavior\ReadHtmlCacheBehavior [ RunTime:0.000000s ]
INFO: [ app_begin ] --END-- [ RunTime:0.000000s ]
INFO: [ view_parse ] --START--
INFO: [ template_filter ] --START--
INFO: Run Behavior\ContentReplaceBehavior [ RunTime:0.000000s ]
INFO: [ template_filter ] --END-- [ RunTime:0.000000s ]
INFO: Run Behavior\ParseTemplateBehavior [ RunTime:0.031000s ]
INFO: [ view_parse ] --END-- [ RunTime:0.032000s ]
INFO: [ view_filter ] --START--
INFO: Run Behavior\WriteHtmlCacheBehavior [ RunTime:0.000000s ]
INFO: [ view_filter ] --END-- [ RunTime:0.000000s ]
INFO: [ app_end ] --START--
INFO: Run Behavior\ShowPageTraceBehavior [ RunTime:0.001000s ]
INFO: [ app_end ] --END-- [ RunTime:0.001000s ]

[ 2017-09-14T21:11:51+08:00 ] ::1 /lianshuomai/index.php?__hbt=1505394711765
INFO: [ app_init ] --START--
INFO: Run Behavior\BuildLiteBehavior [ RunTime:0.000000s ]
INFO: [ app_init ] --END-- [ RunTime:0.000000s ]
INFO: [ app_begin ] --START--
INFO: Run Behavior\ReadHtmlCacheBehavior [ RunTime:0.000000s ]
INFO: [ app_begin ] --END-- [ RunTime:0.000000s ]
INFO: [ view_parse ] --START--
INFO: [ template_filter ] --START--
INFO: Run Behavior\ContentReplaceBehavior [ RunTime:0.000000s ]
INFO: [ template_filter ] --END-- [ RunTime:0.000000s ]
INFO: Run Behavior\ParseTemplateBehavior [ RunTime:0.029000s ]
INFO: [ view_parse ] --END-- [ RunTime:0.029000s ]
INFO: [ view_filter ] --START--
INFO: Run Behavior\WriteHtmlCacheBehavior [ RunTime:0.001000s ]
INFO: [ view_filter ] --END-- [ RunTime:0.001000s ]
INFO: [ app_end ] --START--
INFO: Run Behavior\ShowPageTraceBehavior [ RunTime:0.000000s ]
INFO: [ app_end ] --END-- [ RunTime:0.000000s ]

[ 2017-09-14T21:11:54+08:00 ] ::1 /lianshuomai/index.php/Home/User/register
INFO: [ app_init ] --START--
INFO: Run Behavior\BuildLiteBehavior [ RunTime:0.001000s ]
INFO: [ app_init ] --END-- [ RunTime:0.001000s ]
INFO: [ app_begin ] --START--
INFO: Run Behavior\ReadHtmlCacheBehavior [ RunTime:0.000000s ]
INFO: [ app_begin ] --END-- [ RunTime:0.001000s ]
INFO: [ view_parse ] --START--
INFO: [ template_filter ] --START--
INFO: Run Behavior\ContentReplaceBehavior [ RunTime:0.000000s ]
INFO: [ template_filter ] --END-- [ RunTime:0.000000s ]
NOTIC: [8] Undefined variable: arr D:\WWW\lianshuomai\Application\Runtime\Cache\Home\3359adbadf95118621a5c500fb3ff893.php 第 41 行.
NOTIC: [8] Undefined variable: message D:\WWW\lianshuomai\Application\Runtime\Cache\Home\3359adbadf95118621a5c500fb3ff893.php 第 42 行.
NOTIC: [8] Undefined variable: arr D:\WWW\lianshuomai\Application\Runtime\Cache\Home\3359adbadf95118621a5c500fb3ff893.php 第 46 行.
NOTIC: [8] Undefined variable: message D:\WWW\lianshuomai\Application\Runtime\Cache\Home\3359adbadf95118621a5c500fb3ff893.php 第 47 行.
NOTIC: [8] Undefined variable: arr D:\WWW\lianshuomai\Application\Runtime\Cache\Home\3359adbadf95118621a5c500fb3ff893.php 第 52 行.
NOTIC: [8] Undefined variable: message D:\WWW\lianshuomai\Application\Runtime\Cache\Home\3359adbadf95118621a5c500fb3ff893.php 第 53 行.
NOTIC: [8] Undefined variable: arr D:\WWW\lianshuomai\Application\Runtime\Cache\Home\3359adbadf95118621a5c500fb3ff893.php 第 57 行.
NOTIC: [8] Undefined variable: message D:\WWW\lianshuomai\Application\Runtime\Cache\Home\3359adbadf95118621a5c500fb3ff893.php 第 58 行.
NOTIC: [8] Undefined variable: arr D:\WWW\lianshuomai\Application\Runtime\Cache\Home\3359adbadf95118621a5c500fb3ff893.php 第 67 行.
NOTIC: [8] Undefined variable: message D:\WWW\lianshuomai\Application\Runtime\Cache\Home\3359adbadf95118621a5c500fb3ff893.php 第 68 行.
NOTIC: [8] Undefined variable: arr D:\WWW\lianshuomai\Application\Runtime\Cache\Home\3359adbadf95118621a5c500fb3ff893.php 第 72 行.
NOTIC: [8] Undefined variable: message D:\WWW\lianshuomai\Application\Runtime\Cache\Home\3359adbadf95118621a5c500fb3ff893.php 第 73 行.
NOTIC: [8] Undefined variable: arr D:\WWW\lianshuomai\Application\Runtime\Cache\Home\3359adbadf95118621a5c500fb3ff893.php 第 77 行.
NOTIC: [8] Undefined variable: message D:\WWW\lianshuomai\Application\Runtime\Cache\Home\3359adbadf95118621a5c500fb3ff893.php 第 78 行.
INFO: Run Behavior\ParseTemplateBehavior [ RunTime:0.007000s ]
INFO: [ view_parse ] --END-- [ RunTime:0.007000s ]
INFO: [ view_filter ] --START--
INFO: Run Behavior\WriteHtmlCacheBehavior [ RunTime:0.000000s ]
INFO: [ view_filter ] --END-- [ RunTime:0.000000s ]
INFO: [ app_end ] --START--
INFO: Run Behavior\ShowPageTraceBehavior [ RunTime:0.001000s ]
INFO: [ app_end ] --END-- [ RunTime:0.001000s ]

[ 2017-09-14T21:11:54+08:00 ] ::1 /lianshuomai/index.php/Home/User/register.css
INFO: [ app_init ] --START--
INFO: Run Behavior\BuildLiteBehavior [ RunTime:0.000000s ]
INFO: [ app_init ] --END-- [ RunTime:0.000000s ]
INFO: [ app_begin ] --START--
INFO: Run Behavior\ReadHtmlCacheBehavior [ RunTime:0.001000s ]
INFO: [ app_begin ] --END-- [ RunTime:0.001000s ]
ERR: 非法操作:register.css

[ 2017-09-14T21:11:54+08:00 ] ::1 /lianshuomai/index.php/Home/User/jquery-1.8.3.js
INFO: [ app_init ] --START--
INFO: Run Behavior\BuildLiteBehavior [ RunTime:0.000000s ]
INFO: [ app_init ] --END-- [ RunTime:0.001000s ]
INFO: [ app_begin ] --START--
INFO: Run Behavior\ReadHtmlCacheBehavior [ RunTime:0.000000s ]
INFO: [ app_begin ] --END-- [ RunTime:0.000000s ]
ERR: 非法操作:jquery-1.8.3.js

[ 2017-09-14T21:12:01+08:00 ] ::1 /lianshuomai/index.php/Home/User/register
INFO: [ app_init ] --START--
INFO: Run Behavior\BuildLiteBehavior [ RunTime:0.000000s ]
INFO: [ app_init ] --END-- [ RunTime:0.001000s ]
INFO: [ app_begin ] --START--
INFO: Run Behavior\ReadHtmlCacheBehavior [ RunTime:0.001000s ]
INFO: [ app_begin ] --END-- [ RunTime:0.001000s ]
INFO: [ view_parse ] --START--
INFO: [ template_filter ] --START--
INFO: Run Behavior\ContentReplaceBehavior [ RunTime:0.000000s ]
INFO: [ template_filter ] --END-- [ RunTime:0.000000s ]
NOTIC: [8] Undefined variable: arr D:\WWW\lianshuomai\Application\Runtime\Cache\Home\3359adbadf95118621a5c500fb3ff893.php 第 41 行.
NOTIC: [8] Undefined variable: message D:\WWW\lianshuomai\Application\Runtime\Cache\Home\3359adbadf95118621a5c500fb3ff893.php 第 42 行.
NOTIC: [8] Undefined variable: arr D:\WWW\lianshuomai\Application\Runtime\Cache\Home\3359adbadf95118621a5c500fb3ff893.php 第 46 行.
NOTIC: [8] Undefined variable: message D:\WWW\lianshuomai\Application\Runtime\Cache\Home\3359adbadf95118621a5c500fb3ff893.php 第 47 行.
NOTIC: [8] Undefined variable: arr D:\WWW\lianshuomai\Application\Runtime\Cache\Home\3359adbadf95118621a5c500fb3ff893.php 第 52 行.
NOTIC: [8] Undefined variable: message D:\WWW\lianshuomai\Application\Runtime\Cache\Home\3359adbadf95118621a5c500fb3ff893.php 第 53 行.
NOTIC: [8] Undefined variable: arr D:\WWW\lianshuomai\Application\Runtime\Cache\Home\3359adbadf95118621a5c500fb3ff893.php 第 57 行.
NOTIC: [8] Undefined variable: message D:\WWW\lianshuomai\Application\Runtime\Cache\Home\3359adbadf95118621a5c500fb3ff893.php 第 58 行.
NOTIC: [8] Undefined variable: arr D:\WWW\lianshuomai\Application\Runtime\Cache\Home\3359adbadf95118621a5c500fb3ff893.php 第 67 行.
NOTIC: [8] Undefined variable: message D:\WWW\lianshuomai\Application\Runtime\Cache\Home\3359adbadf95118621a5c500fb3ff893.php 第 68 行.
NOTIC: [8] Undefined variable: arr D:\WWW\lianshuomai\Application\Runtime\Cache\Home\3359adbadf95118621a5c500fb3ff893.php 第 72 行.
NOTIC: [8] Undefined variable: message D:\WWW\lianshuomai\Application\Runtime\Cache\Home\3359adbadf95118621a5c500fb3ff893.php 第 73 行.
NOTIC: [8] Undefined variable: arr D:\WWW\lianshuomai\Application\Runtime\Cache\Home\3359adbadf95118621a5c500fb3ff893.php 第 77 行.
NOTIC: [8] Undefined variable: message D:\WWW\lianshuomai\Application\Runtime\Cache\Home\3359adbadf95118621a5c500fb3ff893.php 第 78 行.
INFO: Run Behavior\ParseTemplateBehavior [ RunTime:0.010000s ]
INFO: [ view_parse ] --END-- [ RunTime:0.010000s ]
INFO: [ view_filter ] --START--
INFO: Run Behavior\WriteHtmlCacheBehavior [ RunTime:0.000000s ]
INFO: [ view_filter ] --END-- [ RunTime:0.000000s ]
INFO: [ app_end ] --START--
INFO: Run Behavior\ShowPageTraceBehavior [ RunTime:0.001000s ]
INFO: [ app_end ] --END-- [ RunTime:0.001000s ]

[ 2017-09-14T21:12:01+08:00 ] ::1 /lianshuomai/index.php/Home/User/jquery-1.8.3.js
INFO: [ app_init ] --START--
INFO: Run Behavior\BuildLiteBehavior [ RunTime:0.000000s ]
INFO: [ app_init ] --END-- [ RunTime:0.001000s ]
INFO: [ app_begin ] --START--
INFO: Run Behavior\ReadHtmlCacheBehavior [ RunTime:0.001000s ]
INFO: [ app_begin ] --END-- [ RunTime:0.001000s ]
ERR: 非法操作:jquery-1.8.3.js

[ 2017-09-14T21:12:01+08:00 ] ::1 /lianshuomai/index.php/Home/User/register.css
INFO: [ app_init ] --START--
INFO: Run Behavior\BuildLiteBehavior [ RunTime:0.000000s ]
INFO: [ app_init ] --END-- [ RunTime:0.000000s ]
INFO: [ app_begin ] --START--
INFO: Run Behavior\ReadHtmlCacheBehavior [ RunTime:0.001000s ]
INFO: [ app_begin ] --END-- [ RunTime:0.001000s ]
ERR: 非法操作:register.css

[ 2017-09-14T21:13:25+08:00 ] ::1 /lianshuomai/index.php?__hbt=1505394711765
INFO: [ app_init ] --START--
INFO: Run Behavior\BuildLiteBehavior [ RunTime:0.000000s ]
INFO: [ app_init ] --END-- [ RunTime:0.000000s ]
INFO: [ app_begin ] --START--
INFO: Run Behavior\ReadHtmlCacheBehavior [ RunTime:0.001000s ]
INFO: [ app_begin ] --END-- [ RunTime:0.001000s ]
INFO: [ view_parse ] --START--
INFO: [ template_filter ] --START--
INFO: Run Behavior\ContentReplaceBehavior [ RunTime:0.001000s ]
INFO: [ template_filter ] --END-- [ RunTime:0.001000s ]
INFO: Run Behavior\ParseTemplateBehavior [ RunTime:0.033000s ]
INFO: [ view_parse ] --END-- [ RunTime:0.033000s ]
INFO: [ view_filter ] --START--
INFO: Run Behavior\WriteHtmlCacheBehavior [ RunTime:0.000000s ]
INFO: [ view_filter ] --END-- [ RunTime:0.000000s ]
INFO: [ app_end ] --START--
INFO: Run Behavior\ShowPageTraceBehavior [ RunTime:0.001000s ]
INFO: [ app_end ] --END-- [ RunTime:0.001000s ]

[ 2017-09-14T21:13:26+08:00 ] ::1 /lianshuomai/index.php/Home/User/register
INFO: [ app_init ] --START--
INFO: Run Behavior\BuildLiteBehavior [ RunTime:0.000000s ]
INFO: [ app_init ] --END-- [ RunTime:0.001000s ]
INFO: [ app_begin ] --START--
INFO: Run Behavior\ReadHtmlCacheBehavior [ RunTime:0.001000s ]
INFO: [ app_begin ] --END-- [ RunTime:0.001000s ]
INFO: [ view_parse ] --START--
INFO: [ template_filter ] --START--
INFO: Run Behavior\ContentReplaceBehavior [ RunTime:0.000000s ]
INFO: [ template_filter ] --END-- [ RunTime:0.000000s ]
NOTIC: [8] Undefined variable: arr D:\WWW\lianshuomai\Application\Runtime\Cache\Home\3359adbadf95118621a5c500fb3ff893.php 第 41 行.
NOTIC: [8] Undefined variable: message D:\WWW\lianshuomai\Application\Runtime\Cache\Home\3359adbadf95118621a5c500fb3ff893.php 第 42 行.
NOTIC: [8] Undefined variable: arr D:\WWW\lianshuomai\Application\Runtime\Cache\Home\3359adbadf95118621a5c500fb3ff893.php 第 46 行.
NOTIC: [8] Undefined variable: message D:\WWW\lianshuomai\Application\Runtime\Cache\Home\3359adbadf95118621a5c500fb3ff893.php 第 47 行.
NOTIC: [8] Undefined variable: arr D:\WWW\lianshuomai\Application\Runtime\Cache\Home\3359adbadf95118621a5c500fb3ff893.php 第 52 行.
NOTIC: [8] Undefined variable: message D:\WWW\lianshuomai\Application\Runtime\Cache\Home\3359adbadf95118621a5c500fb3ff893.php 第 53 行.
NOTIC: [8] Undefined variable: arr D:\WWW\lianshuomai\Application\Runtime\Cache\Home\3359adbadf95118621a5c500fb3ff893.php 第 57 行.
NOTIC: [8] Undefined variable: message D:\WWW\lianshuomai\Application\Runtime\Cache\Home\3359adbadf95118621a5c500fb3ff893.php 第 58 行.
NOTIC: [8] Undefined variable: arr D:\WWW\lianshuomai\Application\Runtime\Cache\Home\3359adbadf95118621a5c500fb3ff893.php 第 67 行.
NOTIC: [8] Undefined variable: message D:\WWW\lianshuomai\Application\Runtime\Cache\Home\3359adbadf95118621a5c500fb3ff893.php 第 68 行.
NOTIC: [8] Undefined variable: arr D:\WWW\lianshuomai\Application\Runtime\Cache\Home\3359adbadf95118621a5c500fb3ff893.php 第 72 行.
NOTIC: [8] Undefined variable: message D:\WWW\lianshuomai\Application\Runtime\Cache\Home\3359adbadf95118621a5c500fb3ff893.php 第 73 行.
NOTIC: [8] Undefined variable: arr D:\WWW\lianshuomai\Application\Runtime\Cache\Home\3359adbadf95118621a5c500fb3ff893.php 第 77 行.
NOTIC: [8] Undefined variable: message D:\WWW\lianshuomai\Application\Runtime\Cache\Home\3359adbadf95118621a5c500fb3ff893.php 第 78 行.
INFO: Run Behavior\ParseTemplateBehavior [ RunTime:0.010000s ]
INFO: [ view_parse ] --END-- [ RunTime:0.010000s ]
INFO: [ view_filter ] --START--
INFO: Run Behavior\WriteHtmlCacheBehavior [ RunTime:0.001000s ]
INFO: [ view_filter ] --END-- [ RunTime:0.001000s ]
INFO: [ app_end ] --START--
INFO: Run Behavior\ShowPageTraceBehavior [ RunTime:0.001000s ]
INFO: [ app_end ] --END-- [ RunTime:0.001000s ]

[ 2017-09-14T21:13:26+08:00 ] ::1 /lianshuomai/index.php/Home/User/register.css
INFO: [ app_init ] --START--
INFO: Run Behavior\BuildLiteBehavior [ RunTime:0.000000s ]
INFO: [ app_init ] --END-- [ RunTime:0.000000s ]
INFO: [ app_begin ] --START--
INFO: Run Behavior\ReadHtmlCacheBehavior [ RunTime:0.001000s ]
INFO: [ app_begin ] --END-- [ RunTime:0.001000s ]
ERR: 非法操作:register.css

[ 2017-09-14T21:13:26+08:00 ] ::1 /lianshuomai/index.php/Home/User/jquery-1.8.3.js
INFO: [ app_init ] --START--
INFO: Run Behavior\BuildLiteBehavior [ RunTime:0.000000s ]
INFO: [ app_init ] --END-- [ RunTime:0.000000s ]
INFO: [ app_begin ] --START--
INFO: Run Behavior\ReadHtmlCacheBehavior [ RunTime:0.000000s ]
INFO: [ app_begin ] --END-- [ RunTime:0.000000s ]
ERR: 非法操作:jquery-1.8.3.js

[ 2017-09-14T21:13:55+08:00 ] ::1 /lianshuomai/index.php/Home/User/register
INFO: [ app_init ] --START--
INFO: Run Behavior\BuildLiteBehavior [ RunTime:0.000000s ]
INFO: [ app_init ] --END-- [ RunTime:0.001000s ]
INFO: [ app_begin ] --START--
INFO: Run Behavior\ReadHtmlCacheBehavior [ RunTime:0.002000s ]
INFO: [ app_begin ] --END-- [ RunTime:0.002000s ]
INFO: [ view_parse ] --START--
INFO: [ template_filter ] --START--
INFO: Run Behavior\ContentReplaceBehavior [ RunTime:0.000000s ]
INFO: [ template_filter ] --END-- [ RunTime:0.000000s ]
NOTIC: [8] Undefined variable: arr D:\WWW\lianshuomai\Application\Runtime\Cache\Home\3359adbadf95118621a5c500fb3ff893.php 第 74 行.
NOTIC: [8] Undefined variable: message D:\WWW\lianshuomai\Application\Runtime\Cache\Home\3359adbadf95118621a5c500fb3ff893.php 第 75 行.
NOTIC: [8] Undefined variable: arr D:\WWW\lianshuomai\Application\Runtime\Cache\Home\3359adbadf95118621a5c500fb3ff893.php 第 79 行.
NOTIC: [8] Undefined variable: message D:\WWW\lianshuomai\Application\Runtime\Cache\Home\3359adbadf95118621a5c500fb3ff893.php 第 80 行.
NOTIC: [8] Undefined variable: arr D:\WWW\lianshuomai\Application\Runtime\Cache\Home\3359adbadf95118621a5c500fb3ff893.php 第 85 行.
NOTIC: [8] Undefined variable: message D:\WWW\lianshuomai\Application\Runtime\Cache\Home\3359adbadf95118621a5c500fb3ff893.php 第 86 行.
NOTIC: [8] Undefined variable: arr D:\WWW\lianshuomai\Application\Runtime\Cache\Home\3359adbadf95118621a5c500fb3ff893.php 第 90 行.
NOTIC: [8] Undefined variable: message D:\WWW\lianshuomai\Application\Runtime\Cache\Home\3359adbadf95118621a5c500fb3ff893.php 第 91 行.
NOTIC: [8] Undefined variable: arr D:\WWW\lianshuomai\Application\Runtime\Cache\Home\3359adbadf95118621a5c500fb3ff893.php 第 100 行.
NOTIC: [8] Undefined variable: message D:\WWW\lianshuomai\Application\Runtime\Cache\Home\3359adbadf95118621a5c500fb3ff893.php 第 101 行.
NOTIC: [8] Undefined variable: arr D:\WWW\lianshuomai\Application\Runtime\Cache\Home\3359adbadf95118621a5c500fb3ff893.php 第 105 行.
NOTIC: [8] Undefined variable: message D:\WWW\lianshuomai\Application\Runtime\Cache\Home\3359adbadf95118621a5c500fb3ff893.php 第 106 行.
NOTIC: [8] Undefined variable: arr D:\WWW\lianshuomai\Application\Runtime\Cache\Home\3359adbadf95118621a5c500fb3ff893.php 第 110 行.
NOTIC: [8] Undefined variable: message D:\WWW\lianshuomai\Application\Runtime\Cache\Home\3359adbadf95118621a5c500fb3ff893.php 第 111 行.
INFO: Run Behavior\ParseTemplateBehavior [ RunTime:0.006000s ]
INFO: [ view_parse ] --END-- [ RunTime:0.006000s ]
INFO: [ view_filter ] --START--
INFO: Run Behavior\WriteHtmlCacheBehavior [ RunTime:0.001000s ]
INFO: [ view_filter ] --END-- [ RunTime:0.001000s ]
INFO: [ app_end ] --START--
INFO: Run Behavior\ShowPageTraceBehavior [ RunTime:0.000000s ]
INFO: [ app_end ] --END-- [ RunTime:0.000000s ]

[ 2017-09-14T21:13:55+08:00 ] ::1 /lianshuomai/index.php/Home/User/jquery-1.8.3.js
INFO: [ app_init ] --START--
INFO: Run Behavior\BuildLiteBehavior [ RunTime:0.000000s ]
INFO: [ app_init ] --END-- [ RunTime:0.001000s ]
INFO: [ app_begin ] --START--
INFO: Run Behavior\ReadHtmlCacheBehavior [ RunTime:0.001000s ]
INFO: [ app_begin ] --END-- [ RunTime:0.001000s ]
ERR: 非法操作:jquery-1.8.3.js

[ 2017-09-14T21:14:29+08:00 ] ::1 /lianshuomai/index.php/Home/User/register
INFO: [ app_init ] --START--
INFO: Run Behavior\BuildLiteBehavior [ RunTime:0.001000s ]
INFO: [ app_init ] --END-- [ RunTime:0.001000s ]
INFO: [ app_begin ] --START--
INFO: Run Behavior\ReadHtmlCacheBehavior [ RunTime:0.001000s ]
INFO: [ app_begin ] --END-- [ RunTime:0.001000s ]
INFO: [ view_parse ] --START--
INFO: [ template_filter ] --START--
INFO: Run Behavior\ContentReplaceBehavior [ RunTime:0.000000s ]
INFO: [ template_filter ] --END-- [ RunTime:0.000000s ]
NOTIC: [8] Undefined variable: arr D:\WWW\lianshuomai\Application\Runtime\Cache\Home\3359adbadf95118621a5c500fb3ff893.php 第 74 行.
NOTIC: [8] Undefined variable: message D:\WWW\lianshuomai\Application\Runtime\Cache\Home\3359adbadf95118621a5c500fb3ff893.php 第 75 行.
NOTIC: [8] Undefined variable: arr D:\WWW\lianshuomai\Application\Runtime\Cache\Home\3359adbadf95118621a5c500fb3ff893.php 第 79 行.
NOTIC: [8] Undefined variable: message D:\WWW\lianshuomai\Application\Runtime\Cache\Home\3359adbadf95118621a5c500fb3ff893.php 第 80 行.
NOTIC: [8] Undefined variable: arr D:\WWW\lianshuomai\Application\Runtime\Cache\Home\3359adbadf95118621a5c500fb3ff893.php 第 85 行.
NOTIC: [8] Undefined variable: message D:\WWW\lianshuomai\Application\Runtime\Cache\Home\3359adbadf95118621a5c500fb3ff893.php 第 86 行.
NOTIC: [8] Undefined variable: arr D:\WWW\lianshuomai\Application\Runtime\Cache\Home\3359adbadf95118621a5c500fb3ff893.php 第 90 行.
NOTIC: [8] Undefined variable: message D:\WWW\lianshuomai\Application\Runtime\Cache\Home\3359adbadf95118621a5c500fb3ff893.php 第 91 行.
NOTIC: [8] Undefined variable: arr D:\WWW\lianshuomai\Application\Runtime\Cache\Home\3359adbadf95118621a5c500fb3ff893.php 第 100 行.
NOTIC: [8] Undefined variable: message D:\WWW\lianshuomai\Application\Runtime\Cache\Home\3359adbadf95118621a5c500fb3ff893.php 第 101 行.
NOTIC: [8] Undefined variable: arr D:\WWW\lianshuomai\Application\Runtime\Cache\Home\3359adbadf95118621a5c500fb3ff893.php 第 105 行.
NOTIC: [8] Undefined variable: message D:\WWW\lianshuomai\Application\Runtime\Cache\Home\3359adbadf95118621a5c500fb3ff893.php 第 106 行.
NOTIC: [8] Undefined variable: arr D:\WWW\lianshuomai\Application\Runtime\Cache\Home\3359adbadf95118621a5c500fb3ff893.php 第 110 行.
NOTIC: [8] Undefined variable: message D:\WWW\lianshuomai\Application\Runtime\Cache\Home\3359adbadf95118621a5c500fb3ff893.php 第 111 行.
INFO: Run Behavior\ParseTemplateBehavior [ RunTime:0.009000s ]
INFO: [ view_parse ] --END-- [ RunTime:0.009000s ]
INFO: [ view_filter ] --START--
INFO: Run Behavior\WriteHtmlCacheBehavior [ RunTime:0.001000s ]
INFO: [ view_filter ] --END-- [ RunTime:0.001000s ]
INFO: [ app_end ] --START--
INFO: Run Behavior\ShowPageTraceBehavior [ RunTime:0.000000s ]
INFO: [ app_end ] --END-- [ RunTime:0.001000s ]

[ 2017-09-14T21:14:29+08:00 ] ::1 /lianshuomai/index.php/Home/User/jquery-1.8.3.js
INFO: [ app_init ] --START--
INFO: Run Behavior\BuildLiteBehavior [ RunTime:0.000000s ]
INFO: [ app_init ] --END-- [ RunTime:0.000000s ]
INFO: [ app_begin ] --START--
INFO: Run Behavior\ReadHtmlCacheBehavior [ RunTime:0.000000s ]
INFO: [ app_begin ] --END-- [ RunTime:0.000000s ]
ERR: 非法操作:jquery-1.8.3.js

[ 2017-09-14T21:14:45+08:00 ] ::1 /lianshuomai/index.php/Home/User/save
INFO: [ app_init ] --START--
INFO: Run Behavior\BuildLiteBehavior [ RunTime:0.000000s ]
INFO: [ app_init ] --END-- [ RunTime:0.000000s ]
INFO: [ app_begin ] --START--
INFO: Run Behavior\ReadHtmlCacheBehavior [ RunTime:0.001000s ]
INFO: [ app_begin ] --END-- [ RunTime:0.001000s ]
SQL: SHOW COLUMNS FROM `user` [ RunTime:0.0060s ]
NOTIC: [8] Undefined index: validate D:\WWW\lianshuomai\ThinkPHP\Library\Think\Model.class.php 第 1185 行.
SQL: SELECT * FROM `user` WHERE `username` = 'tom' LIMIT 1   [ RunTime:0.0010s ]
INFO: [ view_parse ] --START--
INFO: [ template_filter ] --START--
INFO: Run Behavior\ContentReplaceBehavior [ RunTime:0.000000s ]
INFO: [ template_filter ] --END-- [ RunTime:0.000000s ]
NOTIC: [8] Undefined index: password D:\WWW\lianshuomai\Application\Runtime\Cache\Home\3359adbadf95118621a5c500fb3ff893.php 第 80 行.
NOTIC: [8] Undefined index: repassword D:\WWW\lianshuomai\Application\Runtime\Cache\Home\3359adbadf95118621a5c500fb3ff893.php 第 86 行.
NOTIC: [8] Undefined index: nick D:\WWW\lianshuomai\Application\Runtime\Cache\Home\3359adbadf95118621a5c500fb3ff893.php 第 91 行.
NOTIC: [8] Undefined index: addr D:\WWW\lianshuomai\Application\Runtime\Cache\Home\3359adbadf95118621a5c500fb3ff893.php 第 111 行.
INFO: Run Behavior\ParseTemplateBehavior [ RunTime:0.021000s ]
INFO: [ view_parse ] --END-- [ RunTime:0.021000s ]
INFO: [ view_filter ] --START--
INFO: Run Behavior\WriteHtmlCacheBehavior [ RunTime:0.001000s ]
INFO: [ view_filter ] --END-- [ RunTime:0.001000s ]
INFO: [ app_end ] --START--
INFO: Run Behavior\ShowPageTraceBehavior [ RunTime:0.001000s ]
INFO: [ app_end ] --END-- [ RunTime:0.001000s ]

[ 2017-09-14T21:14:45+08:00 ] ::1 /lianshuomai/index.php/Home/User/jquery-1.8.3.js
INFO: [ app_init ] --START--
INFO: Run Behavior\BuildLiteBehavior [ RunTime:0.000000s ]
INFO: [ app_init ] --END-- [ RunTime:0.000000s ]
INFO: [ app_begin ] --START--
INFO: Run Behavior\ReadHtmlCacheBehavior [ RunTime:0.002000s ]
INFO: [ app_begin ] --END-- [ RunTime:0.002000s ]
ERR: 非法操作:jquery-1.8.3.js

[ 2017-09-14T21:15:10+08:00 ] ::1 /lianshuomai/index.php/Home/User/save
INFO: [ app_init ] --START--
INFO: Run Behavior\BuildLiteBehavior [ RunTime:0.000000s ]
INFO: [ app_init ] --END-- [ RunTime:0.001000s ]
INFO: [ app_begin ] --START--
INFO: Run Behavior\ReadHtmlCacheBehavior [ RunTime:0.001000s ]
INFO: [ app_begin ] --END-- [ RunTime:0.001000s ]
SQL: SHOW COLUMNS FROM `user` [ RunTime:0.0060s ]
NOTIC: [8] Undefined index: validate D:\WWW\lianshuomai\ThinkPHP\Library\Think\Model.class.php 第 1185 行.
SQL: SELECT * FROM `user` WHERE `username` = 'tom' LIMIT 1   [ RunTime:0.0000s ]
INFO: [ view_parse ] --START--
INFO: [ template_filter ] --START--
INFO: Run Behavior\ContentReplaceBehavior [ RunTime:0.000000s ]
INFO: [ template_filter ] --END-- [ RunTime:0.001000s ]
NOTIC: [8] Undefined index: password D:\WWW\lianshuomai\Application\Runtime\Cache\Home\3359adbadf95118621a5c500fb3ff893.php 第 80 行.
NOTIC: [8] Undefined index: repassword D:\WWW\lianshuomai\Application\Runtime\Cache\Home\3359adbadf95118621a5c500fb3ff893.php 第 86 行.
NOTIC: [8] Undefined index: nick D:\WWW\lianshuomai\Application\Runtime\Cache\Home\3359adbadf95118621a5c500fb3ff893.php 第 91 行.
NOTIC: [8] Undefined index: email D:\WWW\lianshuomai\Application\Runtime\Cache\Home\3359adbadf95118621a5c500fb3ff893.php 第 101 行.
NOTIC: [8] Undefined index: phone D:\WWW\lianshuomai\Application\Runtime\Cache\Home\3359adbadf95118621a5c500fb3ff893.php 第 106 行.
NOTIC: [8] Undefined index: addr D:\WWW\lianshuomai\Application\Runtime\Cache\Home\3359adbadf95118621a5c500fb3ff893.php 第 111 行.
INFO: Run Behavior\ParseTemplateBehavior [ RunTime:0.022000s ]
INFO: [ view_parse ] --END-- [ RunTime:0.022000s ]
INFO: [ view_filter ] --START--
INFO: Run Behavior\WriteHtmlCacheBehavior [ RunTime:0.001000s ]
INFO: [ view_filter ] --END-- [ RunTime:0.001000s ]
INFO: [ app_end ] --START--
INFO: Run Behavior\ShowPageTraceBehavior [ RunTime:0.002000s ]
INFO: [ app_end ] --END-- [ RunTime:0.002000s ]

[ 2017-09-14T21:15:10+08:00 ] ::1 /lianshuomai/index.php/Home/User/jquery-1.8.3.js
INFO: [ app_init ] --START--
INFO: Run Behavior\BuildLiteBehavior [ RunTime:0.000000s ]
INFO: [ app_init ] --END-- [ RunTime:0.000000s ]
INFO: [ app_begin ] --START--
INFO: Run Behavior\ReadHtmlCacheBehavior [ RunTime:0.001000s ]
INFO: [ app_begin ] --END-- [ RunTime:0.001000s ]
ERR: 非法操作:jquery-1.8.3.js

[ 2017-09-14T21:15:24+08:00 ] ::1 /lianshuomai/index.php/Home/User/save
INFO: [ app_init ] --START--
INFO: Run Behavior\BuildLiteBehavior [ RunTime:0.000000s ]
INFO: [ app_init ] --END-- [ RunTime:0.001000s ]
INFO: [ app_begin ] --START--
INFO: Run Behavior\ReadHtmlCacheBehavior [ RunTime:0.001000s ]
INFO: [ app_begin ] --END-- [ RunTime:0.001000s ]
SQL: SHOW COLUMNS FROM `user` [ RunTime:0.0060s ]
NOTIC: [8] Undefined index: validate D:\WWW\lianshuomai\ThinkPHP\Library\Think\Model.class.php 第 1185 行.
SQL: SELECT * FROM `user` WHERE `username` = 'tom01@qq.com' LIMIT 1   [ RunTime:0.0010s ]
INFO: [ view_parse ] --START--
INFO: [ template_filter ] --START--
INFO: Run Behavior\ContentReplaceBehavior [ RunTime:0.000000s ]
INFO: [ template_filter ] --END-- [ RunTime:0.000000s ]
NOTIC: [8] Undefined index: password D:\WWW\lianshuomai\Application\Runtime\Cache\Home\3359adbadf95118621a5c500fb3ff893.php 第 80 行.
NOTIC: [8] Undefined index: repassword D:\WWW\lianshuomai\Application\Runtime\Cache\Home\3359adbadf95118621a5c500fb3ff893.php 第 86 行.
NOTIC: [8] Undefined index: nick D:\WWW\lianshuomai\Application\Runtime\Cache\Home\3359adbadf95118621a5c500fb3ff893.php 第 91 行.
NOTIC: [8] Undefined index: email D:\WWW\lianshuomai\Application\Runtime\Cache\Home\3359adbadf95118621a5c500fb3ff893.php 第 101 行.
NOTIC: [8] Undefined index: phone D:\WWW\lianshuomai\Application\Runtime\Cache\Home\3359adbadf95118621a5c500fb3ff893.php 第 106 行.
NOTIC: [8] Undefined index: addr D:\WWW\lianshuomai\Application\Runtime\Cache\Home\3359adbadf95118621a5c500fb3ff893.php 第 111 行.
INFO: Run Behavior\ParseTemplateBehavior [ RunTime:0.024000s ]
INFO: [ view_parse ] --END-- [ RunTime:0.024000s ]
INFO: [ view_filter ] --START--
INFO: Run Behavior\WriteHtmlCacheBehavior [ RunTime:0.001000s ]
INFO: [ view_filter ] --END-- [ RunTime:0.001000s ]
INFO: [ app_end ] --START--
INFO: Run Behavior\ShowPageTraceBehavior [ RunTime:0.002000s ]
INFO: [ app_end ] --END-- [ RunTime:0.002000s ]

[ 2017-09-14T21:15:25+08:00 ] ::1 /lianshuomai/index.php/Home/User/jquery-1.8.3.js
INFO: [ app_init ] --START--
INFO: Run Behavior\BuildLiteBehavior [ RunTime:0.000000s ]
INFO: [ app_init ] --END-- [ RunTime:0.001000s ]
INFO: [ app_begin ] --START--
INFO: Run Behavior\ReadHtmlCacheBehavior [ RunTime:0.001000s ]
INFO: [ app_begin ] --END-- [ RunTime:0.001000s ]
ERR: 非法操作:jquery-1.8.3.js

[ 2017-09-14T21:15:34+08:00 ] ::1 /lianshuomai/index.php/Home/User/save
INFO: [ app_init ] --START--
INFO: Run Behavior\BuildLiteBehavior [ RunTime:0.001000s ]
INFO: [ app_init ] --END-- [ RunTime:0.001000s ]
INFO: [ app_begin ] --START--
INFO: Run Behavior\ReadHtmlCacheBehavior [ RunTime:0.000000s ]
INFO: [ app_begin ] --END-- [ RunTime:0.000000s ]
SQL: SHOW COLUMNS FROM `user` [ RunTime:0.0050s ]
NOTIC: [8] Undefined index: validate D:\WWW\lianshuomai\ThinkPHP\Library\Think\Model.class.php 第 1185 行.
SQL: SELECT * FROM `user` WHERE `username` = 'tom02@qq.com' LIMIT 1   [ RunTime:0.0010s ]
NOTIC: [8] Undefined index: auto D:\WWW\lianshuomai\ThinkPHP\Library\Think\Model.class.php 第 1128 行.
SQL: INSERT INTO `user` (`username`,`password`,`nick`,`email`,`addr`) VALUES ('tom02@qq.com','e10adc3949ba59abbe56e057f20f883e','ttt','tom@qq.com','石家庄') [ RunTime:0.0010s ]
INFO: [ view_parse ] --START--
INFO: [ template_filter ] --START--
INFO: Run Behavior\ContentReplaceBehavior [ RunTime:0.000000s ]
INFO: [ template_filter ] --END-- [ RunTime:0.001000s ]
INFO: Run Behavior\ParseTemplateBehavior [ RunTime:0.019000s ]
INFO: [ view_parse ] --END-- [ RunTime:0.019000s ]
INFO: [ view_filter ] --START--
INFO: Run Behavior\WriteHtmlCacheBehavior [ RunTime:0.001000s ]
INFO: [ view_filter ] --END-- [ RunTime:0.001000s ]
INFO: [ app_end ] --START--
INFO: Run Behavior\ShowPageTraceBehavior [ RunTime:0.002000s ]
INFO: [ app_end ] --END-- [ RunTime:0.002000s ]

[ 2017-09-14T21:15:36+08:00 ] ::1 /lianshuomai/index.php/Home/Index/index.html
INFO: [ app_init ] --START--
INFO: Run Behavior\BuildLiteBehavior [ RunTime:0.000000s ]
INFO: [ app_init ] --END-- [ RunTime:0.000000s ]
INFO: [ app_begin ] --START--
INFO: Run Behavior\ReadHtmlCacheBehavior [ RunTime:0.001000s ]
INFO: [ app_begin ] --END-- [ RunTime:0.001000s ]
INFO: [ view_parse ] --START--
INFO: [ template_filter ] --START--
INFO: Run Behavior\ContentReplaceBehavior [ RunTime:0.001000s ]
INFO: [ template_filter ] --END-- [ RunTime:0.001000s ]
INFO: Run Behavior\ParseTemplateBehavior [ RunTime:0.036000s ]
INFO: [ view_parse ] --END-- [ RunTime:0.036000s ]
INFO: [ view_filter ] --START--
INFO: Run Behavior\WriteHtmlCacheBehavior [ RunTime:0.000000s ]
INFO: [ view_filter ] --END-- [ RunTime:0.000000s ]
INFO: [ app_end ] --START--
INFO: Run Behavior\ShowPageTraceBehavior [ RunTime:0.000000s ]
INFO: [ app_end ] --END-- [ RunTime:0.000000s ]

[ 2017-09-14T21:15:36+08:00 ] ::1 /lianshuomai/index.php/Home/Index/img/01.jpg
INFO: [ app_init ] --START--
INFO: Run Behavior\BuildLiteBehavior [ RunTime:0.000000s ]
INFO: [ app_init ] --END-- [ RunTime:0.001000s ]

[ 2017-09-14T21:15:36+08:00 ] ::1 /lianshuomai/index.php/Home/Index/img/03%20.jpg
INFO: [ app_init ] --START--
INFO: Run Behavior\BuildLiteBehavior [ RunTime:0.000000s ]
INFO: [ app_init ] --END-- [ RunTime:0.001000s ]

[ 2017-09-14T21:15:36+08:00 ] ::1 /lianshuomai/index.php/Home/Index/img/05.jpg
INFO: [ app_init ] --START--
INFO: Run Behavior\BuildLiteBehavior [ RunTime:0.000000s ]
INFO: [ app_init ] --END-- [ RunTime:0.001000s ]

[ 2017-09-14T21:15:37+08:00 ] ::1 /lianshuomai/index.php/Home/Index/php/header.php
INFO: [ app_init ] --START--
INFO: Run Behavior\BuildLiteBehavior [ RunTime:0.000000s ]
INFO: [ app_init ] --END-- [ RunTime:0.001000s ]
INFO: [ app_begin ] --START--
INFO: Run Behavior\ReadHtmlCacheBehavior [ RunTime:0.000000s ]
INFO: [ app_begin ] --END-- [ RunTime:0.000000s ]
ERR: 非法操作:php

[ 2017-09-14T21:16:15+08:00 ] ::1 /lianshuomai/index.php
INFO: [ app_init ] --START--
INFO: Run Behavior\BuildLiteBehavior [ RunTime:0.000000s ]
INFO: [ app_init ] --END-- [ RunTime:0.001000s ]
INFO: [ app_begin ] --START--
INFO: Run Behavior\ReadHtmlCacheBehavior [ RunTime:0.002000s ]
INFO: [ app_begin ] --END-- [ RunTime:0.002000s ]
INFO: [ view_parse ] --START--
INFO: [ template_filter ] --START--
INFO: Run Behavior\ContentReplaceBehavior [ RunTime:0.001000s ]
INFO: [ template_filter ] --END-- [ RunTime:0.001000s ]
INFO: Run Behavior\ParseTemplateBehavior [ RunTime:0.037000s ]
INFO: [ view_parse ] --END-- [ RunTime:0.038000s ]
INFO: [ view_filter ] --START--
INFO: Run Behavior\WriteHtmlCacheBehavior [ RunTime:0.000000s ]
INFO: [ view_filter ] --END-- [ RunTime:0.000000s ]
INFO: [ app_end ] --START--
INFO: Run Behavior\ShowPageTraceBehavior [ RunTime:0.001000s ]
INFO: [ app_end ] --END-- [ RunTime:0.001000s ]

[ 2017-09-14T21:16:20+08:00 ] ::1 /lianshuomai/index.php
INFO: [ app_init ] --START--
INFO: Run Behavior\BuildLiteBehavior [ RunTime:0.000000s ]
INFO: [ app_init ] --END-- [ RunTime:0.001000s ]
INFO: [ app_begin ] --START--
INFO: Run Behavior\ReadHtmlCacheBehavior [ RunTime:0.001000s ]
INFO: [ app_begin ] --END-- [ RunTime:0.001000s ]
INFO: [ view_parse ] --START--
INFO: [ template_filter ] --START--
INFO: Run Behavior\ContentReplaceBehavior [ RunTime:0.000000s ]
INFO: [ template_filter ] --END-- [ RunTime:0.000000s ]
INFO: Run Behavior\ParseTemplateBehavior [ RunTime:0.035000s ]
INFO: [ view_parse ] --END-- [ RunTime:0.035000s ]
INFO: [ view_filter ] --START--
INFO: Run Behavior\WriteHtmlCacheBehavior [ RunTime:0.000000s ]
INFO: [ view_filter ] --END-- [ RunTime:0.000000s ]
INFO: [ app_end ] --START--
INFO: Run Behavior\ShowPageTraceBehavior [ RunTime:0.001000s ]
INFO: [ app_end ] --END-- [ RunTime:0.001000s ]

[ 2017-09-14T21:23:43+08:00 ] ::1 /lianshuomai/index.php
INFO: [ app_init ] --START--
INFO: Run Behavior\BuildLiteBehavior [ RunTime:0.000000s ]
INFO: [ app_init ] --END-- [ RunTime:0.001000s ]
INFO: [ app_begin ] --START--
INFO: Run Behavior\ReadHtmlCacheBehavior [ RunTime:0.001000s ]
INFO: [ app_begin ] --END-- [ RunTime:0.001000s ]
INFO: [ view_parse ] --START--
INFO: [ template_filter ] --START--
INFO: Run Behavior\ContentReplaceBehavior [ RunTime:0.000000s ]
INFO: [ template_filter ] --END-- [ RunTime:0.000000s ]
INFO: Run Behavior\ParseTemplateBehavior [ RunTime:0.032000s ]
INFO: [ view_parse ] --END-- [ RunTime:0.033000s ]
INFO: [ view_filter ] --START--
INFO: Run Behavior\WriteHtmlCacheBehavior [ RunTime:0.000000s ]
INFO: [ view_filter ] --END-- [ RunTime:0.000000s ]
INFO: [ app_end ] --START--
INFO: Run Behavior\ShowPageTraceBehavior [ RunTime:0.001000s ]
INFO: [ app_end ] --END-- [ RunTime:0.001000s ]

[ 2017-09-14T21:23:44+08:00 ] ::1 /lianshuomai/index.php?__hbt=1505395424437
INFO: [ app_init ] --START--
INFO: Run Behavior\BuildLiteBehavior [ RunTime:0.000000s ]
INFO: [ app_init ] --END-- [ RunTime:0.001000s ]
INFO: [ app_begin ] --START--
INFO: Run Behavior\ReadHtmlCacheBehavior [ RunTime:0.001000s ]
INFO: [ app_begin ] --END-- [ RunTime:0.001000s ]
INFO: [ view_parse ] --START--
INFO: [ template_filter ] --START--
INFO: Run Behavior\ContentReplaceBehavior [ RunTime:0.000000s ]
INFO: [ template_filter ] --END-- [ RunTime:0.000000s ]
INFO: Run Behavior\ParseTemplateBehavior [ RunTime:0.031000s ]
INFO: [ view_parse ] --END-- [ RunTime:0.031000s ]
INFO: [ view_filter ] --START--
INFO: Run Behavior\WriteHtmlCacheBehavior [ RunTime:0.000000s ]
INFO: [ view_filter ] --END-- [ RunTime:0.000000s ]
INFO: [ app_end ] --START--
INFO: Run Behavior\ShowPageTraceBehavior [ RunTime:0.001000s ]
INFO: [ app_end ] --END-- [ RunTime:0.001000s ]

[ 2017-09-14T21:23:46+08:00 ] ::1 /lianshuomai/index.php?__hbt=1505395424437
INFO: [ app_init ] --START--
INFO: Run Behavior\BuildLiteBehavior [ RunTime:0.000000s ]
INFO: [ app_init ] --END-- [ RunTime:0.000000s ]
INFO: [ app_begin ] --START--
INFO: Run Behavior\ReadHtmlCacheBehavior [ RunTime:0.000000s ]
INFO: [ app_begin ] --END-- [ RunTime:0.000000s ]
INFO: [ view_parse ] --START--
INFO: [ template_filter ] --START--
INFO: Run Behavior\ContentReplaceBehavior [ RunTime:0.000000s ]
INFO: [ template_filter ] --END-- [ RunTime:0.000000s ]
INFO: Run Behavior\ParseTemplateBehavior [ RunTime:0.035000s ]
INFO: [ view_parse ] --END-- [ RunTime:0.035000s ]
INFO: [ view_filter ] --START--
INFO: Run Behavior\WriteHtmlCacheBehavior [ RunTime:0.000000s ]
INFO: [ view_filter ] --END-- [ RunTime:0.000000s ]
INFO: [ app_end ] --START--
INFO: Run Behavior\ShowPageTraceBehavior [ RunTime:0.000000s ]
INFO: [ app_end ] --END-- [ RunTime:0.000000s ]

[ 2017-09-14T21:23:49+08:00 ] ::1 /lianshuomai/index.php/Home/User/register
INFO: [ app_init ] --START--
INFO: Run Behavior\BuildLiteBehavior [ RunTime:0.000000s ]
INFO: [ app_init ] --END-- [ RunTime:0.001000s ]
INFO: [ app_begin ] --START--
INFO: Run Behavior\ReadHtmlCacheBehavior [ RunTime:0.001000s ]
INFO: [ app_begin ] --END-- [ RunTime:0.001000s ]
INFO: [ view_parse ] --START--
INFO: [ template_filter ] --START--
INFO: Run Behavior\ContentReplaceBehavior [ RunTime:0.000000s ]
INFO: [ template_filter ] --END-- [ RunTime:0.000000s ]
NOTIC: [8] Undefined variable: arr D:\WWW\lianshuomai\Application\Runtime\Cache\Home\3359adbadf95118621a5c500fb3ff893.php 第 74 行.
NOTIC: [8] Undefined variable: message D:\WWW\lianshuomai\Application\Runtime\Cache\Home\3359adbadf95118621a5c500fb3ff893.php 第 75 行.
NOTIC: [8] Undefined variable: arr D:\WWW\lianshuomai\Application\Runtime\Cache\Home\3359adbadf95118621a5c500fb3ff893.php 第 79 行.
NOTIC: [8] Undefined variable: message D:\WWW\lianshuomai\Application\Runtime\Cache\Home\3359adbadf95118621a5c500fb3ff893.php 第 80 行.
NOTIC: [8] Undefined variable: arr D:\WWW\lianshuomai\Application\Runtime\Cache\Home\3359adbadf95118621a5c500fb3ff893.php 第 85 行.
NOTIC: [8] Undefined variable: message D:\WWW\lianshuomai\Application\Runtime\Cache\Home\3359adbadf95118621a5c500fb3ff893.php 第 86 行.
NOTIC: [8] Undefined variable: arr D:\WWW\lianshuomai\Application\Runtime\Cache\Home\3359adbadf95118621a5c500fb3ff893.php 第 90 行.
NOTIC: [8] Undefined variable: message D:\WWW\lianshuomai\Application\Runtime\Cache\Home\3359adbadf95118621a5c500fb3ff893.php 第 91 行.
NOTIC: [8] Undefined variable: arr D:\WWW\lianshuomai\Application\Runtime\Cache\Home\3359adbadf95118621a5c500fb3ff893.php 第 100 行.
NOTIC: [8] Undefined variable: message D:\WWW\lianshuomai\Application\Runtime\Cache\Home\3359adbadf95118621a5c500fb3ff893.php 第 101 行.
NOTIC: [8] Undefined variable: arr D:\WWW\lianshuomai\Application\Runtime\Cache\Home\3359adbadf95118621a5c500fb3ff893.php 第 105 行.
NOTIC: [8] Undefined variable: message D:\WWW\lianshuomai\Application\Runtime\Cache\Home\3359adbadf95118621a5c500fb3ff893.php 第 106 行.
NOTIC: [8] Undefined variable: arr D:\WWW\lianshuomai\Application\Runtime\Cache\Home\3359adbadf95118621a5c500fb3ff893.php 第 110 行.
NOTIC: [8] Undefined variable: message D:\WWW\lianshuomai\Application\Runtime\Cache\Home\3359adbadf95118621a5c500fb3ff893.php 第 111 行.
INFO: Run Behavior\ParseTemplateBehavior [ RunTime:0.009000s ]
INFO: [ view_parse ] --END-- [ RunTime:0.010000s ]
INFO: [ view_filter ] --START--
INFO: Run Behavior\WriteHtmlCacheBehavior [ RunTime:0.000000s ]
INFO: [ view_filter ] --END-- [ RunTime:0.000000s ]
INFO: [ app_end ] --START--
INFO: Run Behavior\ShowPageTraceBehavior [ RunTime:0.001000s ]
INFO: [ app_end ] --END-- [ RunTime:0.001000s ]

[ 2017-09-14T21:23:49+08:00 ] ::1 /lianshuomai/index.php/Home/User/jquery-1.8.3.js
INFO: [ app_init ] --START--
INFO: Run Behavior\BuildLiteBehavior [ RunTime:0.000000s ]
INFO: [ app_init ] --END-- [ RunTime:0.000000s ]
INFO: [ app_begin ] --START--
INFO: Run Behavior\ReadHtmlCacheBehavior [ RunTime:0.000000s ]
INFO: [ app_begin ] --END-- [ RunTime:0.000000s ]
ERR: 非法操作:jquery-1.8.3.js

[ 2017-09-14T21:23:55+08:00 ] ::1 /lianshuomai/index.php/Home/User/save
INFO: [ app_init ] --START--
INFO: Run Behavior\BuildLiteBehavior [ RunTime:0.000000s ]
INFO: [ app_init ] --END-- [ RunTime:0.001000s ]
INFO: [ app_begin ] --START--
INFO: Run Behavior\ReadHtmlCacheBehavior [ RunTime:0.001000s ]
INFO: [ app_begin ] --END-- [ RunTime:0.001000s ]
SQL: SHOW COLUMNS FROM `user` [ RunTime:0.0060s ]
NOTIC: [8] Undefined index: validate D:\WWW\lianshuomai\ThinkPHP\Library\Think\Model.class.php 第 1185 行.
SQL: SELECT * FROM `user` WHERE `username` = '' LIMIT 1   [ RunTime:0.0010s ]
INFO: [ view_parse ] --START--
INFO: [ template_filter ] --START--
INFO: Run Behavior\ContentReplaceBehavior [ RunTime:0.000000s ]
INFO: [ template_filter ] --END-- [ RunTime:0.000000s ]
NOTIC: [8] Undefined index: repassword D:\WWW\lianshuomai\Application\Runtime\Cache\Home\3359adbadf95118621a5c500fb3ff893.php 第 86 行.
NOTIC: [8] Undefined index: addr D:\WWW\lianshuomai\Application\Runtime\Cache\Home\3359adbadf95118621a5c500fb3ff893.php 第 111 行.
INFO: Run Behavior\ParseTemplateBehavior [ RunTime:0.021000s ]
INFO: [ view_parse ] --END-- [ RunTime:0.021000s ]
INFO: [ view_filter ] --START--
INFO: Run Behavior\WriteHtmlCacheBehavior [ RunTime:0.001000s ]
INFO: [ view_filter ] --END-- [ RunTime:0.001000s ]
INFO: [ app_end ] --START--
INFO: Run Behavior\ShowPageTraceBehavior [ RunTime:0.001000s ]
INFO: [ app_end ] --END-- [ RunTime:0.001000s ]

[ 2017-09-14T21:23:55+08:00 ] ::1 /lianshuomai/index.php/Home/User/jquery-1.8.3.js
INFO: [ app_init ] --START--
INFO: Run Behavior\BuildLiteBehavior [ RunTime:0.000000s ]
INFO: [ app_init ] --END-- [ RunTime:0.001000s ]
INFO: [ app_begin ] --START--
INFO: Run Behavior\ReadHtmlCacheBehavior [ RunTime:0.000000s ]
INFO: [ app_begin ] --END-- [ RunTime:0.001000s ]
ERR: 非法操作:jquery-1.8.3.js

