[ 2017-09-13T20:48:41+08:00 ] ::1 /lianshuomai/index.php
INFO: [ app_init ] --START--
INFO: Run Behavior\BuildLiteBehavior [ RunTime:0.000000s ]
INFO: [ app_init ] --END-- [ RunTime:0.000000s ]
INFO: [ app_begin ] --START--
INFO: Run Behavior\ReadHtmlCacheBehavior [ RunTime:0.001000s ]
INFO: [ app_begin ] --END-- [ RunTime:0.001000s ]
INFO: [ view_parse ] --START--
INFO: [ template_filter ] --START--
INFO: Run Behavior\ContentReplaceBehavior [ RunTime:0.000000s ]
INFO: [ template_filter ] --END-- [ RunTime:0.000000s ]
INFO: Run Behavior\ParseTemplateBehavior [ RunTime:0.120000s ]
INFO: [ view_parse ] --END-- [ RunTime:0.120000s ]
INFO: [ view_filter ] --START--
INFO: Run Behavior\WriteHtmlCacheBehavior [ RunTime:0.000000s ]
INFO: [ view_filter ] --END-- [ RunTime:0.000000s ]
INFO: [ app_end ] --START--
INFO: Run Behavior\ShowPageTraceBehavior [ RunTime:0.000000s ]
INFO: [ app_end ] --END-- [ RunTime:0.001000s ]

[ 2017-09-13T20:48:43+08:00 ] ::1 /lianshuomai/index.php?__hbt=1505306922981
INFO: [ app_init ] --START--
INFO: Run Behavior\BuildLiteBehavior [ RunTime:0.000000s ]
INFO: [ app_init ] --END-- [ RunTime:0.000000s ]
INFO: [ app_begin ] --START--
INFO: Run Behavior\ReadHtmlCacheBehavior [ RunTime:0.000000s ]
INFO: [ app_begin ] --END-- [ RunTime:0.000000s ]
INFO: [ view_parse ] --START--
INFO: [ template_filter ] --START--
INFO: Run Behavior\ContentReplaceBehavior [ RunTime:0.000000s ]
INFO: [ template_filter ] --END-- [ RunTime:0.000000s ]
INFO: Run Behavior\ParseTemplateBehavior [ RunTime:0.031000s ]
INFO: [ view_parse ] --END-- [ RunTime:0.031000s ]
INFO: [ view_filter ] --START--
INFO: Run Behavior\WriteHtmlCacheBehavior [ RunTime:0.000000s ]
INFO: [ view_filter ] --END-- [ RunTime:0.000000s ]
INFO: [ app_end ] --START--
INFO: Run Behavior\ShowPageTraceBehavior [ RunTime:0.001000s ]
INFO: [ app_end ] --END-- [ RunTime:0.001000s ]

[ 2017-09-13T20:48:45+08:00 ] ::1 /lianshuomai/index.php/Home/User/register
INFO: [ app_init ] --START--
INFO: Run Behavior\BuildLiteBehavior [ RunTime:0.000000s ]
INFO: [ app_init ] --END-- [ RunTime:0.000000s ]
INFO: [ app_begin ] --START--
INFO: Run Behavior\ReadHtmlCacheBehavior [ RunTime:0.001000s ]
INFO: [ app_begin ] --END-- [ RunTime:0.001000s ]
INFO: [ view_parse ] --START--
INFO: [ template_filter ] --START--
INFO: Run Behavior\ContentReplaceBehavior [ RunTime:0.000000s ]
INFO: [ template_filter ] --END-- [ RunTime:0.000000s ]
NOTIC: [8] Undefined variable: arr D:\WWW\lianshuomai\Application\Runtime\Cache\Home\3359adbadf95118621a5c500fb3ff893.php 第 50 行.
NOTIC: [8] Undefined variable: message D:\WWW\lianshuomai\Application\Runtime\Cache\Home\3359adbadf95118621a5c500fb3ff893.php 第 51 行.
NOTIC: [8] Undefined variable: arr D:\WWW\lianshuomai\Application\Runtime\Cache\Home\3359adbadf95118621a5c500fb3ff893.php 第 55 行.
NOTIC: [8] Undefined variable: message D:\WWW\lianshuomai\Application\Runtime\Cache\Home\3359adbadf95118621a5c500fb3ff893.php 第 56 行.
NOTIC: [8] Undefined variable: arr D:\WWW\lianshuomai\Application\Runtime\Cache\Home\3359adbadf95118621a5c500fb3ff893.php 第 61 行.
NOTIC: [8] Undefined variable: message D:\WWW\lianshuomai\Application\Runtime\Cache\Home\3359adbadf95118621a5c500fb3ff893.php 第 62 行.
NOTIC: [8] Undefined variable: arr D:\WWW\lianshuomai\Application\Runtime\Cache\Home\3359adbadf95118621a5c500fb3ff893.php 第 66 行.
NOTIC: [8] Undefined variable: message D:\WWW\lianshuomai\Application\Runtime\Cache\Home\3359adbadf95118621a5c500fb3ff893.php 第 67 行.
NOTIC: [8] Undefined variable: arr D:\WWW\lianshuomai\Application\Runtime\Cache\Home\3359adbadf95118621a5c500fb3ff893.php 第 71 行.
NOTIC: [8] Undefined variable: message D:\WWW\lianshuomai\Application\Runtime\Cache\Home\3359adbadf95118621a5c500fb3ff893.php 第 72 行.
NOTIC: [8] Undefined variable: arr D:\WWW\lianshuomai\Application\Runtime\Cache\Home\3359adbadf95118621a5c500fb3ff893.php 第 76 行.
NOTIC: [8] Undefined variable: message D:\WWW\lianshuomai\Application\Runtime\Cache\Home\3359adbadf95118621a5c500fb3ff893.php 第 77 行.
NOTIC: [8] Undefined variable: arr D:\WWW\lianshuomai\Application\Runtime\Cache\Home\3359adbadf95118621a5c500fb3ff893.php 第 81 行.
NOTIC: [8] Undefined variable: message D:\WWW\lianshuomai\Application\Runtime\Cache\Home\3359adbadf95118621a5c500fb3ff893.php 第 82 行.
INFO: Run Behavior\ParseTemplateBehavior [ RunTime:0.010000s ]
INFO: [ view_parse ] --END-- [ RunTime:0.010000s ]
INFO: [ view_filter ] --START--
INFO: Run Behavior\WriteHtmlCacheBehavior [ RunTime:0.000000s ]
INFO: [ view_filter ] --END-- [ RunTime:0.000000s ]
INFO: [ app_end ] --START--
INFO: Run Behavior\ShowPageTraceBehavior [ RunTime:0.000000s ]
INFO: [ app_end ] --END-- [ RunTime:0.001000s ]

[ 2017-09-13T20:48:45+08:00 ] ::1 /lianshuomai/index.php/Home/User/jquery-1.8.3.js
INFO: [ app_init ] --START--
INFO: Run Behavior\BuildLiteBehavior [ RunTime:0.000000s ]
INFO: [ app_init ] --END-- [ RunTime:0.000000s ]
INFO: [ app_begin ] --START--
INFO: Run Behavior\ReadHtmlCacheBehavior [ RunTime:0.000000s ]
INFO: [ app_begin ] --END-- [ RunTime:0.000000s ]
ERR: 非法操作:jquery-1.8.3.js

[ 2017-09-13T20:49:01+08:00 ] ::1 /lianshuomai/index.php/Home/User/save
INFO: [ app_init ] --START--
INFO: Run Behavior\BuildLiteBehavior [ RunTime:0.000000s ]
INFO: [ app_init ] --END-- [ RunTime:0.001000s ]
INFO: [ app_begin ] --START--
INFO: Run Behavior\ReadHtmlCacheBehavior [ RunTime:0.001000s ]
INFO: [ app_begin ] --END-- [ RunTime:0.001000s ]
SQL: SHOW COLUMNS FROM `user` [ RunTime:0.0050s ]
NOTIC: [8] Undefined index: validate D:\WWW\lianshuomai\ThinkPHP\Library\Think\Model.class.php 第 1185 行.
SQL: SELECT * FROM `user` WHERE `username` = 'tom' LIMIT 1   [ RunTime:0.0000s ]
INFO: [ app_end ] --START--
INFO: Run Behavior\ShowPageTraceBehavior [ RunTime:0.002000s ]
INFO: [ app_end ] --END-- [ RunTime:0.002000s ]

[ 2017-09-13T20:49:04+08:00 ] ::1 /lianshuomai/index.php/Home/User/jquery-1.8.3.js
INFO: [ app_init ] --START--
INFO: Run Behavior\BuildLiteBehavior [ RunTime:0.000000s ]
INFO: [ app_init ] --END-- [ RunTime:0.000000s ]
INFO: [ app_begin ] --START--
INFO: Run Behavior\ReadHtmlCacheBehavior [ RunTime:0.001000s ]
INFO: [ app_begin ] --END-- [ RunTime:0.001000s ]
ERR: 非法操作:jquery-1.8.3.js

[ 2017-09-13T20:50:35+08:00 ] ::1 /lianshuomai/index.php
INFO: [ app_init ] --START--
INFO: Run Behavior\BuildLiteBehavior [ RunTime:0.001000s ]
INFO: [ app_init ] --END-- [ RunTime:0.001000s ]
INFO: [ app_begin ] --START--
INFO: Run Behavior\ReadHtmlCacheBehavior [ RunTime:0.001000s ]
INFO: [ app_begin ] --END-- [ RunTime:0.001000s ]
INFO: [ view_parse ] --START--
INFO: [ template_filter ] --START--
INFO: Run Behavior\ContentReplaceBehavior [ RunTime:0.000000s ]
INFO: [ template_filter ] --END-- [ RunTime:0.000000s ]
INFO: Run Behavior\ParseTemplateBehavior [ RunTime:0.042000s ]
INFO: [ view_parse ] --END-- [ RunTime:0.042000s ]
INFO: [ view_filter ] --START--
INFO: Run Behavior\WriteHtmlCacheBehavior [ RunTime:0.000000s ]
INFO: [ view_filter ] --END-- [ RunTime:0.000000s ]
INFO: [ app_end ] --START--
INFO: Run Behavior\ShowPageTraceBehavior [ RunTime:0.001000s ]
INFO: [ app_end ] --END-- [ RunTime:0.001000s ]

[ 2017-09-13T20:52:21+08:00 ] ::1 /lianshuomai/index.php
INFO: [ app_init ] --START--
INFO: Run Behavior\BuildLiteBehavior [ RunTime:0.000000s ]
INFO: [ app_init ] --END-- [ RunTime:0.001000s ]
INFO: [ app_begin ] --START--
INFO: Run Behavior\ReadHtmlCacheBehavior [ RunTime:0.001000s ]
INFO: [ app_begin ] --END-- [ RunTime:0.001000s ]
INFO: [ view_parse ] --START--
INFO: [ template_filter ] --START--
INFO: Run Behavior\ContentReplaceBehavior [ RunTime:0.001000s ]
INFO: [ template_filter ] --END-- [ RunTime:0.001000s ]
INFO: Run Behavior\ParseTemplateBehavior [ RunTime:0.053000s ]
INFO: [ view_parse ] --END-- [ RunTime:0.053000s ]
INFO: [ view_filter ] --START--
INFO: Run Behavior\WriteHtmlCacheBehavior [ RunTime:0.001000s ]
INFO: [ view_filter ] --END-- [ RunTime:0.001000s ]
INFO: [ app_end ] --START--
INFO: Run Behavior\ShowPageTraceBehavior [ RunTime:0.001000s ]
INFO: [ app_end ] --END-- [ RunTime:0.001000s ]

[ 2017-09-13T20:52:22+08:00 ] ::1 /lianshuomai/index.php?__hbt=1505307142373
INFO: [ app_init ] --START--
INFO: Run Behavior\BuildLiteBehavior [ RunTime:0.000000s ]
INFO: [ app_init ] --END-- [ RunTime:0.000000s ]
INFO: [ app_begin ] --START--
INFO: Run Behavior\ReadHtmlCacheBehavior [ RunTime:0.000000s ]
INFO: [ app_begin ] --END-- [ RunTime:0.000000s ]
INFO: [ view_parse ] --START--
INFO: [ template_filter ] --START--
INFO: Run Behavior\ContentReplaceBehavior [ RunTime:0.001000s ]
INFO: [ template_filter ] --END-- [ RunTime:0.001000s ]
INFO: Run Behavior\ParseTemplateBehavior [ RunTime:0.033000s ]
INFO: [ view_parse ] --END-- [ RunTime:0.033000s ]
INFO: [ view_filter ] --START--
INFO: Run Behavior\WriteHtmlCacheBehavior [ RunTime:0.000000s ]
INFO: [ view_filter ] --END-- [ RunTime:0.000000s ]
INFO: [ app_end ] --START--
INFO: Run Behavior\ShowPageTraceBehavior [ RunTime:0.000000s ]
INFO: [ app_end ] --END-- [ RunTime:0.000000s ]

[ 2017-09-13T20:52:24+08:00 ] ::1 /lianshuomai/index.php/Home/User/register
INFO: [ app_init ] --START--
INFO: Run Behavior\BuildLiteBehavior [ RunTime:0.000000s ]
INFO: [ app_init ] --END-- [ RunTime:0.001000s ]
INFO: [ app_begin ] --START--
INFO: Run Behavior\ReadHtmlCacheBehavior [ RunTime:0.001000s ]
INFO: [ app_begin ] --END-- [ RunTime:0.001000s ]
INFO: [ view_parse ] --START--
INFO: [ template_filter ] --START--
INFO: Run Behavior\ContentReplaceBehavior [ RunTime:0.000000s ]
INFO: [ template_filter ] --END-- [ RunTime:0.000000s ]
NOTIC: [8] Undefined variable: arr D:\WWW\lianshuomai\Application\Runtime\Cache\Home\3359adbadf95118621a5c500fb3ff893.php 第 50 行.
NOTIC: [8] Undefined variable: message D:\WWW\lianshuomai\Application\Runtime\Cache\Home\3359adbadf95118621a5c500fb3ff893.php 第 51 行.
NOTIC: [8] Undefined variable: arr D:\WWW\lianshuomai\Application\Runtime\Cache\Home\3359adbadf95118621a5c500fb3ff893.php 第 55 行.
NOTIC: [8] Undefined variable: message D:\WWW\lianshuomai\Application\Runtime\Cache\Home\3359adbadf95118621a5c500fb3ff893.php 第 56 行.
NOTIC: [8] Undefined variable: arr D:\WWW\lianshuomai\Application\Runtime\Cache\Home\3359adbadf95118621a5c500fb3ff893.php 第 61 行.
NOTIC: [8] Undefined variable: message D:\WWW\lianshuomai\Application\Runtime\Cache\Home\3359adbadf95118621a5c500fb3ff893.php 第 62 行.
NOTIC: [8] Undefined variable: arr D:\WWW\lianshuomai\Application\Runtime\Cache\Home\3359adbadf95118621a5c500fb3ff893.php 第 66 行.
NOTIC: [8] Undefined variable: message D:\WWW\lianshuomai\Application\Runtime\Cache\Home\3359adbadf95118621a5c500fb3ff893.php 第 67 行.
NOTIC: [8] Undefined variable: arr D:\WWW\lianshuomai\Application\Runtime\Cache\Home\3359adbadf95118621a5c500fb3ff893.php 第 71 行.
NOTIC: [8] Undefined variable: message D:\WWW\lianshuomai\Application\Runtime\Cache\Home\3359adbadf95118621a5c500fb3ff893.php 第 72 行.
NOTIC: [8] Undefined variable: arr D:\WWW\lianshuomai\Application\Runtime\Cache\Home\3359adbadf95118621a5c500fb3ff893.php 第 76 行.
NOTIC: [8] Undefined variable: message D:\WWW\lianshuomai\Application\Runtime\Cache\Home\3359adbadf95118621a5c500fb3ff893.php 第 77 行.
NOTIC: [8] Undefined variable: arr D:\WWW\lianshuomai\Application\Runtime\Cache\Home\3359adbadf95118621a5c500fb3ff893.php 第 81 行.
NOTIC: [8] Undefined variable: message D:\WWW\lianshuomai\Application\Runtime\Cache\Home\3359adbadf95118621a5c500fb3ff893.php 第 82 行.
INFO: Run Behavior\ParseTemplateBehavior [ RunTime:0.008000s ]
INFO: [ view_parse ] --END-- [ RunTime:0.008000s ]
INFO: [ view_filter ] --START--
INFO: Run Behavior\WriteHtmlCacheBehavior [ RunTime:0.000000s ]
INFO: [ view_filter ] --END-- [ RunTime:0.000000s ]
INFO: [ app_end ] --START--
INFO: Run Behavior\ShowPageTraceBehavior [ RunTime:0.001000s ]
INFO: [ app_end ] --END-- [ RunTime:0.001000s ]

[ 2017-09-13T20:52:24+08:00 ] ::1 /lianshuomai/index.php/Home/User/jquery-1.8.3.js
INFO: [ app_init ] --START--
INFO: Run Behavior\BuildLiteBehavior [ RunTime:0.000000s ]
INFO: [ app_init ] --END-- [ RunTime:0.000000s ]
INFO: [ app_begin ] --START--
INFO: Run Behavior\ReadHtmlCacheBehavior [ RunTime:0.000000s ]
INFO: [ app_begin ] --END-- [ RunTime:0.000000s ]
ERR: 非法操作:jquery-1.8.3.js

[ 2017-09-13T20:52:38+08:00 ] ::1 /lianshuomai/index.php/Home/User/save
INFO: [ app_init ] --START--
INFO: Run Behavior\BuildLiteBehavior [ RunTime:0.000000s ]
INFO: [ app_init ] --END-- [ RunTime:0.001000s ]
INFO: [ app_begin ] --START--
INFO: Run Behavior\ReadHtmlCacheBehavior [ RunTime:0.000000s ]
INFO: [ app_begin ] --END-- [ RunTime:0.001000s ]
SQL: SHOW COLUMNS FROM `user` [ RunTime:0.0120s ]
NOTIC: [8] Undefined index: validate D:\WWW\lianshuomai\ThinkPHP\Library\Think\Model.class.php 第 1185 行.
SQL: SELECT * FROM `user` WHERE `username` = 'tom' LIMIT 1   [ RunTime:0.0030s ]
INFO: [ view_parse ] --START--
INFO: [ template_filter ] --START--
INFO: Run Behavior\ContentReplaceBehavior [ RunTime:0.000000s ]
INFO: [ template_filter ] --END-- [ RunTime:0.000000s ]
NOTIC: [8] Undefined index: password D:\WWW\lianshuomai\Application\Runtime\Cache\Home\3359adbadf95118621a5c500fb3ff893.php 第 56 行.
NOTIC: [8] Undefined index: repassword D:\WWW\lianshuomai\Application\Runtime\Cache\Home\3359adbadf95118621a5c500fb3ff893.php 第 62 行.
NOTIC: [8] Undefined index: nick D:\WWW\lianshuomai\Application\Runtime\Cache\Home\3359adbadf95118621a5c500fb3ff893.php 第 67 行.
NOTIC: [8] Undefined index: email D:\WWW\lianshuomai\Application\Runtime\Cache\Home\3359adbadf95118621a5c500fb3ff893.php 第 72 行.
NOTIC: [8] Undefined index: addr D:\WWW\lianshuomai\Application\Runtime\Cache\Home\3359adbadf95118621a5c500fb3ff893.php 第 82 行.
INFO: Run Behavior\ParseTemplateBehavior [ RunTime:0.026000s ]
INFO: [ view_parse ] --END-- [ RunTime:0.026000s ]
INFO: [ view_filter ] --START--
INFO: Run Behavior\WriteHtmlCacheBehavior [ RunTime:0.001000s ]
INFO: [ view_filter ] --END-- [ RunTime:0.001000s ]
INFO: [ app_end ] --START--
INFO: Run Behavior\ShowPageTraceBehavior [ RunTime:0.002000s ]
INFO: [ app_end ] --END-- [ RunTime:0.002000s ]

[ 2017-09-13T20:52:38+08:00 ] ::1 /lianshuomai/index.php/Home/User/jquery-1.8.3.js
INFO: [ app_init ] --START--
INFO: Run Behavior\BuildLiteBehavior [ RunTime:0.000000s ]
INFO: [ app_init ] --END-- [ RunTime:0.000000s ]
INFO: [ app_begin ] --START--
INFO: Run Behavior\ReadHtmlCacheBehavior [ RunTime:0.000000s ]
INFO: [ app_begin ] --END-- [ RunTime:0.000000s ]
ERR: 非法操作:jquery-1.8.3.js

[ 2017-09-13T20:53:38+08:00 ] ::1 /lianshuomai/index.php/Home/User/save
INFO: [ app_init ] --START--
INFO: Run Behavior\BuildLiteBehavior [ RunTime:0.000000s ]
INFO: [ app_init ] --END-- [ RunTime:0.001000s ]
INFO: [ app_begin ] --START--
INFO: Run Behavior\ReadHtmlCacheBehavior [ RunTime:0.001000s ]
INFO: [ app_begin ] --END-- [ RunTime:0.001000s ]
SQL: SHOW COLUMNS FROM `user` [ RunTime:0.0060s ]
NOTIC: [8] Undefined index: validate D:\WWW\lianshuomai\ThinkPHP\Library\Think\Model.class.php 第 1185 行.
SQL: SELECT * FROM `user` WHERE `username` = 'tom' LIMIT 1   [ RunTime:0.0010s ]
INFO: [ view_parse ] --START--
INFO: [ template_filter ] --START--
INFO: Run Behavior\ContentReplaceBehavior [ RunTime:0.000000s ]
INFO: [ template_filter ] --END-- [ RunTime:0.000000s ]
NOTIC: [8] Undefined index: password D:\WWW\lianshuomai\Application\Runtime\Cache\Home\3359adbadf95118621a5c500fb3ff893.php 第 56 行.
NOTIC: [8] Undefined index: repassword D:\WWW\lianshuomai\Application\Runtime\Cache\Home\3359adbadf95118621a5c500fb3ff893.php 第 62 行.
NOTIC: [8] Undefined index: nick D:\WWW\lianshuomai\Application\Runtime\Cache\Home\3359adbadf95118621a5c500fb3ff893.php 第 67 行.
NOTIC: [8] Undefined index: addr D:\WWW\lianshuomai\Application\Runtime\Cache\Home\3359adbadf95118621a5c500fb3ff893.php 第 82 行.
INFO: Run Behavior\ParseTemplateBehavior [ RunTime:0.020000s ]
INFO: [ view_parse ] --END-- [ RunTime:0.021000s ]
INFO: [ view_filter ] --START--
INFO: Run Behavior\WriteHtmlCacheBehavior [ RunTime:0.002000s ]
INFO: [ view_filter ] --END-- [ RunTime:0.002000s ]
INFO: [ app_end ] --START--
INFO: Run Behavior\ShowPageTraceBehavior [ RunTime:0.002000s ]
INFO: [ app_end ] --END-- [ RunTime:0.002000s ]

[ 2017-09-13T20:53:38+08:00 ] ::1 /lianshuomai/index.php/Home/User/jquery-1.8.3.js
INFO: [ app_init ] --START--
INFO: Run Behavior\BuildLiteBehavior [ RunTime:0.000000s ]
INFO: [ app_init ] --END-- [ RunTime:0.001000s ]
INFO: [ app_begin ] --START--
INFO: Run Behavior\ReadHtmlCacheBehavior [ RunTime:0.000000s ]
INFO: [ app_begin ] --END-- [ RunTime:0.000000s ]
ERR: 非法操作:jquery-1.8.3.js

[ 2017-09-13T20:57:12+08:00 ] ::1 /lianshuomai/index.php
INFO: [ app_init ] --START--
INFO: Run Behavior\BuildLiteBehavior [ RunTime:0.000000s ]
INFO: [ app_init ] --END-- [ RunTime:0.000000s ]
INFO: [ app_begin ] --START--
INFO: Run Behavior\ReadHtmlCacheBehavior [ RunTime:0.001000s ]
INFO: [ app_begin ] --END-- [ RunTime:0.001000s ]
INFO: [ view_parse ] --START--
INFO: [ template_filter ] --START--
INFO: Run Behavior\ContentReplaceBehavior [ RunTime:0.001000s ]
INFO: [ template_filter ] --END-- [ RunTime:0.001000s ]
INFO: Run Behavior\ParseTemplateBehavior [ RunTime:0.038000s ]
INFO: [ view_parse ] --END-- [ RunTime:0.038000s ]
INFO: [ view_filter ] --START--
INFO: Run Behavior\WriteHtmlCacheBehavior [ RunTime:0.000000s ]
INFO: [ view_filter ] --END-- [ RunTime:0.000000s ]
INFO: [ app_end ] --START--
INFO: Run Behavior\ShowPageTraceBehavior [ RunTime:0.002000s ]
INFO: [ app_end ] --END-- [ RunTime:0.002000s ]

[ 2017-09-13T20:57:14+08:00 ] ::1 /lianshuomai/index.php?__hbt=1505307433821
INFO: [ app_init ] --START--
INFO: Run Behavior\BuildLiteBehavior [ RunTime:0.001000s ]
INFO: [ app_init ] --END-- [ RunTime:0.001000s ]
INFO: [ app_begin ] --START--
INFO: Run Behavior\ReadHtmlCacheBehavior [ RunTime:0.001000s ]
INFO: [ app_begin ] --END-- [ RunTime:0.001000s ]
INFO: [ view_parse ] --START--
INFO: [ template_filter ] --START--
INFO: Run Behavior\ContentReplaceBehavior [ RunTime:0.000000s ]
INFO: [ template_filter ] --END-- [ RunTime:0.001000s ]
INFO: Run Behavior\ParseTemplateBehavior [ RunTime:0.033000s ]
INFO: [ view_parse ] --END-- [ RunTime:0.033000s ]
INFO: [ view_filter ] --START--
INFO: Run Behavior\WriteHtmlCacheBehavior [ RunTime:0.000000s ]
INFO: [ view_filter ] --END-- [ RunTime:0.000000s ]
INFO: [ app_end ] --START--
INFO: Run Behavior\ShowPageTraceBehavior [ RunTime:0.001000s ]
INFO: [ app_end ] --END-- [ RunTime:0.001000s ]

[ 2017-09-13T20:57:15+08:00 ] ::1 /lianshuomai/index.php/Home/User/register
INFO: [ app_init ] --START--
INFO: Run Behavior\BuildLiteBehavior [ RunTime:0.000000s ]
INFO: [ app_init ] --END-- [ RunTime:0.000000s ]
INFO: [ app_begin ] --START--
INFO: Run Behavior\ReadHtmlCacheBehavior [ RunTime:0.000000s ]
INFO: [ app_begin ] --END-- [ RunTime:0.001000s ]
INFO: [ view_parse ] --START--
INFO: [ template_filter ] --START--
INFO: Run Behavior\ContentReplaceBehavior [ RunTime:0.000000s ]
INFO: [ template_filter ] --END-- [ RunTime:0.000000s ]
NOTIC: [8] Undefined variable: arr D:\WWW\lianshuomai\Application\Runtime\Cache\Home\3359adbadf95118621a5c500fb3ff893.php 第 50 行.
NOTIC: [8] Undefined variable: message D:\WWW\lianshuomai\Application\Runtime\Cache\Home\3359adbadf95118621a5c500fb3ff893.php 第 51 行.
NOTIC: [8] Undefined variable: arr D:\WWW\lianshuomai\Application\Runtime\Cache\Home\3359adbadf95118621a5c500fb3ff893.php 第 55 行.
NOTIC: [8] Undefined variable: message D:\WWW\lianshuomai\Application\Runtime\Cache\Home\3359adbadf95118621a5c500fb3ff893.php 第 56 行.
NOTIC: [8] Undefined variable: arr D:\WWW\lianshuomai\Application\Runtime\Cache\Home\3359adbadf95118621a5c500fb3ff893.php 第 61 行.
NOTIC: [8] Undefined variable: message D:\WWW\lianshuomai\Application\Runtime\Cache\Home\3359adbadf95118621a5c500fb3ff893.php 第 62 行.
NOTIC: [8] Undefined variable: arr D:\WWW\lianshuomai\Application\Runtime\Cache\Home\3359adbadf95118621a5c500fb3ff893.php 第 66 行.
NOTIC: [8] Undefined variable: message D:\WWW\lianshuomai\Application\Runtime\Cache\Home\3359adbadf95118621a5c500fb3ff893.php 第 67 行.
NOTIC: [8] Undefined variable: arr D:\WWW\lianshuomai\Application\Runtime\Cache\Home\3359adbadf95118621a5c500fb3ff893.php 第 71 行.
NOTIC: [8] Undefined variable: message D:\WWW\lianshuomai\Application\Runtime\Cache\Home\3359adbadf95118621a5c500fb3ff893.php 第 72 行.
NOTIC: [8] Undefined variable: arr D:\WWW\lianshuomai\Application\Runtime\Cache\Home\3359adbadf95118621a5c500fb3ff893.php 第 76 行.
NOTIC: [8] Undefined variable: message D:\WWW\lianshuomai\Application\Runtime\Cache\Home\3359adbadf95118621a5c500fb3ff893.php 第 77 行.
NOTIC: [8] Undefined variable: arr D:\WWW\lianshuomai\Application\Runtime\Cache\Home\3359adbadf95118621a5c500fb3ff893.php 第 81 行.
NOTIC: [8] Undefined variable: message D:\WWW\lianshuomai\Application\Runtime\Cache\Home\3359adbadf95118621a5c500fb3ff893.php 第 82 行.
INFO: Run Behavior\ParseTemplateBehavior [ RunTime:0.007000s ]
INFO: [ view_parse ] --END-- [ RunTime:0.007000s ]
INFO: [ view_filter ] --START--
INFO: Run Behavior\WriteHtmlCacheBehavior [ RunTime:0.000000s ]
INFO: [ view_filter ] --END-- [ RunTime:0.000000s ]
INFO: [ app_end ] --START--
INFO: Run Behavior\ShowPageTraceBehavior [ RunTime:0.000000s ]
INFO: [ app_end ] --END-- [ RunTime:0.000000s ]

[ 2017-09-13T20:57:15+08:00 ] ::1 /lianshuomai/index.php/Home/User/jquery-1.8.3.js
INFO: [ app_init ] --START--
INFO: Run Behavior\BuildLiteBehavior [ RunTime:0.000000s ]
INFO: [ app_init ] --END-- [ RunTime:0.000000s ]
INFO: [ app_begin ] --START--
INFO: Run Behavior\ReadHtmlCacheBehavior [ RunTime:0.000000s ]
INFO: [ app_begin ] --END-- [ RunTime:0.000000s ]
ERR: 非法操作:jquery-1.8.3.js

[ 2017-09-13T20:57:39+08:00 ] ::1 /lianshuomai/index.php/Home/User/save
INFO: [ app_init ] --START--
INFO: Run Behavior\BuildLiteBehavior [ RunTime:0.000000s ]
INFO: [ app_init ] --END-- [ RunTime:0.000000s ]
INFO: [ app_begin ] --START--
INFO: Run Behavior\ReadHtmlCacheBehavior [ RunTime:0.001000s ]
INFO: [ app_begin ] --END-- [ RunTime:0.001000s ]
SQL: SHOW COLUMNS FROM `user` [ RunTime:0.0060s ]
NOTIC: [8] Undefined index: validate D:\WWW\lianshuomai\ThinkPHP\Library\Think\Model.class.php 第 1185 行.
SQL: SELECT * FROM `user` WHERE `username` = 'tom' LIMIT 1   [ RunTime:0.0000s ]
INFO: [ view_parse ] --START--
INFO: [ template_filter ] --START--
INFO: Run Behavior\ContentReplaceBehavior [ RunTime:0.000000s ]
INFO: [ template_filter ] --END-- [ RunTime:0.000000s ]
NOTIC: [8] Undefined index: password D:\WWW\lianshuomai\Application\Runtime\Cache\Home\3359adbadf95118621a5c500fb3ff893.php 第 56 行.
NOTIC: [8] Undefined index: repassword D:\WWW\lianshuomai\Application\Runtime\Cache\Home\3359adbadf95118621a5c500fb3ff893.php 第 62 行.
NOTIC: [8] Undefined index: nick D:\WWW\lianshuomai\Application\Runtime\Cache\Home\3359adbadf95118621a5c500fb3ff893.php 第 67 行.
NOTIC: [8] Undefined index: email D:\WWW\lianshuomai\Application\Runtime\Cache\Home\3359adbadf95118621a5c500fb3ff893.php 第 72 行.
NOTIC: [8] Undefined index: phone D:\WWW\lianshuomai\Application\Runtime\Cache\Home\3359adbadf95118621a5c500fb3ff893.php 第 77 行.
NOTIC: [8] Undefined index: addr D:\WWW\lianshuomai\Application\Runtime\Cache\Home\3359adbadf95118621a5c500fb3ff893.php 第 82 行.
INFO: Run Behavior\ParseTemplateBehavior [ RunTime:0.021000s ]
INFO: [ view_parse ] --END-- [ RunTime:0.021000s ]
INFO: [ view_filter ] --START--
INFO: Run Behavior\WriteHtmlCacheBehavior [ RunTime:0.001000s ]
INFO: [ view_filter ] --END-- [ RunTime:0.001000s ]
INFO: [ app_end ] --START--
INFO: Run Behavior\ShowPageTraceBehavior [ RunTime:0.001000s ]
INFO: [ app_end ] --END-- [ RunTime:0.001000s ]

[ 2017-09-13T20:57:39+08:00 ] ::1 /lianshuomai/index.php/Home/User/jquery-1.8.3.js
INFO: [ app_init ] --START--
INFO: Run Behavior\BuildLiteBehavior [ RunTime:0.000000s ]
INFO: [ app_init ] --END-- [ RunTime:0.000000s ]
INFO: [ app_begin ] --START--
INFO: Run Behavior\ReadHtmlCacheBehavior [ RunTime:0.001000s ]
INFO: [ app_begin ] --END-- [ RunTime:0.001000s ]
ERR: 非法操作:jquery-1.8.3.js

[ 2017-09-13T20:57:53+08:00 ] ::1 /lianshuomai/index.php/Home/User/save
INFO: [ app_init ] --START--
INFO: Run Behavior\BuildLiteBehavior [ RunTime:0.000000s ]
INFO: [ app_init ] --END-- [ RunTime:0.001000s ]
INFO: [ app_begin ] --START--
INFO: Run Behavior\ReadHtmlCacheBehavior [ RunTime:0.001000s ]
INFO: [ app_begin ] --END-- [ RunTime:0.001000s ]
SQL: SHOW COLUMNS FROM `user` [ RunTime:0.0060s ]
NOTIC: [8] Undefined index: validate D:\WWW\lianshuomai\ThinkPHP\Library\Think\Model.class.php 第 1185 行.
SQL: SELECT * FROM `user` WHERE `username` = 'tom01@qq.com' LIMIT 1   [ RunTime:0.0000s ]
NOTIC: [8] Undefined index: auto D:\WWW\lianshuomai\ThinkPHP\Library\Think\Model.class.php 第 1128 行.
SQL: INSERT INTO `user` (`username`,`password`,`nick`,`email`,`addr`) VALUES ('tom01@qq.com','e10adc3949ba59abbe56e057f20f883e','ttt','tom@qq.com','sjz') [ RunTime:0.0000s ]
INFO: [ view_parse ] --START--
INFO: [ template_filter ] --START--
INFO: Run Behavior\ContentReplaceBehavior [ RunTime:0.000000s ]
INFO: [ template_filter ] --END-- [ RunTime:0.000000s ]
INFO: Run Behavior\ParseTemplateBehavior [ RunTime:0.054000s ]
INFO: [ view_parse ] --END-- [ RunTime:0.054000s ]
INFO: [ view_filter ] --START--
INFO: Run Behavior\WriteHtmlCacheBehavior [ RunTime:0.001000s ]
INFO: [ view_filter ] --END-- [ RunTime:0.001000s ]
INFO: [ app_end ] --START--
INFO: Run Behavior\ShowPageTraceBehavior [ RunTime:0.002000s ]
INFO: [ app_end ] --END-- [ RunTime:0.002000s ]

[ 2017-09-13T20:57:56+08:00 ] ::1 /lianshuomai/index.php/Home/Index/index.html
INFO: [ app_init ] --START--
INFO: Run Behavior\BuildLiteBehavior [ RunTime:0.000000s ]
INFO: [ app_init ] --END-- [ RunTime:0.000000s ]
INFO: [ app_begin ] --START--
INFO: Run Behavior\ReadHtmlCacheBehavior [ RunTime:0.001000s ]
INFO: [ app_begin ] --END-- [ RunTime:0.001000s ]
INFO: [ view_parse ] --START--
INFO: [ template_filter ] --START--
INFO: Run Behavior\ContentReplaceBehavior [ RunTime:0.000000s ]
INFO: [ template_filter ] --END-- [ RunTime:0.000000s ]
INFO: Run Behavior\ParseTemplateBehavior [ RunTime:0.038000s ]
INFO: [ view_parse ] --END-- [ RunTime:0.038000s ]
INFO: [ view_filter ] --START--
INFO: Run Behavior\WriteHtmlCacheBehavior [ RunTime:0.000000s ]
INFO: [ view_filter ] --END-- [ RunTime:0.000000s ]
INFO: [ app_end ] --START--
INFO: Run Behavior\ShowPageTraceBehavior [ RunTime:0.001000s ]
INFO: [ app_end ] --END-- [ RunTime:0.001000s ]

[ 2017-09-13T20:57:56+08:00 ] ::1 /lianshuomai/index.php/Home/Index/img/01.jpg
INFO: [ app_init ] --START--
INFO: Run Behavior\BuildLiteBehavior [ RunTime:0.000000s ]
INFO: [ app_init ] --END-- [ RunTime:0.000000s ]

[ 2017-09-13T20:57:56+08:00 ] ::1 /lianshuomai/index.php/Home/Index/img/03%20.jpg
INFO: [ app_init ] --START--
INFO: Run Behavior\BuildLiteBehavior [ RunTime:0.000000s ]
INFO: [ app_init ] --END-- [ RunTime:0.000000s ]

[ 2017-09-13T20:57:56+08:00 ] ::1 /lianshuomai/index.php/Home/Index/img/05.jpg
INFO: [ app_init ] --START--
INFO: Run Behavior\BuildLiteBehavior [ RunTime:0.000000s ]
INFO: [ app_init ] --END-- [ RunTime:0.001000s ]

[ 2017-09-13T20:57:56+08:00 ] ::1 /lianshuomai/index.php/Home/Index/php/header.php
INFO: [ app_init ] --START--
INFO: Run Behavior\BuildLiteBehavior [ RunTime:0.000000s ]
INFO: [ app_init ] --END-- [ RunTime:0.001000s ]
INFO: [ app_begin ] --START--
INFO: Run Behavior\ReadHtmlCacheBehavior [ RunTime:0.001000s ]
INFO: [ app_begin ] --END-- [ RunTime:0.001000s ]
ERR: 非法操作:php

[ 2017-09-13T20:58:15+08:00 ] ::1 /lianshuomai/index.php
INFO: [ app_init ] --START--
INFO: Run Behavior\BuildLiteBehavior [ RunTime:0.000000s ]
INFO: [ app_init ] --END-- [ RunTime:0.000000s ]
INFO: [ app_begin ] --START--
INFO: Run Behavior\ReadHtmlCacheBehavior [ RunTime:0.001000s ]
INFO: [ app_begin ] --END-- [ RunTime:0.002000s ]
INFO: [ view_parse ] --START--
INFO: [ template_filter ] --START--
INFO: Run Behavior\ContentReplaceBehavior [ RunTime:0.001000s ]
INFO: [ template_filter ] --END-- [ RunTime:0.001000s ]
INFO: Run Behavior\ParseTemplateBehavior [ RunTime:0.037000s ]
INFO: [ view_parse ] --END-- [ RunTime:0.037000s ]
INFO: [ view_filter ] --START--
INFO: Run Behavior\WriteHtmlCacheBehavior [ RunTime:0.000000s ]
INFO: [ view_filter ] --END-- [ RunTime:0.000000s ]
INFO: [ app_end ] --START--
INFO: Run Behavior\ShowPageTraceBehavior [ RunTime:0.000000s ]
INFO: [ app_end ] --END-- [ RunTime:0.002000s ]

[ 2017-09-13T21:12:50+08:00 ] ::1 /lianshuomai/index.php/Home/Login/login
INFO: [ app_init ] --START--
INFO: Run Behavior\BuildLiteBehavior [ RunTime:0.000000s ]
INFO: [ app_init ] --END-- [ RunTime:0.000000s ]
INFO: [ app_begin ] --START--
INFO: Run Behavior\ReadHtmlCacheBehavior [ RunTime:0.001000s ]
INFO: [ app_begin ] --END-- [ RunTime:0.001000s ]
INFO: [ view_parse ] --START--
INFO: [ template_filter ] --START--
INFO: Run Behavior\ContentReplaceBehavior [ RunTime:0.000000s ]
INFO: [ template_filter ] --END-- [ RunTime:0.000000s ]
INFO: Run Behavior\ParseTemplateBehavior [ RunTime:0.006000s ]
INFO: [ view_parse ] --END-- [ RunTime:0.006000s ]
INFO: [ view_filter ] --START--
INFO: Run Behavior\WriteHtmlCacheBehavior [ RunTime:0.000000s ]
INFO: [ view_filter ] --END-- [ RunTime:0.000000s ]
INFO: [ app_end ] --START--
INFO: Run Behavior\ShowPageTraceBehavior [ RunTime:0.001000s ]
INFO: [ app_end ] --END-- [ RunTime:0.001000s ]

[ 2017-09-13T21:12:50+08:00 ] ::1 /lianshuomai/index.php/Home/Login/php/register_footer.php
INFO: [ app_init ] --START--
INFO: Run Behavior\BuildLiteBehavior [ RunTime:0.000000s ]
INFO: [ app_init ] --END-- [ RunTime:0.000000s ]
INFO: [ app_begin ] --START--
INFO: Run Behavior\ReadHtmlCacheBehavior [ RunTime:0.000000s ]
INFO: [ app_begin ] --END-- [ RunTime:0.000000s ]
ERR: 非法操作:php

[ 2017-09-13T21:43:40+08:00 ] ::1 /lianshuomai/index.php/Home/Index/index.html
INFO: [ app_init ] --START--
INFO: Run Behavior\BuildLiteBehavior [ RunTime:0.000000s ]
INFO: [ app_init ] --END-- [ RunTime:0.001000s ]
INFO: [ app_begin ] --START--
INFO: Run Behavior\ReadHtmlCacheBehavior [ RunTime:0.001000s ]
INFO: [ app_begin ] --END-- [ RunTime:0.001000s ]
INFO: [ view_parse ] --START--
INFO: [ template_filter ] --START--
INFO: Run Behavior\ContentReplaceBehavior [ RunTime:0.001000s ]
INFO: [ template_filter ] --END-- [ RunTime:0.001000s ]
INFO: Run Behavior\ParseTemplateBehavior [ RunTime:0.034000s ]
INFO: [ view_parse ] --END-- [ RunTime:0.034000s ]
INFO: [ view_filter ] --START--
INFO: Run Behavior\WriteHtmlCacheBehavior [ RunTime:0.000000s ]
INFO: [ view_filter ] --END-- [ RunTime:0.000000s ]
INFO: [ app_end ] --START--
INFO: Run Behavior\ShowPageTraceBehavior [ RunTime:0.001000s ]
INFO: [ app_end ] --END-- [ RunTime:0.001000s ]

[ 2017-09-13T21:43:40+08:00 ] ::1 /lianshuomai/index.php/Home/Index/img/01.jpg
INFO: [ app_init ] --START--
INFO: Run Behavior\BuildLiteBehavior [ RunTime:0.000000s ]
INFO: [ app_init ] --END-- [ RunTime:0.000000s ]

[ 2017-09-13T21:43:40+08:00 ] ::1 /lianshuomai/index.php/Home/Index/img/03%20.jpg
INFO: [ app_init ] --START--
INFO: Run Behavior\BuildLiteBehavior [ RunTime:0.000000s ]
INFO: [ app_init ] --END-- [ RunTime:0.000000s ]

[ 2017-09-13T21:43:40+08:00 ] ::1 /lianshuomai/index.php/Home/Index/img/05.jpg
INFO: [ app_init ] --START--
INFO: Run Behavior\BuildLiteBehavior [ RunTime:0.000000s ]
INFO: [ app_init ] --END-- [ RunTime:0.000000s ]

[ 2017-09-13T21:43:40+08:00 ] ::1 /lianshuomai/index.php/Home/Index/php/header.php
INFO: [ app_init ] --START--
INFO: Run Behavior\BuildLiteBehavior [ RunTime:0.000000s ]
INFO: [ app_init ] --END-- [ RunTime:0.000000s ]
INFO: [ app_begin ] --START--
INFO: Run Behavior\ReadHtmlCacheBehavior [ RunTime:0.000000s ]
INFO: [ app_begin ] --END-- [ RunTime:0.000000s ]
ERR: 非法操作:php

[ 2017-09-13T21:43:42+08:00 ] ::1 /lianshuomai/index.php/Home/User/register
INFO: [ app_init ] --START--
INFO: Run Behavior\BuildLiteBehavior [ RunTime:0.000000s ]
INFO: [ app_init ] --END-- [ RunTime:0.001000s ]
INFO: [ app_begin ] --START--
INFO: Run Behavior\ReadHtmlCacheBehavior [ RunTime:0.001000s ]
INFO: [ app_begin ] --END-- [ RunTime:0.001000s ]
INFO: [ view_parse ] --START--
INFO: [ template_filter ] --START--
INFO: Run Behavior\ContentReplaceBehavior [ RunTime:0.000000s ]
INFO: [ template_filter ] --END-- [ RunTime:0.000000s ]
NOTIC: [8] Undefined variable: arr D:\WWW\lianshuomai\Application\Runtime\Cache\Home\3359adbadf95118621a5c500fb3ff893.php 第 58 行.
NOTIC: [8] Undefined variable: message D:\WWW\lianshuomai\Application\Runtime\Cache\Home\3359adbadf95118621a5c500fb3ff893.php 第 59 行.
NOTIC: [8] Undefined variable: arr D:\WWW\lianshuomai\Application\Runtime\Cache\Home\3359adbadf95118621a5c500fb3ff893.php 第 63 行.
NOTIC: [8] Undefined variable: message D:\WWW\lianshuomai\Application\Runtime\Cache\Home\3359adbadf95118621a5c500fb3ff893.php 第 64 行.
NOTIC: [8] Undefined variable: arr D:\WWW\lianshuomai\Application\Runtime\Cache\Home\3359adbadf95118621a5c500fb3ff893.php 第 69 行.
NOTIC: [8] Undefined variable: message D:\WWW\lianshuomai\Application\Runtime\Cache\Home\3359adbadf95118621a5c500fb3ff893.php 第 70 行.
NOTIC: [8] Undefined variable: arr D:\WWW\lianshuomai\Application\Runtime\Cache\Home\3359adbadf95118621a5c500fb3ff893.php 第 74 行.
NOTIC: [8] Undefined variable: message D:\WWW\lianshuomai\Application\Runtime\Cache\Home\3359adbadf95118621a5c500fb3ff893.php 第 75 行.
NOTIC: [8] Undefined variable: arr D:\WWW\lianshuomai\Application\Runtime\Cache\Home\3359adbadf95118621a5c500fb3ff893.php 第 79 行.
NOTIC: [8] Undefined variable: message D:\WWW\lianshuomai\Application\Runtime\Cache\Home\3359adbadf95118621a5c500fb3ff893.php 第 80 行.
NOTIC: [8] Undefined variable: arr D:\WWW\lianshuomai\Application\Runtime\Cache\Home\3359adbadf95118621a5c500fb3ff893.php 第 84 行.
NOTIC: [8] Undefined variable: message D:\WWW\lianshuomai\Application\Runtime\Cache\Home\3359adbadf95118621a5c500fb3ff893.php 第 85 行.
NOTIC: [8] Undefined variable: arr D:\WWW\lianshuomai\Application\Runtime\Cache\Home\3359adbadf95118621a5c500fb3ff893.php 第 89 行.
NOTIC: [8] Undefined variable: message D:\WWW\lianshuomai\Application\Runtime\Cache\Home\3359adbadf95118621a5c500fb3ff893.php 第 90 行.
INFO: Run Behavior\ParseTemplateBehavior [ RunTime:0.008000s ]
INFO: [ view_parse ] --END-- [ RunTime:0.008000s ]
INFO: [ view_filter ] --START--
INFO: Run Behavior\WriteHtmlCacheBehavior [ RunTime:0.000000s ]
INFO: [ view_filter ] --END-- [ RunTime:0.000000s ]
INFO: [ app_end ] --START--
INFO: Run Behavior\ShowPageTraceBehavior [ RunTime:0.001000s ]
INFO: [ app_end ] --END-- [ RunTime:0.001000s ]

[ 2017-09-13T21:43:42+08:00 ] ::1 /lianshuomai/index.php/Home/User/jquery-1.8.3.js
INFO: [ app_init ] --START--
INFO: Run Behavior\BuildLiteBehavior [ RunTime:0.000000s ]
INFO: [ app_init ] --END-- [ RunTime:0.000000s ]
INFO: [ app_begin ] --START--
INFO: Run Behavior\ReadHtmlCacheBehavior [ RunTime:0.001000s ]
INFO: [ app_begin ] --END-- [ RunTime:0.001000s ]
ERR: 非法操作:jquery-1.8.3.js

