[ 2017-09-23T09:18:50+08:00 ] ::1 /lianshuomai/Application/Home/View/Index/__PUBLIC__/css/index.css
INFO: [ app_init ] --START--
INFO: Run Behavior\BuildLiteBehavior [ RunTime:0.000000s ]
INFO: [ app_init ] --END-- [ RunTime:0.000000s ]
ERR: 无法加载模块:Application

[ 2017-09-23T09:18:50+08:00 ] ::1 /lianshuomai/Application/Home/View/Index/__PUBLIC__/images/hitpic.png
INFO: [ app_init ] --START--
INFO: Run Behavior\BuildLiteBehavior [ RunTime:0.000000s ]
INFO: [ app_init ] --END-- [ RunTime:0.001000s ]
ERR: 无法加载模块:Application

[ 2017-09-23T09:18:50+08:00 ] ::1 /lianshuomai/Application/Home/View/Index/__PUBLIC__/img/banner_01.jpg
INFO: [ app_init ] --START--
INFO: Run Behavior\BuildLiteBehavior [ RunTime:0.000000s ]
INFO: [ app_init ] --END-- [ RunTime:0.000000s ]
ERR: 无法加载模块:Application

[ 2017-09-23T09:18:50+08:00 ] ::1 /lianshuomai/Application/Home/View/Index/__PUBLIC__/img/banner_02.jpg
INFO: [ app_init ] --START--
INFO: Run Behavior\BuildLiteBehavior [ RunTime:0.000000s ]
INFO: [ app_init ] --END-- [ RunTime:0.000000s ]
ERR: 无法加载模块:Application

[ 2017-09-23T09:18:50+08:00 ] ::1 /lianshuomai/Application/Home/View/Index/__PUBLIC__/img/banner_03.jpg
INFO: [ app_init ] --START--
INFO: Run Behavior\BuildLiteBehavior [ RunTime:0.000000s ]
INFO: [ app_init ] --END-- [ RunTime:0.000000s ]
ERR: 无法加载模块:Application

[ 2017-09-23T09:18:50+08:00 ] ::1 /lianshuomai/Application/Home/View/Index/__PUBLIC__/img/avatar.png
INFO: [ app_init ] --START--
INFO: Run Behavior\BuildLiteBehavior [ RunTime:0.000000s ]
INFO: [ app_init ] --END-- [ RunTime:0.000000s ]
ERR: 无法加载模块:Application

[ 2017-09-23T09:18:50+08:00 ] ::1 /lianshuomai/Application/Home/View/Index/__PUBLIC__/img/riyong.jpg
INFO: [ app_init ] --START--
INFO: Run Behavior\BuildLiteBehavior [ RunTime:0.000000s ]
INFO: [ app_init ] --END-- [ RunTime:0.001000s ]
ERR: 无法加载模块:Application

[ 2017-09-23T09:18:50+08:00 ] ::1 /lianshuomai/Application/Home/View/Index/__PUBLIC__/img/01.jpg
INFO: [ app_init ] --START--
INFO: Run Behavior\BuildLiteBehavior [ RunTime:0.000000s ]
INFO: [ app_init ] --END-- [ RunTime:0.000000s ]
ERR: 无法加载模块:Application

[ 2017-09-23T09:18:50+08:00 ] ::1 /lianshuomai/Application/Home/View/Index/__PUBLIC__/img/03%20.jpg
INFO: [ app_init ] --START--
INFO: Run Behavior\BuildLiteBehavior [ RunTime:0.000000s ]
INFO: [ app_init ] --END-- [ RunTime:0.000000s ]
ERR: 无法加载模块:Application

[ 2017-09-23T09:18:50+08:00 ] ::1 /lianshuomai/Application/Home/View/Index/__PUBLIC__/img/05.jpg
INFO: [ app_init ] --START--
INFO: Run Behavior\BuildLiteBehavior [ RunTime:0.000000s ]
INFO: [ app_init ] --END-- [ RunTime:0.000000s ]
ERR: 无法加载模块:Application

[ 2017-09-23T09:18:50+08:00 ] ::1 /lianshuomai/Application/Home/View/Index/__PUBLIC__/img/beizi.jpg
INFO: [ app_init ] --START--
INFO: Run Behavior\BuildLiteBehavior [ RunTime:0.000000s ]
INFO: [ app_init ] --END-- [ RunTime:0.000000s ]
ERR: 无法加载模块:Application

[ 2017-09-23T09:18:50+08:00 ] ::1 /lianshuomai/Application/Home/View/Index/__PUBLIC__/img/logo/fuanna.jpg
INFO: [ app_init ] --START--
INFO: Run Behavior\BuildLiteBehavior [ RunTime:0.000000s ]
INFO: [ app_init ] --END-- [ RunTime:0.000000s ]
ERR: 无法加载模块:Application

[ 2017-09-23T09:18:50+08:00 ] ::1 /lianshuomai/Application/Home/View/Index/__PUBLIC__/img/logo/hengyuanxiag.jpg
INFO: [ app_init ] --START--
INFO: Run Behavior\BuildLiteBehavior [ RunTime:0.000000s ]
INFO: [ app_init ] --END-- [ RunTime:0.000000s ]
ERR: 无法加载模块:Application

[ 2017-09-23T09:18:50+08:00 ] ::1 /lianshuomai/Application/Home/View/Index/__PUBLIC__/img/logo/shuxingjiafang.jpg
INFO: [ app_init ] --START--
INFO: Run Behavior\BuildLiteBehavior [ RunTime:0.000000s ]
INFO: [ app_init ] --END-- [ RunTime:0.000000s ]
ERR: 无法加载模块:Application

[ 2017-09-23T09:18:50+08:00 ] ::1 /lianshuomai/Application/Home/View/Index/__PUBLIC__/img/logo/zhangpeng%20(1).jpg
INFO: [ app_init ] --START--
INFO: Run Behavior\BuildLiteBehavior [ RunTime:0.000000s ]
INFO: [ app_init ] --END-- [ RunTime:0.000000s ]
ERR: 无法加载模块:Application

[ 2017-09-23T09:18:50+08:00 ] ::1 /lianshuomai/Application/Home/View/Index/__PUBLIC__/img/logo/nike.jpg
INFO: [ app_init ] --START--
INFO: Run Behavior\BuildLiteBehavior [ RunTime:0.000000s ]
INFO: [ app_init ] --END-- [ RunTime:0.000000s ]
ERR: 无法加载模块:Application

[ 2017-09-23T09:18:50+08:00 ] ::1 /lianshuomai/Application/Home/View/Index/__PUBLIC__/img/logo/jifeante.jpg
INFO: [ app_init ] --START--
INFO: Run Behavior\BuildLiteBehavior [ RunTime:0.000000s ]
INFO: [ app_init ] --END-- [ RunTime:0.000000s ]
ERR: 无法加载模块:Application

[ 2017-09-23T09:18:50+08:00 ] ::1 /lianshuomai/Application/Home/View/Index/__PUBLIC__/img/logo/adidas.jpg
INFO: [ app_init ] --START--
INFO: Run Behavior\BuildLiteBehavior [ RunTime:0.000000s ]
INFO: [ app_init ] --END-- [ RunTime:0.000000s ]
ERR: 无法加载模块:Application

[ 2017-09-23T09:18:50+08:00 ] ::1 /lianshuomai/Application/Home/View/Index/__PUBLIC__/img/logo/food.jpg
INFO: [ app_init ] --START--
INFO: Run Behavior\BuildLiteBehavior [ RunTime:0.000000s ]
INFO: [ app_init ] --END-- [ RunTime:0.000000s ]
ERR: 无法加载模块:Application

[ 2017-09-23T09:18:50+08:00 ] ::1 /lianshuomai/Application/Home/View/Index/__PUBLIC__/img/logo/lianpinuz.jpg
INFO: [ app_init ] --START--
INFO: Run Behavior\BuildLiteBehavior [ RunTime:0.001000s ]
INFO: [ app_init ] --END-- [ RunTime:0.001000s ]
ERR: 无法加载模块:Application

[ 2017-09-23T09:18:50+08:00 ] ::1 /lianshuomai/Application/Home/View/Index/__PUBLIC__/img/logo/xiannongle.jpg
INFO: [ app_init ] --START--
INFO: Run Behavior\BuildLiteBehavior [ RunTime:0.000000s ]
INFO: [ app_init ] --END-- [ RunTime:0.001000s ]
ERR: 无法加载模块:Application

[ 2017-09-23T09:18:50+08:00 ] ::1 /lianshuomai/Application/Home/View/Index/__PUBLIC__/img/logo/goldal.jpg
INFO: [ app_init ] --START--
INFO: Run Behavior\BuildLiteBehavior [ RunTime:0.000000s ]
INFO: [ app_init ] --END-- [ RunTime:0.000000s ]
ERR: 无法加载模块:Application

[ 2017-09-23T09:18:50+08:00 ] ::1 /lianshuomai/Application/Home/View/Index/__PUBLIC__/img/logo/rBQKyVdjUXKAVN1WAABHkJ1LXCU479.jpg
INFO: [ app_init ] --START--
INFO: Run Behavior\BuildLiteBehavior [ RunTime:0.000000s ]
INFO: [ app_init ] --END-- [ RunTime:0.000000s ]
ERR: 无法加载模块:Application

[ 2017-09-23T09:18:50+08:00 ] ::1 /lianshuomai/Application/Home/View/Index/__PUBLIC__/img/logo/apple.jpg
INFO: [ app_init ] --START--
INFO: Run Behavior\BuildLiteBehavior [ RunTime:0.000000s ]
INFO: [ app_init ] --END-- [ RunTime:0.000000s ]
ERR: 无法加载模块:Application

[ 2017-09-23T09:18:50+08:00 ] ::1 /lianshuomai/Application/Home/View/Index/__PUBLIC__/img/logo/samsung.jpg
INFO: [ app_init ] --START--
INFO: Run Behavior\BuildLiteBehavior [ RunTime:0.000000s ]
INFO: [ app_init ] --END-- [ RunTime:0.000000s ]
ERR: 无法加载模块:Application

[ 2017-09-23T09:18:50+08:00 ] ::1 /lianshuomai/Application/Home/View/Index/__PUBLIC__/img/logo/meizu.jpg
INFO: [ app_init ] --START--
INFO: Run Behavior\BuildLiteBehavior [ RunTime:0.000000s ]
INFO: [ app_init ] --END-- [ RunTime:0.000000s ]
ERR: 无法加载模块:Application

[ 2017-09-23T09:18:50+08:00 ] ::1 /lianshuomai/Application/Home/View/Index/__PUBLIC__/img/logo/dnvJvFaEzbuAQ0eyAABPA5HWnOw867.jpg
INFO: [ app_init ] --START--
INFO: Run Behavior\BuildLiteBehavior [ RunTime:0.000000s ]
INFO: [ app_init ] --END-- [ RunTime:0.000000s ]
ERR: 无法加载模块:Application

[ 2017-09-23T09:18:51+08:00 ] ::1 /lianshuomai/Application/Home/View/Index/__PUBLIC__/img/logo/beiens.jpg
INFO: [ app_init ] --START--
INFO: Run Behavior\BuildLiteBehavior [ RunTime:0.000000s ]
INFO: [ app_init ] --END-- [ RunTime:0.000000s ]
ERR: 无法加载模块:Application

[ 2017-09-23T09:18:51+08:00 ] ::1 /lianshuomai/Application/Home/View/Index/__PUBLIC__/img/logo/balabala.jpg
INFO: [ app_init ] --START--
INFO: Run Behavior\BuildLiteBehavior [ RunTime:0.000000s ]
INFO: [ app_init ] --END-- [ RunTime:0.000000s ]
ERR: 无法加载模块:Application

[ 2017-09-23T09:18:51+08:00 ] ::1 /lianshuomai/Application/Home/View/Index/__PUBLIC__/img/logo/dishini.jpg
INFO: [ app_init ] --START--
INFO: Run Behavior\BuildLiteBehavior [ RunTime:0.000000s ]
INFO: [ app_init ] --END-- [ RunTime:0.000000s ]
ERR: 无法加载模块:Application

[ 2017-09-23T09:18:51+08:00 ] ::1 /lianshuomai/Application/Home/View/Index/__PUBLIC__/img/logo/dnvJvFaEzfWAWW_YAABCB_C0xRM953.jpg
INFO: [ app_init ] --START--
INFO: Run Behavior\BuildLiteBehavior [ RunTime:0.000000s ]
INFO: [ app_init ] --END-- [ RunTime:0.000000s ]
ERR: 无法加载模块:Application

[ 2017-09-23T09:18:51+08:00 ] ::1 /lianshuomai/Application/Home/View/Index/__PUBLIC__/img/logo/searovski.jpg
INFO: [ app_init ] --START--
INFO: Run Behavior\BuildLiteBehavior [ RunTime:0.000000s ]
INFO: [ app_init ] --END-- [ RunTime:0.001000s ]
ERR: 无法加载模块:Application

[ 2017-09-23T09:18:51+08:00 ] ::1 /lianshuomai/Application/Home/View/Index/__PUBLIC__/img/logo/daphne.jpg
INFO: [ app_init ] --START--
INFO: Run Behavior\BuildLiteBehavior [ RunTime:0.000000s ]
INFO: [ app_init ] --END-- [ RunTime:0.000000s ]
ERR: 无法加载模块:Application

[ 2017-09-23T09:18:51+08:00 ] ::1 /lianshuomai/Application/Home/View/Index/__PUBLIC__/img/logo/dao.jpg
INFO: [ app_init ] --START--
INFO: Run Behavior\BuildLiteBehavior [ RunTime:0.000000s ]
INFO: [ app_init ] --END-- [ RunTime:0.000000s ]
ERR: 无法加载模块:Application

[ 2017-09-23T09:18:51+08:00 ] ::1 /lianshuomai/Application/Home/View/Index/__PUBLIC__/img/logo/rBQKyVdjUYmAbexyAABcjcvqDh4518.jpg
INFO: [ app_init ] --START--
INFO: Run Behavior\BuildLiteBehavior [ RunTime:0.000000s ]
INFO: [ app_init ] --END-- [ RunTime:0.000000s ]
ERR: 无法加载模块:Application

[ 2017-09-23T09:18:51+08:00 ] ::1 /lianshuomai/Application/Home/View/Index/__PUBLIC__/img/logo/only.jpg
INFO: [ app_init ] --START--
INFO: Run Behavior\BuildLiteBehavior [ RunTime:0.000000s ]
INFO: [ app_init ] --END-- [ RunTime:0.000000s ]
ERR: 无法加载模块:Application

[ 2017-09-23T09:18:51+08:00 ] ::1 /lianshuomai/Application/Home/View/Index/__PUBLIC__/img/logo/jackjones.jpg
INFO: [ app_init ] --START--
INFO: Run Behavior\BuildLiteBehavior [ RunTime:0.000000s ]
INFO: [ app_init ] --END-- [ RunTime:0.000000s ]
ERR: 无法加载模块:Application

[ 2017-09-23T09:18:51+08:00 ] ::1 /lianshuomai/Application/Home/View/Index/__PUBLIC__/img/logo/lachapelle.jpg
INFO: [ app_init ] --START--
INFO: Run Behavior\BuildLiteBehavior [ RunTime:0.000000s ]
INFO: [ app_init ] --END-- [ RunTime:0.000000s ]
ERR: 无法加载模块:Application

[ 2017-09-23T09:18:51+08:00 ] ::1 /lianshuomai/Application/Home/View/Index/__PUBLIC__/img/logo/dnvJvFaEzk2AGpw-AABHHJX1ngk735.jpg
INFO: [ app_init ] --START--
INFO: Run Behavior\BuildLiteBehavior [ RunTime:0.000000s ]
INFO: [ app_init ] --END-- [ RunTime:0.000000s ]
ERR: 无法加载模块:Application

[ 2017-09-23T09:18:51+08:00 ] ::1 /lianshuomai/Application/Home/View/Index/__PUBLIC__/img/logo/feibo.jpg
INFO: [ app_init ] --START--
INFO: Run Behavior\BuildLiteBehavior [ RunTime:0.000000s ]
INFO: [ app_init ] --END-- [ RunTime:0.001000s ]
ERR: 无法加载模块:Application

[ 2017-09-23T09:18:51+08:00 ] ::1 /lianshuomai/Application/Home/View/Index/__PUBLIC__/img/logo/huaquan.jpg
INFO: [ app_init ] --START--
INFO: Run Behavior\BuildLiteBehavior [ RunTime:0.000000s ]
INFO: [ app_init ] --END-- [ RunTime:0.000000s ]
ERR: 无法加载模块:Application

[ 2017-09-23T09:18:51+08:00 ] ::1 /lianshuomai/Application/Home/View/Index/__PUBLIC__/img/logo/maidi.jpg
INFO: [ app_init ] --START--
INFO: Run Behavior\BuildLiteBehavior [ RunTime:0.000000s ]
INFO: [ app_init ] --END-- [ RunTime:0.000000s ]
ERR: 无法加载模块:Application

[ 2017-09-23T09:18:51+08:00 ] ::1 /lianshuomai/Application/Home/View/Index/__PUBLIC__/img/logo/rBQKyVdjUZyAHZYeAABgSAxyGno147.jpg
INFO: [ app_init ] --START--
INFO: Run Behavior\BuildLiteBehavior [ RunTime:0.000000s ]
INFO: [ app_init ] --END-- [ RunTime:0.000000s ]
ERR: 无法加载模块:Application

[ 2017-09-23T09:18:51+08:00 ] ::1 /lianshuomai/Application/Home/View/Index/__PUBLIC__/img/logo/opp.jpg
INFO: [ app_init ] --START--
INFO: Run Behavior\BuildLiteBehavior [ RunTime:0.000000s ]
INFO: [ app_init ] --END-- [ RunTime:0.000000s ]
ERR: 无法加载模块:Application

[ 2017-09-23T09:18:51+08:00 ] ::1 /lianshuomai/Application/Home/View/Index/__PUBLIC__/img/logo/feilipu.jpg
INFO: [ app_init ] --START--
INFO: Run Behavior\BuildLiteBehavior [ RunTime:0.000000s ]
INFO: [ app_init ] --END-- [ RunTime:0.000000s ]
ERR: 无法加载模块:Application

[ 2017-09-23T09:18:51+08:00 ] ::1 /lianshuomai/Application/Home/View/Index/__PUBLIC__/img/logo/ximenzi.jpg
INFO: [ app_init ] --START--
INFO: Run Behavior\BuildLiteBehavior [ RunTime:0.000000s ]
INFO: [ app_init ] --END-- [ RunTime:0.000000s ]
ERR: 无法加载模块:Application

[ 2017-09-23T09:18:51+08:00 ] ::1 /lianshuomai/Application/Home/View/Index/__PUBLIC__/img/logo/tool.jpg
INFO: [ app_init ] --START--
INFO: Run Behavior\BuildLiteBehavior [ RunTime:0.000000s ]
INFO: [ app_init ] --END-- [ RunTime:0.000000s ]
ERR: 无法加载模块:Application

[ 2017-09-23T09:18:51+08:00 ] ::1 /lianshuomai/Application/Home/View/Index/__PUBLIC__/img/logo/chanel.jpg
INFO: [ app_init ] --START--
INFO: Run Behavior\BuildLiteBehavior [ RunTime:0.000000s ]
INFO: [ app_init ] --END-- [ RunTime:0.000000s ]
ERR: 无法加载模块:Application

[ 2017-09-23T09:18:51+08:00 ] ::1 /lianshuomai/Application/Home/View/Index/__PUBLIC__/img/logo/lancome.jpg
INFO: [ app_init ] --START--
INFO: Run Behavior\BuildLiteBehavior [ RunTime:0.000000s ]
INFO: [ app_init ] --END-- [ RunTime:0.000000s ]
ERR: 无法加载模块:Application

[ 2017-09-23T09:18:51+08:00 ] ::1 /lianshuomai/Application/Home/View/Index/__PUBLIC__/img/logo/loreal.jpg
INFO: [ app_init ] --START--
INFO: Run Behavior\BuildLiteBehavior [ RunTime:0.000000s ]
INFO: [ app_init ] --END-- [ RunTime:0.000000s ]
ERR: 无法加载模块:Application

[ 2017-09-23T09:18:51+08:00 ] ::1 /lianshuomai/Application/Home/View/Index/__PUBLIC__/img/logo/dnvJvFaEzsGActX4AAAydUXpUMM663.jpg
INFO: [ app_init ] --START--
INFO: Run Behavior\BuildLiteBehavior [ RunTime:0.000000s ]
INFO: [ app_init ] --END-- [ RunTime:0.000000s ]
ERR: 无法加载模块:Application

[ 2017-09-23T09:18:51+08:00 ] ::1 /lianshuomai/Application/Home/View/Index/__PUBLIC__/img/logo/deliwn.jpg
INFO: [ app_init ] --START--
INFO: Run Behavior\BuildLiteBehavior [ RunTime:0.000000s ]
INFO: [ app_init ] --END-- [ RunTime:0.000000s ]
ERR: 无法加载模块:Application

[ 2017-09-23T09:18:51+08:00 ] ::1 /lianshuomai/Application/Home/View/Index/__PUBLIC__/img/logo/chenguang.jpg
INFO: [ app_init ] --START--
INFO: Run Behavior\BuildLiteBehavior [ RunTime:0.000000s ]
INFO: [ app_init ] --END-- [ RunTime:0.000000s ]
ERR: 无法加载模块:Application

[ 2017-09-23T09:18:51+08:00 ] ::1 /lianshuomai/Application/Home/View/Index/__PUBLIC__/img/logo/wuyinliangpin.jpg
INFO: [ app_init ] --START--
INFO: Run Behavior\BuildLiteBehavior [ RunTime:0.000000s ]
INFO: [ app_init ] --END-- [ RunTime:0.000000s ]
ERR: 无法加载模块:Application

[ 2017-09-23T09:18:51+08:00 ] ::1 /lianshuomai/Application/Home/View/Index/__PUBLIC__/img/logo/dnvJvFaEzxaAWAfyAABHjZggXu4362.jpg
INFO: [ app_init ] --START--
INFO: Run Behavior\BuildLiteBehavior [ RunTime:0.000000s ]
INFO: [ app_init ] --END-- [ RunTime:0.000000s ]
ERR: 无法加载模块:Application

[ 2017-09-23T09:18:51+08:00 ] ::1 /lianshuomai/Application/Home/View/Index/__PUBLIC__/js/jquery-1.11.3.js
INFO: [ app_init ] --START--
INFO: Run Behavior\BuildLiteBehavior [ RunTime:0.000000s ]
INFO: [ app_init ] --END-- [ RunTime:0.000000s ]
ERR: 无法加载模块:Application

[ 2017-09-23T09:18:51+08:00 ] ::1 /lianshuomai/Application/Home/View/Index/__PUBLIC__/js/index.js
INFO: [ app_init ] --START--
INFO: Run Behavior\BuildLiteBehavior [ RunTime:0.000000s ]
INFO: [ app_init ] --END-- [ RunTime:0.000000s ]
ERR: 无法加载模块:Application

[ 2017-09-23T09:18:51+08:00 ] ::1 /lianshuomai/Application/Home/View/Index/__PUBLIC__/images/ls_logonew.png
INFO: [ app_init ] --START--
INFO: Run Behavior\BuildLiteBehavior [ RunTime:0.000000s ]
INFO: [ app_init ] --END-- [ RunTime:0.000000s ]
ERR: 无法加载模块:Application

[ 2017-09-23T09:18:51+08:00 ] ::1 /lianshuomai/Application/Home/View/Index/__PUBLIC__/css/reset.css
INFO: [ app_init ] --START--
INFO: Run Behavior\BuildLiteBehavior [ RunTime:0.000000s ]
INFO: [ app_init ] --END-- [ RunTime:0.001000s ]
ERR: 无法加载模块:Application

[ 2017-09-23T09:18:52+08:00 ] ::1 /lianshuomai/Application/Home/View/Index/__PUBLIC__/js/aj_add.js
INFO: [ app_init ] --START--
INFO: Run Behavior\BuildLiteBehavior [ RunTime:0.000000s ]
INFO: [ app_init ] --END-- [ RunTime:0.000000s ]
ERR: 无法加载模块:Application

[ 2017-09-23T09:18:52+08:00 ] ::1 /lianshuomai/Application/Home/View/Index/__PUBLIC__/img/banner_02.jpg
INFO: [ app_init ] --START--
INFO: Run Behavior\BuildLiteBehavior [ RunTime:0.000000s ]
INFO: [ app_init ] --END-- [ RunTime:0.000000s ]
ERR: 无法加载模块:Application

[ 2017-09-23T09:18:52+08:00 ] ::1 /lianshuomai/Application/Home/View/Index/__PUBLIC__/img/banner_03.jpg
INFO: [ app_init ] --START--
INFO: Run Behavior\BuildLiteBehavior [ RunTime:0.000000s ]
INFO: [ app_init ] --END-- [ RunTime:0.000000s ]
ERR: 无法加载模块:Application

[ 2017-09-23T09:18:52+08:00 ] ::1 /lianshuomai/Application/Home/View/Index/__PUBLIC__/images/ls_logonew.png
INFO: [ app_init ] --START--
INFO: Run Behavior\BuildLiteBehavior [ RunTime:0.000000s ]
INFO: [ app_init ] --END-- [ RunTime:0.000000s ]
ERR: 无法加载模块:Application

[ 2017-09-23T09:18:52+08:00 ] ::1 /lianshuomai/Application/Home/View/Index/__PUBLIC__/img/banner_01.jpg
INFO: [ app_init ] --START--
INFO: Run Behavior\BuildLiteBehavior [ RunTime:0.000000s ]
INFO: [ app_init ] --END-- [ RunTime:0.001000s ]
ERR: 无法加载模块:Application

[ 2017-09-23T09:18:52+08:00 ] ::1 /lianshuomai/Application/Home/View/Index/__PUBLIC__/img/riyong.jpg
INFO: [ app_init ] --START--
INFO: Run Behavior\BuildLiteBehavior [ RunTime:0.000000s ]
INFO: [ app_init ] --END-- [ RunTime:0.000000s ]
ERR: 无法加载模块:Application

[ 2017-09-23T09:18:52+08:00 ] ::1 /lianshuomai/Application/Home/View/Index/__PUBLIC__/img/01.jpg
INFO: [ app_init ] --START--
INFO: Run Behavior\BuildLiteBehavior [ RunTime:0.000000s ]
INFO: [ app_init ] --END-- [ RunTime:0.000000s ]
ERR: 无法加载模块:Application

[ 2017-09-23T09:18:52+08:00 ] ::1 /lianshuomai/Application/Home/View/Index/__PUBLIC__/img/03%20.jpg
INFO: [ app_init ] --START--
INFO: Run Behavior\BuildLiteBehavior [ RunTime:0.000000s ]
INFO: [ app_init ] --END-- [ RunTime:0.001000s ]
ERR: 无法加载模块:Application

[ 2017-09-23T09:18:52+08:00 ] ::1 /lianshuomai/Application/Home/View/Index/__PUBLIC__/img/05.jpg
INFO: [ app_init ] --START--
INFO: Run Behavior\BuildLiteBehavior [ RunTime:0.000000s ]
INFO: [ app_init ] --END-- [ RunTime:0.001000s ]
ERR: 无法加载模块:Application

[ 2017-09-23T09:18:52+08:00 ] ::1 /lianshuomai/Application/Home/View/Index/__PUBLIC__/img/logo/fuanna.jpg
INFO: [ app_init ] --START--
INFO: Run Behavior\BuildLiteBehavior [ RunTime:0.000000s ]
INFO: [ app_init ] --END-- [ RunTime:0.000000s ]
ERR: 无法加载模块:Application

[ 2017-09-23T09:18:52+08:00 ] ::1 /lianshuomai/Application/Home/View/Index/__PUBLIC__/img/beizi.jpg
INFO: [ app_init ] --START--
INFO: Run Behavior\BuildLiteBehavior [ RunTime:0.000000s ]
INFO: [ app_init ] --END-- [ RunTime:0.000000s ]
ERR: 无法加载模块:Application

[ 2017-09-23T09:18:52+08:00 ] ::1 /lianshuomai/Application/Home/View/Index/__PUBLIC__/img/logo/hengyuanxiag.jpg
INFO: [ app_init ] --START--
INFO: Run Behavior\BuildLiteBehavior [ RunTime:0.000000s ]
INFO: [ app_init ] --END-- [ RunTime:0.001000s ]
ERR: 无法加载模块:Application

[ 2017-09-23T09:18:52+08:00 ] ::1 /lianshuomai/Application/Home/View/Index/__PUBLIC__/img/logo/shuxingjiafang.jpg
INFO: [ app_init ] --START--
INFO: Run Behavior\BuildLiteBehavior [ RunTime:0.000000s ]
INFO: [ app_init ] --END-- [ RunTime:0.000000s ]
ERR: 无法加载模块:Application

[ 2017-09-23T09:18:52+08:00 ] ::1 /lianshuomai/Application/Home/View/Index/__PUBLIC__/img/logo/nike.jpg
INFO: [ app_init ] --START--
INFO: Run Behavior\BuildLiteBehavior [ RunTime:0.000000s ]
INFO: [ app_init ] --END-- [ RunTime:0.000000s ]
ERR: 无法加载模块:Application

[ 2017-09-23T09:18:52+08:00 ] ::1 /lianshuomai/Application/Home/View/Index/__PUBLIC__/img/logo/zhangpeng%20(1).jpg
INFO: [ app_init ] --START--
INFO: Run Behavior\BuildLiteBehavior [ RunTime:0.000000s ]
INFO: [ app_init ] --END-- [ RunTime:0.001000s ]
ERR: 无法加载模块:Application

[ 2017-09-23T09:18:52+08:00 ] ::1 /lianshuomai/Application/Home/View/Index/__PUBLIC__/img/logo/jifeante.jpg
INFO: [ app_init ] --START--
INFO: Run Behavior\BuildLiteBehavior [ RunTime:0.000000s ]
INFO: [ app_init ] --END-- [ RunTime:0.000000s ]
ERR: 无法加载模块:Application

[ 2017-09-23T09:18:52+08:00 ] ::1 /lianshuomai/Application/Home/View/Index/__PUBLIC__/img/logo/adidas.jpg
INFO: [ app_init ] --START--
INFO: Run Behavior\BuildLiteBehavior [ RunTime:0.001000s ]
INFO: [ app_init ] --END-- [ RunTime:0.001000s ]
ERR: 无法加载模块:Application

[ 2017-09-23T09:18:52+08:00 ] ::1 /lianshuomai/Application/Home/View/Index/__PUBLIC__/img/logo/food.jpg
INFO: [ app_init ] --START--
INFO: Run Behavior\BuildLiteBehavior [ RunTime:0.000000s ]
INFO: [ app_init ] --END-- [ RunTime:0.000000s ]
ERR: 无法加载模块:Application

[ 2017-09-23T09:18:52+08:00 ] ::1 /lianshuomai/Application/Home/View/Index/__PUBLIC__/img/logo/lianpinuz.jpg
INFO: [ app_init ] --START--
INFO: Run Behavior\BuildLiteBehavior [ RunTime:0.000000s ]
INFO: [ app_init ] --END-- [ RunTime:0.000000s ]
ERR: 无法加载模块:Application

[ 2017-09-23T09:18:52+08:00 ] ::1 /lianshuomai/Application/Home/View/Index/__PUBLIC__/img/logo/xiannongle.jpg
INFO: [ app_init ] --START--
INFO: Run Behavior\BuildLiteBehavior [ RunTime:0.000000s ]
INFO: [ app_init ] --END-- [ RunTime:0.000000s ]
ERR: 无法加载模块:Application

[ 2017-09-23T09:18:52+08:00 ] ::1 /lianshuomai/Application/Home/View/Index/__PUBLIC__/img/logo/goldal.jpg
INFO: [ app_init ] --START--
INFO: Run Behavior\BuildLiteBehavior [ RunTime:0.000000s ]
INFO: [ app_init ] --END-- [ RunTime:0.000000s ]
ERR: 无法加载模块:Application

[ 2017-09-23T09:18:52+08:00 ] ::1 /lianshuomai/Application/Home/View/Index/__PUBLIC__/img/logo/rBQKyVdjUXKAVN1WAABHkJ1LXCU479.jpg
INFO: [ app_init ] --START--
INFO: Run Behavior\BuildLiteBehavior [ RunTime:0.000000s ]
INFO: [ app_init ] --END-- [ RunTime:0.001000s ]
ERR: 无法加载模块:Application

[ 2017-09-23T09:18:52+08:00 ] ::1 /lianshuomai/Application/Home/View/Index/__PUBLIC__/img/logo/apple.jpg
INFO: [ app_init ] --START--
INFO: Run Behavior\BuildLiteBehavior [ RunTime:0.000000s ]
INFO: [ app_init ] --END-- [ RunTime:0.000000s ]
ERR: 无法加载模块:Application

[ 2017-09-23T09:18:52+08:00 ] ::1 /lianshuomai/Application/Home/View/Index/__PUBLIC__/img/logo/samsung.jpg
INFO: [ app_init ] --START--
INFO: Run Behavior\BuildLiteBehavior [ RunTime:0.000000s ]
INFO: [ app_init ] --END-- [ RunTime:0.000000s ]
ERR: 无法加载模块:Application

[ 2017-09-23T09:18:52+08:00 ] ::1 /lianshuomai/Application/Home/View/Index/__PUBLIC__/img/logo/meizu.jpg
INFO: [ app_init ] --START--
INFO: Run Behavior\BuildLiteBehavior [ RunTime:0.000000s ]
INFO: [ app_init ] --END-- [ RunTime:0.000000s ]
ERR: 无法加载模块:Application

[ 2017-09-23T09:18:52+08:00 ] ::1 /lianshuomai/Application/Home/View/Index/__PUBLIC__/img/logo/dnvJvFaEzbuAQ0eyAABPA5HWnOw867.jpg
INFO: [ app_init ] --START--
INFO: Run Behavior\BuildLiteBehavior [ RunTime:0.000000s ]
INFO: [ app_init ] --END-- [ RunTime:0.000000s ]
ERR: 无法加载模块:Application

[ 2017-09-23T09:18:52+08:00 ] ::1 /lianshuomai/Application/Home/View/Index/__PUBLIC__/img/logo/beiens.jpg
INFO: [ app_init ] --START--
INFO: Run Behavior\BuildLiteBehavior [ RunTime:0.000000s ]
INFO: [ app_init ] --END-- [ RunTime:0.000000s ]
ERR: 无法加载模块:Application

[ 2017-09-23T09:18:52+08:00 ] ::1 /lianshuomai/Application/Home/View/Index/__PUBLIC__/img/logo/balabala.jpg
INFO: [ app_init ] --START--
INFO: Run Behavior\BuildLiteBehavior [ RunTime:0.000000s ]
INFO: [ app_init ] --END-- [ RunTime:0.000000s ]
ERR: 无法加载模块:Application

[ 2017-09-23T09:18:52+08:00 ] ::1 /lianshuomai/Application/Home/View/Index/__PUBLIC__/img/logo/dishini.jpg
INFO: [ app_init ] --START--
INFO: Run Behavior\BuildLiteBehavior [ RunTime:0.000000s ]
INFO: [ app_init ] --END-- [ RunTime:0.000000s ]
ERR: 无法加载模块:Application

[ 2017-09-23T09:18:52+08:00 ] ::1 /lianshuomai/Application/Home/View/Index/__PUBLIC__/img/logo/dnvJvFaEzfWAWW_YAABCB_C0xRM953.jpg
INFO: [ app_init ] --START--
INFO: Run Behavior\BuildLiteBehavior [ RunTime:0.000000s ]
INFO: [ app_init ] --END-- [ RunTime:0.000000s ]
ERR: 无法加载模块:Application

[ 2017-09-23T09:18:52+08:00 ] ::1 /lianshuomai/Application/Home/View/Index/__PUBLIC__/img/logo/daphne.jpg
INFO: [ app_init ] --START--
INFO: Run Behavior\BuildLiteBehavior [ RunTime:0.000000s ]
INFO: [ app_init ] --END-- [ RunTime:0.000000s ]
ERR: 无法加载模块:Application

[ 2017-09-23T09:18:52+08:00 ] ::1 /lianshuomai/Application/Home/View/Index/__PUBLIC__/img/logo/searovski.jpg
INFO: [ app_init ] --START--
INFO: Run Behavior\BuildLiteBehavior [ RunTime:0.000000s ]
INFO: [ app_init ] --END-- [ RunTime:0.001000s ]
ERR: 无法加载模块:Application

[ 2017-09-23T09:18:52+08:00 ] ::1 /lianshuomai/Application/Home/View/Index/__PUBLIC__/img/logo/dao.jpg
INFO: [ app_init ] --START--
INFO: Run Behavior\BuildLiteBehavior [ RunTime:0.000000s ]
INFO: [ app_init ] --END-- [ RunTime:0.000000s ]
ERR: 无法加载模块:Application

[ 2017-09-23T09:18:52+08:00 ] ::1 /lianshuomai/Application/Home/View/Index/__PUBLIC__/img/logo/rBQKyVdjUYmAbexyAABcjcvqDh4518.jpg
INFO: [ app_init ] --START--
INFO: Run Behavior\BuildLiteBehavior [ RunTime:0.000000s ]
INFO: [ app_init ] --END-- [ RunTime:0.000000s ]
ERR: 无法加载模块:Application

[ 2017-09-23T09:18:52+08:00 ] ::1 /lianshuomai/Application/Home/View/Index/__PUBLIC__/img/logo/only.jpg
INFO: [ app_init ] --START--
INFO: Run Behavior\BuildLiteBehavior [ RunTime:0.000000s ]
INFO: [ app_init ] --END-- [ RunTime:0.000000s ]
ERR: 无法加载模块:Application

[ 2017-09-23T09:18:52+08:00 ] ::1 /lianshuomai/Application/Home/View/Index/__PUBLIC__/img/logo/jackjones.jpg
INFO: [ app_init ] --START--
INFO: Run Behavior\BuildLiteBehavior [ RunTime:0.000000s ]
INFO: [ app_init ] --END-- [ RunTime:0.001000s ]
ERR: 无法加载模块:Application

[ 2017-09-23T09:18:52+08:00 ] ::1 /lianshuomai/Application/Home/View/Index/__PUBLIC__/img/logo/feibo.jpg
INFO: [ app_init ] --START--
INFO: Run Behavior\BuildLiteBehavior [ RunTime:0.000000s ]
INFO: [ app_init ] --END-- [ RunTime:0.001000s ]
ERR: 无法加载模块:Application

[ 2017-09-23T09:18:52+08:00 ] ::1 /lianshuomai/Application/Home/View/Index/__PUBLIC__/img/logo/lachapelle.jpg
INFO: [ app_init ] --START--
INFO: Run Behavior\BuildLiteBehavior [ RunTime:0.000000s ]
INFO: [ app_init ] --END-- [ RunTime:0.001000s ]
ERR: 无法加载模块:Application

[ 2017-09-23T09:18:52+08:00 ] ::1 /lianshuomai/Application/Home/View/Index/__PUBLIC__/img/logo/dnvJvFaEzk2AGpw-AABHHJX1ngk735.jpg
INFO: [ app_init ] --START--
INFO: Run Behavior\BuildLiteBehavior [ RunTime:0.000000s ]
INFO: [ app_init ] --END-- [ RunTime:0.001000s ]
ERR: 无法加载模块:Application

[ 2017-09-23T09:18:52+08:00 ] ::1 /lianshuomai/Application/Home/View/Index/__PUBLIC__/img/logo/huaquan.jpg
INFO: [ app_init ] --START--
INFO: Run Behavior\BuildLiteBehavior [ RunTime:0.000000s ]
INFO: [ app_init ] --END-- [ RunTime:0.001000s ]
ERR: 无法加载模块:Application

[ 2017-09-23T09:18:52+08:00 ] ::1 /lianshuomai/Application/Home/View/Index/__PUBLIC__/img/logo/maidi.jpg
INFO: [ app_init ] --START--
INFO: Run Behavior\BuildLiteBehavior [ RunTime:0.000000s ]
INFO: [ app_init ] --END-- [ RunTime:0.000000s ]
ERR: 无法加载模块:Application

[ 2017-09-23T09:18:52+08:00 ] ::1 /lianshuomai/Application/Home/View/Index/__PUBLIC__/img/logo/opp.jpg
INFO: [ app_init ] --START--
INFO: Run Behavior\BuildLiteBehavior [ RunTime:0.000000s ]
INFO: [ app_init ] --END-- [ RunTime:0.001000s ]
ERR: 无法加载模块:Application

[ 2017-09-23T09:18:52+08:00 ] ::1 /lianshuomai/Application/Home/View/Index/__PUBLIC__/img/logo/feilipu.jpg
INFO: [ app_init ] --START--
INFO: Run Behavior\BuildLiteBehavior [ RunTime:0.000000s ]
INFO: [ app_init ] --END-- [ RunTime:0.000000s ]
ERR: 无法加载模块:Application

[ 2017-09-23T09:18:52+08:00 ] ::1 /lianshuomai/Application/Home/View/Index/__PUBLIC__/img/logo/rBQKyVdjUZyAHZYeAABgSAxyGno147.jpg
INFO: [ app_init ] --START--
INFO: Run Behavior\BuildLiteBehavior [ RunTime:0.000000s ]
INFO: [ app_init ] --END-- [ RunTime:0.000000s ]
ERR: 无法加载模块:Application

[ 2017-09-23T09:18:52+08:00 ] ::1 /lianshuomai/Application/Home/View/Index/__PUBLIC__/img/logo/ximenzi.jpg
INFO: [ app_init ] --START--
INFO: Run Behavior\BuildLiteBehavior [ RunTime:0.000000s ]
INFO: [ app_init ] --END-- [ RunTime:0.001000s ]
ERR: 无法加载模块:Application

[ 2017-09-23T09:18:52+08:00 ] ::1 /lianshuomai/Application/Home/View/Index/__PUBLIC__/img/logo/chanel.jpg
INFO: [ app_init ] --START--
INFO: Run Behavior\BuildLiteBehavior [ RunTime:0.000000s ]
INFO: [ app_init ] --END-- [ RunTime:0.001000s ]
ERR: 无法加载模块:Application

[ 2017-09-23T09:18:52+08:00 ] ::1 /lianshuomai/Application/Home/View/Index/__PUBLIC__/img/logo/tool.jpg
INFO: [ app_init ] --START--
INFO: Run Behavior\BuildLiteBehavior [ RunTime:0.000000s ]
INFO: [ app_init ] --END-- [ RunTime:0.000000s ]
ERR: 无法加载模块:Application

[ 2017-09-23T09:18:52+08:00 ] ::1 /lianshuomai/Application/Home/View/Index/__PUBLIC__/img/logo/lancome.jpg
INFO: [ app_init ] --START--
INFO: Run Behavior\BuildLiteBehavior [ RunTime:0.000000s ]
INFO: [ app_init ] --END-- [ RunTime:0.000000s ]
ERR: 无法加载模块:Application

[ 2017-09-23T09:18:52+08:00 ] ::1 /lianshuomai/Application/Home/View/Index/__PUBLIC__/img/logo/loreal.jpg
INFO: [ app_init ] --START--
INFO: Run Behavior\BuildLiteBehavior [ RunTime:0.000000s ]
INFO: [ app_init ] --END-- [ RunTime:0.000000s ]
ERR: 无法加载模块:Application

[ 2017-09-23T09:18:52+08:00 ] ::1 /lianshuomai/Application/Home/View/Index/__PUBLIC__/img/logo/dnvJvFaEzsGActX4AAAydUXpUMM663.jpg
INFO: [ app_init ] --START--
INFO: Run Behavior\BuildLiteBehavior [ RunTime:0.000000s ]
INFO: [ app_init ] --END-- [ RunTime:0.000000s ]
ERR: 无法加载模块:Application

[ 2017-09-23T09:18:53+08:00 ] ::1 /lianshuomai/Application/Home/View/Index/__PUBLIC__/img/logo/deliwn.jpg
INFO: [ app_init ] --START--
INFO: Run Behavior\BuildLiteBehavior [ RunTime:0.000000s ]
INFO: [ app_init ] --END-- [ RunTime:0.000000s ]
ERR: 无法加载模块:Application

[ 2017-09-23T09:18:53+08:00 ] ::1 /lianshuomai/Application/Home/View/Index/__PUBLIC__/img/logo/wuyinliangpin.jpg
INFO: [ app_init ] --START--
INFO: Run Behavior\BuildLiteBehavior [ RunTime:0.000000s ]
INFO: [ app_init ] --END-- [ RunTime:0.000000s ]
ERR: 无法加载模块:Application

[ 2017-09-23T09:18:53+08:00 ] ::1 /lianshuomai/Application/Home/View/Index/__PUBLIC__/img/logo/chenguang.jpg
INFO: [ app_init ] --START--
INFO: Run Behavior\BuildLiteBehavior [ RunTime:0.000000s ]
INFO: [ app_init ] --END-- [ RunTime:0.001000s ]
ERR: 无法加载模块:Application

[ 2017-09-23T09:18:53+08:00 ] ::1 /lianshuomai/Application/Home/View/Index/__PUBLIC__/img/logo/dnvJvFaEzxaAWAfyAABHjZggXu4362.jpg
INFO: [ app_init ] --START--
INFO: Run Behavior\BuildLiteBehavior [ RunTime:0.000000s ]
INFO: [ app_init ] --END-- [ RunTime:0.000000s ]
ERR: 无法加载模块:Application

[ 2017-09-23T09:18:53+08:00 ] ::1 /lianshuomai/Application/Home/View/Index/__PUBLIC__/img/logo/yuma.jpg
INFO: [ app_init ] --START--
INFO: Run Behavior\BuildLiteBehavior [ RunTime:0.000000s ]
INFO: [ app_init ] --END-- [ RunTime:0.000000s ]
ERR: 无法加载模块:Application

[ 2017-09-23T09:18:53+08:00 ] ::1 /lianshuomai/Application/Home/View/Index/__PUBLIC__/img/logo/miqilin.jpg
INFO: [ app_init ] --START--
INFO: Run Behavior\BuildLiteBehavior [ RunTime:0.000000s ]
INFO: [ app_init ] --END-- [ RunTime:0.001000s ]
ERR: 无法加载模块:Application

[ 2017-09-23T09:18:53+08:00 ] ::1 /lianshuomai/Application/Home/View/Index/__PUBLIC__/img/logo/kashida.jpg
INFO: [ app_init ] --START--
INFO: Run Behavior\BuildLiteBehavior [ RunTime:0.000000s ]
INFO: [ app_init ] --END-- [ RunTime:0.001000s ]
ERR: 无法加载模块:Application

[ 2017-09-23T09:18:53+08:00 ] ::1 /lianshuomai/Application/Home/View/Index/__PUBLIC__/img/logo/dnvJvFaEzzyAZWxyAABDXA8qNgw831.jpg
INFO: [ app_init ] --START--
INFO: Run Behavior\BuildLiteBehavior [ RunTime:0.000000s ]
INFO: [ app_init ] --END-- [ RunTime:0.000000s ]
ERR: 无法加载模块:Application

[ 2017-09-23T09:18:53+08:00 ] ::1 /lianshuomai/Application/Home/View/Index/__PUBLIC__/img/logo/boshi.jpg
INFO: [ app_init ] --START--
INFO: Run Behavior\BuildLiteBehavior [ RunTime:0.000000s ]
INFO: [ app_init ] --END-- [ RunTime:0.001000s ]
ERR: 无法加载模块:Application

[ 2017-09-23T09:18:53+08:00 ] ::1 /lianshuomai/Application/Home/View/Index/__PUBLIC__/img/logo/deli.jpg
INFO: [ app_init ] --START--
INFO: Run Behavior\BuildLiteBehavior [ RunTime:0.000000s ]
INFO: [ app_init ] --END-- [ RunTime:0.000000s ]
ERR: 无法加载模块:Application

[ 2017-09-23T09:18:53+08:00 ] ::1 /lianshuomai/Application/Home/View/Index/__PUBLIC__/img/logo/shengli.jpg
INFO: [ app_init ] --START--
INFO: Run Behavior\BuildLiteBehavior [ RunTime:0.000000s ]
INFO: [ app_init ] --END-- [ RunTime:0.000000s ]
ERR: 无法加载模块:Application

[ 2017-09-23T09:18:53+08:00 ] ::1 /lianshuomai/Application/Home/View/Index/__PUBLIC__/img/logo/dnvJvFaEz1mABqRlAAA3YKa7GFQ161.jpg
INFO: [ app_init ] --START--
INFO: Run Behavior\BuildLiteBehavior [ RunTime:0.000000s ]
INFO: [ app_init ] --END-- [ RunTime:0.000000s ]
ERR: 无法加载模块:Application

[ 2017-09-23T09:18:53+08:00 ] ::1 /lianshuomai/Application/Home/View/Index/__PUBLIC__/img/logo/yuanl.jpg
INFO: [ app_init ] --START--
INFO: Run Behavior\BuildLiteBehavior [ RunTime:0.000000s ]
INFO: [ app_init ] --END-- [ RunTime:0.001000s ]
ERR: 无法加载模块:Application

[ 2017-09-23T09:18:53+08:00 ] ::1 /lianshuomai/Application/Home/View/Index/__PUBLIC__/img/logo/cixifang.jpg
INFO: [ app_init ] --START--
INFO: Run Behavior\BuildLiteBehavior [ RunTime:0.000000s ]
INFO: [ app_init ] --END-- [ RunTime:0.000000s ]
ERR: 无法加载模块:Application

[ 2017-09-23T09:18:53+08:00 ] ::1 /lianshuomai/Application/Home/View/Index/__PUBLIC__/img/logo/yunduo.jpg
INFO: [ app_init ] --START--
INFO: Run Behavior\BuildLiteBehavior [ RunTime:0.000000s ]
INFO: [ app_init ] --END-- [ RunTime:0.000000s ]
ERR: 无法加载模块:Application

[ 2017-09-23T09:18:53+08:00 ] ::1 /lianshuomai/Application/Home/View/Index/__PUBLIC__/img/logo/shipin.jpg
INFO: [ app_init ] --START--
INFO: Run Behavior\BuildLiteBehavior [ RunTime:0.000000s ]
INFO: [ app_init ] --END-- [ RunTime:0.001000s ]
ERR: 无法加载模块:Application

[ 2017-09-23T09:18:53+08:00 ] ::1 /lianshuomai/Application/Home/View/Index/__PUBLIC__/img/logo/dong.jpg
INFO: [ app_init ] --START--
INFO: Run Behavior\BuildLiteBehavior [ RunTime:0.000000s ]
INFO: [ app_init ] --END-- [ RunTime:0.000000s ]
ERR: 无法加载模块:Application

[ 2017-09-23T09:18:53+08:00 ] ::1 /lianshuomai/Application/Home/View/Index/__PUBLIC__/img/logo/betters.jpg
INFO: [ app_init ] --START--
INFO: Run Behavior\BuildLiteBehavior [ RunTime:0.000000s ]
INFO: [ app_init ] --END-- [ RunTime:0.000000s ]
ERR: 无法加载模块:Application

[ 2017-09-23T09:18:53+08:00 ] ::1 /lianshuomai/Application/Home/View/Index/__PUBLIC__/images/hitpic.png
INFO: [ app_init ] --START--
INFO: Run Behavior\BuildLiteBehavior [ RunTime:0.000000s ]
INFO: [ app_init ] --END-- [ RunTime:0.001000s ]
ERR: 无法加载模块:Application

[ 2017-09-23T09:18:53+08:00 ] ::1 /lianshuomai/Application/Home/View/Index/__PUBLIC__/img/avatar.png
INFO: [ app_init ] --START--
INFO: Run Behavior\BuildLiteBehavior [ RunTime:0.000000s ]
INFO: [ app_init ] --END-- [ RunTime:0.001000s ]
ERR: 无法加载模块:Application

[ 2017-09-23T09:21:30+08:00 ] ::1 /lianshuomai/Application/Home/View/Index/__PUBLIC__/css/index.css
INFO: [ app_init ] --START--
INFO: Run Behavior\BuildLiteBehavior [ RunTime:0.000000s ]
INFO: [ app_init ] --END-- [ RunTime:0.000000s ]
ERR: 无法加载模块:Application

[ 2017-09-23T09:21:30+08:00 ] ::1 /lianshuomai/Application/Home/View/Index/__PUBLIC__/css/reset.css
INFO: [ app_init ] --START--
INFO: Run Behavior\BuildLiteBehavior [ RunTime:0.000000s ]
INFO: [ app_init ] --END-- [ RunTime:0.000000s ]
ERR: 无法加载模块:Application

[ 2017-09-23T09:21:30+08:00 ] ::1 /lianshuomai/Application/Home/View/Index/__PUBLIC__/js/aj_add.js
INFO: [ app_init ] --START--
INFO: Run Behavior\BuildLiteBehavior [ RunTime:0.000000s ]
INFO: [ app_init ] --END-- [ RunTime:0.000000s ]
ERR: 无法加载模块:Application

[ 2017-09-23T09:21:30+08:00 ] ::1 /lianshuomai/Application/Home/View/Index/__PUBLIC__/js/jquery-1.11.3.js
INFO: [ app_init ] --START--
INFO: Run Behavior\BuildLiteBehavior [ RunTime:0.000000s ]
INFO: [ app_init ] --END-- [ RunTime:0.000000s ]
ERR: 无法加载模块:Application

[ 2017-09-23T09:21:30+08:00 ] ::1 /lianshuomai/Application/Home/View/Index/__PUBLIC__/images/hitpic.png
INFO: [ app_init ] --START--
INFO: Run Behavior\BuildLiteBehavior [ RunTime:0.001000s ]
INFO: [ app_init ] --END-- [ RunTime:0.001000s ]
ERR: 无法加载模块:Application

[ 2017-09-23T09:21:30+08:00 ] ::1 /lianshuomai/Application/Home/View/Index/__PUBLIC__/img/banner_02.jpg
INFO: [ app_init ] --START--
INFO: Run Behavior\BuildLiteBehavior [ RunTime:0.000000s ]
INFO: [ app_init ] --END-- [ RunTime:0.000000s ]
ERR: 无法加载模块:Application

[ 2017-09-23T09:21:30+08:00 ] ::1 /lianshuomai/Application/Home/View/Index/__PUBLIC__/img/banner_01.jpg
INFO: [ app_init ] --START--
INFO: Run Behavior\BuildLiteBehavior [ RunTime:0.000000s ]
INFO: [ app_init ] --END-- [ RunTime:0.001000s ]
ERR: 无法加载模块:Application

[ 2017-09-23T09:21:30+08:00 ] ::1 /lianshuomai/Application/Home/View/Index/__PUBLIC__/img/banner_03.jpg
INFO: [ app_init ] --START--
INFO: Run Behavior\BuildLiteBehavior [ RunTime:0.000000s ]
INFO: [ app_init ] --END-- [ RunTime:0.000000s ]
ERR: 无法加载模块:Application

[ 2017-09-23T09:21:31+08:00 ] ::1 /lianshuomai/Application/Home/View/Index/__PUBLIC__/img/avatar.png
INFO: [ app_init ] --START--
INFO: Run Behavior\BuildLiteBehavior [ RunTime:0.000000s ]
INFO: [ app_init ] --END-- [ RunTime:0.001000s ]
ERR: 无法加载模块:Application

[ 2017-09-23T09:21:31+08:00 ] ::1 /lianshuomai/Application/Home/View/Index/__PUBLIC__/img/01.jpg
INFO: [ app_init ] --START--
INFO: Run Behavior\BuildLiteBehavior [ RunTime:0.000000s ]
INFO: [ app_init ] --END-- [ RunTime:0.000000s ]
ERR: 无法加载模块:Application

[ 2017-09-23T09:21:31+08:00 ] ::1 /lianshuomai/Application/Home/View/Index/__PUBLIC__/img/riyong.jpg
INFO: [ app_init ] --START--
INFO: Run Behavior\BuildLiteBehavior [ RunTime:0.000000s ]
INFO: [ app_init ] --END-- [ RunTime:0.001000s ]
ERR: 无法加载模块:Application

[ 2017-09-23T09:21:31+08:00 ] ::1 /lianshuomai/Application/Home/View/Index/__PUBLIC__/img/03%20.jpg
INFO: [ app_init ] --START--
INFO: Run Behavior\BuildLiteBehavior [ RunTime:0.000000s ]
INFO: [ app_init ] --END-- [ RunTime:0.001000s ]
ERR: 无法加载模块:Application

[ 2017-09-23T09:21:31+08:00 ] ::1 /lianshuomai/Application/Home/View/Index/__PUBLIC__/img/05.jpg
INFO: [ app_init ] --START--
INFO: Run Behavior\BuildLiteBehavior [ RunTime:0.000000s ]
INFO: [ app_init ] --END-- [ RunTime:0.000000s ]
ERR: 无法加载模块:Application

[ 2017-09-23T09:21:31+08:00 ] ::1 /lianshuomai/Application/Home/View/Index/__PUBLIC__/img/logo/fuanna.jpg
INFO: [ app_init ] --START--
INFO: Run Behavior\BuildLiteBehavior [ RunTime:0.000000s ]
INFO: [ app_init ] --END-- [ RunTime:0.000000s ]
ERR: 无法加载模块:Application

[ 2017-09-23T09:21:31+08:00 ] ::1 /lianshuomai/Application/Home/View/Index/__PUBLIC__/img/beizi.jpg
INFO: [ app_init ] --START--
INFO: Run Behavior\BuildLiteBehavior [ RunTime:0.000000s ]
INFO: [ app_init ] --END-- [ RunTime:0.000000s ]
ERR: 无法加载模块:Application

[ 2017-09-23T09:21:31+08:00 ] ::1 /lianshuomai/Application/Home/View/Index/__PUBLIC__/img/logo/hengyuanxiag.jpg
INFO: [ app_init ] --START--
INFO: Run Behavior\BuildLiteBehavior [ RunTime:0.000000s ]
INFO: [ app_init ] --END-- [ RunTime:0.000000s ]
ERR: 无法加载模块:Application

[ 2017-09-23T09:21:31+08:00 ] ::1 /lianshuomai/Application/Home/View/Index/__PUBLIC__/img/logo/nike.jpg
INFO: [ app_init ] --START--
INFO: Run Behavior\BuildLiteBehavior [ RunTime:0.000000s ]
INFO: [ app_init ] --END-- [ RunTime:0.000000s ]
ERR: 无法加载模块:Application

[ 2017-09-23T09:21:31+08:00 ] ::1 /lianshuomai/Application/Home/View/Index/__PUBLIC__/img/logo/shuxingjiafang.jpg
INFO: [ app_init ] --START--
INFO: Run Behavior\BuildLiteBehavior [ RunTime:0.000000s ]
INFO: [ app_init ] --END-- [ RunTime:0.000000s ]
ERR: 无法加载模块:Application

[ 2017-09-23T09:21:31+08:00 ] ::1 /lianshuomai/Application/Home/View/Index/__PUBLIC__/img/logo/zhangpeng%20(1).jpg
INFO: [ app_init ] --START--
INFO: Run Behavior\BuildLiteBehavior [ RunTime:0.000000s ]
INFO: [ app_init ] --END-- [ RunTime:0.001000s ]
ERR: 无法加载模块:Application

[ 2017-09-23T09:21:31+08:00 ] ::1 /lianshuomai/Application/Home/View/Index/__PUBLIC__/img/logo/jifeante.jpg
INFO: [ app_init ] --START--
INFO: Run Behavior\BuildLiteBehavior [ RunTime:0.000000s ]
INFO: [ app_init ] --END-- [ RunTime:0.000000s ]
ERR: 无法加载模块:Application

[ 2017-09-23T09:21:31+08:00 ] ::1 /lianshuomai/Application/Home/View/Index/__PUBLIC__/img/logo/adidas.jpg
INFO: [ app_init ] --START--
INFO: Run Behavior\BuildLiteBehavior [ RunTime:0.000000s ]
INFO: [ app_init ] --END-- [ RunTime:0.000000s ]
ERR: 无法加载模块:Application

[ 2017-09-23T09:21:31+08:00 ] ::1 /lianshuomai/Application/Home/View/Index/__PUBLIC__/img/logo/food.jpg
INFO: [ app_init ] --START--
INFO: Run Behavior\BuildLiteBehavior [ RunTime:0.000000s ]
INFO: [ app_init ] --END-- [ RunTime:0.000000s ]
ERR: 无法加载模块:Application

[ 2017-09-23T09:21:31+08:00 ] ::1 /lianshuomai/Application/Home/View/Index/__PUBLIC__/img/logo/lianpinuz.jpg
INFO: [ app_init ] --START--
INFO: Run Behavior\BuildLiteBehavior [ RunTime:0.000000s ]
INFO: [ app_init ] --END-- [ RunTime:0.000000s ]
ERR: 无法加载模块:Application

[ 2017-09-23T09:21:31+08:00 ] ::1 /lianshuomai/Application/Home/View/Index/__PUBLIC__/img/logo/goldal.jpg
INFO: [ app_init ] --START--
INFO: Run Behavior\BuildLiteBehavior [ RunTime:0.000000s ]
INFO: [ app_init ] --END-- [ RunTime:0.001000s ]
ERR: 无法加载模块:Application

[ 2017-09-23T09:21:31+08:00 ] ::1 /lianshuomai/Application/Home/View/Index/__PUBLIC__/img/logo/xiannongle.jpg
INFO: [ app_init ] --START--
INFO: Run Behavior\BuildLiteBehavior [ RunTime:0.000000s ]
INFO: [ app_init ] --END-- [ RunTime:0.001000s ]
ERR: 无法加载模块:Application

[ 2017-09-23T09:21:31+08:00 ] ::1 /lianshuomai/Application/Home/View/Index/__PUBLIC__/img/logo/apple.jpg
INFO: [ app_init ] --START--
INFO: Run Behavior\BuildLiteBehavior [ RunTime:0.000000s ]
INFO: [ app_init ] --END-- [ RunTime:0.000000s ]
ERR: 无法加载模块:Application

[ 2017-09-23T09:21:31+08:00 ] ::1 /lianshuomai/Application/Home/View/Index/__PUBLIC__/img/logo/rBQKyVdjUXKAVN1WAABHkJ1LXCU479.jpg
INFO: [ app_init ] --START--
INFO: Run Behavior\BuildLiteBehavior [ RunTime:0.000000s ]
INFO: [ app_init ] --END-- [ RunTime:0.000000s ]
ERR: 无法加载模块:Application

[ 2017-09-23T09:21:31+08:00 ] ::1 /lianshuomai/Application/Home/View/Index/__PUBLIC__/img/logo/samsung.jpg
INFO: [ app_init ] --START--
INFO: Run Behavior\BuildLiteBehavior [ RunTime:0.000000s ]
INFO: [ app_init ] --END-- [ RunTime:0.000000s ]
ERR: 无法加载模块:Application

[ 2017-09-23T09:21:31+08:00 ] ::1 /lianshuomai/Application/Home/View/Index/__PUBLIC__/img/logo/meizu.jpg
INFO: [ app_init ] --START--
INFO: Run Behavior\BuildLiteBehavior [ RunTime:0.000000s ]
INFO: [ app_init ] --END-- [ RunTime:0.000000s ]
ERR: 无法加载模块:Application

[ 2017-09-23T09:21:31+08:00 ] ::1 /lianshuomai/Application/Home/View/Index/__PUBLIC__/img/logo/beiens.jpg
INFO: [ app_init ] --START--
INFO: Run Behavior\BuildLiteBehavior [ RunTime:0.000000s ]
INFO: [ app_init ] --END-- [ RunTime:0.001000s ]
ERR: 无法加载模块:Application

[ 2017-09-23T09:21:31+08:00 ] ::1 /lianshuomai/Application/Home/View/Index/__PUBLIC__/img/logo/dnvJvFaEzbuAQ0eyAABPA5HWnOw867.jpg
INFO: [ app_init ] --START--
INFO: Run Behavior\BuildLiteBehavior [ RunTime:0.000000s ]
INFO: [ app_init ] --END-- [ RunTime:0.000000s ]
ERR: 无法加载模块:Application

[ 2017-09-23T09:21:31+08:00 ] ::1 /lianshuomai/Application/Home/View/Index/__PUBLIC__/img/logo/dishini.jpg
INFO: [ app_init ] --START--
INFO: Run Behavior\BuildLiteBehavior [ RunTime:0.000000s ]
INFO: [ app_init ] --END-- [ RunTime:0.000000s ]
ERR: 无法加载模块:Application

[ 2017-09-23T09:21:31+08:00 ] ::1 /lianshuomai/Application/Home/View/Index/__PUBLIC__/img/logo/balabala.jpg
INFO: [ app_init ] --START--
INFO: Run Behavior\BuildLiteBehavior [ RunTime:0.000000s ]
INFO: [ app_init ] --END-- [ RunTime:0.000000s ]
ERR: 无法加载模块:Application

[ 2017-09-23T09:21:31+08:00 ] ::1 /lianshuomai/Application/Home/View/Index/__PUBLIC__/img/logo/searovski.jpg
INFO: [ app_init ] --START--
INFO: Run Behavior\BuildLiteBehavior [ RunTime:0.000000s ]
INFO: [ app_init ] --END-- [ RunTime:0.000000s ]
ERR: 无法加载模块:Application

[ 2017-09-23T09:21:31+08:00 ] ::1 /lianshuomai/Application/Home/View/Index/__PUBLIC__/img/logo/dnvJvFaEzfWAWW_YAABCB_C0xRM953.jpg
INFO: [ app_init ] --START--
INFO: Run Behavior\BuildLiteBehavior [ RunTime:0.000000s ]
INFO: [ app_init ] --END-- [ RunTime:0.000000s ]
ERR: 无法加载模块:Application

[ 2017-09-23T09:21:31+08:00 ] ::1 /lianshuomai/Application/Home/View/Index/__PUBLIC__/img/logo/daphne.jpg
INFO: [ app_init ] --START--
INFO: Run Behavior\BuildLiteBehavior [ RunTime:0.000000s ]
INFO: [ app_init ] --END-- [ RunTime:0.000000s ]
ERR: 无法加载模块:Application

[ 2017-09-23T09:21:31+08:00 ] ::1 /lianshuomai/Application/Home/View/Index/__PUBLIC__/img/logo/dao.jpg
INFO: [ app_init ] --START--
INFO: Run Behavior\BuildLiteBehavior [ RunTime:0.000000s ]
INFO: [ app_init ] --END-- [ RunTime:0.000000s ]
ERR: 无法加载模块:Application

[ 2017-09-23T09:21:31+08:00 ] ::1 /lianshuomai/Application/Home/View/Index/__PUBLIC__/img/logo/rBQKyVdjUYmAbexyAABcjcvqDh4518.jpg
INFO: [ app_init ] --START--
INFO: Run Behavior\BuildLiteBehavior [ RunTime:0.000000s ]
INFO: [ app_init ] --END-- [ RunTime:0.001000s ]
ERR: 无法加载模块:Application

[ 2017-09-23T09:21:31+08:00 ] ::1 /lianshuomai/Application/Home/View/Index/__PUBLIC__/img/logo/only.jpg
INFO: [ app_init ] --START--
INFO: Run Behavior\BuildLiteBehavior [ RunTime:0.000000s ]
INFO: [ app_init ] --END-- [ RunTime:0.001000s ]
ERR: 无法加载模块:Application

[ 2017-09-23T09:21:31+08:00 ] ::1 /lianshuomai/Application/Home/View/Index/__PUBLIC__/img/logo/jackjones.jpg
INFO: [ app_init ] --START--
INFO: Run Behavior\BuildLiteBehavior [ RunTime:0.000000s ]
INFO: [ app_init ] --END-- [ RunTime:0.000000s ]
ERR: 无法加载模块:Application

[ 2017-09-23T09:21:31+08:00 ] ::1 /lianshuomai/Application/Home/View/Index/__PUBLIC__/img/logo/lachapelle.jpg
INFO: [ app_init ] --START--
INFO: Run Behavior\BuildLiteBehavior [ RunTime:0.000000s ]
INFO: [ app_init ] --END-- [ RunTime:0.000000s ]
ERR: 无法加载模块:Application

[ 2017-09-23T09:21:31+08:00 ] ::1 /lianshuomai/Application/Home/View/Index/__PUBLIC__/img/logo/feibo.jpg
INFO: [ app_init ] --START--
INFO: Run Behavior\BuildLiteBehavior [ RunTime:0.000000s ]
INFO: [ app_init ] --END-- [ RunTime:0.000000s ]
ERR: 无法加载模块:Application

[ 2017-09-23T09:21:31+08:00 ] ::1 /lianshuomai/Application/Home/View/Index/__PUBLIC__/img/logo/dnvJvFaEzk2AGpw-AABHHJX1ngk735.jpg
INFO: [ app_init ] --START--
INFO: Run Behavior\BuildLiteBehavior [ RunTime:0.000000s ]
INFO: [ app_init ] --END-- [ RunTime:0.000000s ]
ERR: 无法加载模块:Application

[ 2017-09-23T09:21:31+08:00 ] ::1 /lianshuomai/Application/Home/View/Index/__PUBLIC__/img/logo/huaquan.jpg
INFO: [ app_init ] --START--
INFO: Run Behavior\BuildLiteBehavior [ RunTime:0.000000s ]
INFO: [ app_init ] --END-- [ RunTime:0.000000s ]
ERR: 无法加载模块:Application

[ 2017-09-23T09:21:31+08:00 ] ::1 /lianshuomai/Application/Home/View/Index/__PUBLIC__/img/logo/maidi.jpg
INFO: [ app_init ] --START--
INFO: Run Behavior\BuildLiteBehavior [ RunTime:0.000000s ]
INFO: [ app_init ] --END-- [ RunTime:0.000000s ]
ERR: 无法加载模块:Application

[ 2017-09-23T09:21:31+08:00 ] ::1 /lianshuomai/Application/Home/View/Index/__PUBLIC__/img/logo/rBQKyVdjUZyAHZYeAABgSAxyGno147.jpg
INFO: [ app_init ] --START--
INFO: Run Behavior\BuildLiteBehavior [ RunTime:0.000000s ]
INFO: [ app_init ] --END-- [ RunTime:0.001000s ]
ERR: 无法加载模块:Application

[ 2017-09-23T09:21:31+08:00 ] ::1 /lianshuomai/Application/Home/View/Index/__PUBLIC__/img/logo/feilipu.jpg
INFO: [ app_init ] --START--
INFO: Run Behavior\BuildLiteBehavior [ RunTime:0.000000s ]
INFO: [ app_init ] --END-- [ RunTime:0.000000s ]
ERR: 无法加载模块:Application

[ 2017-09-23T09:21:31+08:00 ] ::1 /lianshuomai/Application/Home/View/Index/__PUBLIC__/img/logo/opp.jpg
INFO: [ app_init ] --START--
INFO: Run Behavior\BuildLiteBehavior [ RunTime:0.000000s ]
INFO: [ app_init ] --END-- [ RunTime:0.000000s ]
ERR: 无法加载模块:Application

[ 2017-09-23T09:21:31+08:00 ] ::1 /lianshuomai/Application/Home/View/Index/__PUBLIC__/img/logo/ximenzi.jpg
INFO: [ app_init ] --START--
INFO: Run Behavior\BuildLiteBehavior [ RunTime:0.000000s ]
INFO: [ app_init ] --END-- [ RunTime:0.000000s ]
ERR: 无法加载模块:Application

[ 2017-09-23T09:21:31+08:00 ] ::1 /lianshuomai/Application/Home/View/Index/__PUBLIC__/img/logo/tool.jpg
INFO: [ app_init ] --START--
INFO: Run Behavior\BuildLiteBehavior [ RunTime:0.000000s ]
INFO: [ app_init ] --END-- [ RunTime:0.000000s ]
ERR: 无法加载模块:Application

[ 2017-09-23T09:21:31+08:00 ] ::1 /lianshuomai/Application/Home/View/Index/__PUBLIC__/img/logo/chanel.jpg
INFO: [ app_init ] --START--
INFO: Run Behavior\BuildLiteBehavior [ RunTime:0.000000s ]
INFO: [ app_init ] --END-- [ RunTime:0.001000s ]
ERR: 无法加载模块:Application

[ 2017-09-23T09:21:31+08:00 ] ::1 /lianshuomai/Application/Home/View/Index/__PUBLIC__/img/logo/lancome.jpg
INFO: [ app_init ] --START--
INFO: Run Behavior\BuildLiteBehavior [ RunTime:0.000000s ]
INFO: [ app_init ] --END-- [ RunTime:0.000000s ]
ERR: 无法加载模块:Application

[ 2017-09-23T09:21:31+08:00 ] ::1 /lianshuomai/Application/Home/View/Index/__PUBLIC__/img/logo/loreal.jpg
INFO: [ app_init ] --START--
INFO: Run Behavior\BuildLiteBehavior [ RunTime:0.000000s ]
INFO: [ app_init ] --END-- [ RunTime:0.000000s ]
ERR: 无法加载模块:Application

[ 2017-09-23T09:21:31+08:00 ] ::1 /lianshuomai/Application/Home/View/Index/__PUBLIC__/img/logo/dnvJvFaEzsGActX4AAAydUXpUMM663.jpg
INFO: [ app_init ] --START--
INFO: Run Behavior\BuildLiteBehavior [ RunTime:0.000000s ]
INFO: [ app_init ] --END-- [ RunTime:0.000000s ]
ERR: 无法加载模块:Application

[ 2017-09-23T09:21:31+08:00 ] ::1 /lianshuomai/Application/Home/View/Index/__PUBLIC__/img/logo/deliwn.jpg
INFO: [ app_init ] --START--
INFO: Run Behavior\BuildLiteBehavior [ RunTime:0.000000s ]
INFO: [ app_init ] --END-- [ RunTime:0.000000s ]
ERR: 无法加载模块:Application

[ 2017-09-23T09:21:31+08:00 ] ::1 /lianshuomai/Application/Home/View/Index/__PUBLIC__/img/logo/dnvJvFaEzxaAWAfyAABHjZggXu4362.jpg
INFO: [ app_init ] --START--
INFO: Run Behavior\BuildLiteBehavior [ RunTime:0.000000s ]
INFO: [ app_init ] --END-- [ RunTime:0.000000s ]
ERR: 无法加载模块:Application

[ 2017-09-23T09:21:31+08:00 ] ::1 /lianshuomai/Application/Home/View/Index/__PUBLIC__/img/logo/chenguang.jpg
INFO: [ app_init ] --START--
INFO: Run Behavior\BuildLiteBehavior [ RunTime:0.000000s ]
INFO: [ app_init ] --END-- [ RunTime:0.000000s ]
ERR: 无法加载模块:Application

[ 2017-09-23T09:21:31+08:00 ] ::1 /lianshuomai/Application/Home/View/Index/__PUBLIC__/img/logo/wuyinliangpin.jpg
INFO: [ app_init ] --START--
INFO: Run Behavior\BuildLiteBehavior [ RunTime:0.000000s ]
INFO: [ app_init ] --END-- [ RunTime:0.001000s ]
ERR: 无法加载模块:Application

[ 2017-09-23T09:21:31+08:00 ] ::1 /lianshuomai/Application/Home/View/Index/__PUBLIC__/images/ls_logonew.png
INFO: [ app_init ] --START--
INFO: Run Behavior\BuildLiteBehavior [ RunTime:0.000000s ]
INFO: [ app_init ] --END-- [ RunTime:0.001000s ]
ERR: 无法加载模块:Application

[ 2017-09-23T09:21:31+08:00 ] ::1 /lianshuomai/Application/Home/View/Index/__PUBLIC__/js/index.js
INFO: [ app_init ] --START--
INFO: Run Behavior\BuildLiteBehavior [ RunTime:0.000000s ]
INFO: [ app_init ] --END-- [ RunTime:0.000000s ]
ERR: 无法加载模块:Application

[ 2017-09-23T09:21:31+08:00 ] ::1 /lianshuomai/Application/Home/View/Index/__PUBLIC__/images/ls_logonew.png
INFO: [ app_init ] --START--
INFO: Run Behavior\BuildLiteBehavior [ RunTime:0.000000s ]
INFO: [ app_init ] --END-- [ RunTime:0.001000s ]
ERR: 无法加载模块:Application

[ 2017-09-23T09:21:31+08:00 ] ::1 /lianshuomai/Application/Home/View/Index/__PUBLIC__/images/hitpic.png
INFO: [ app_init ] --START--
INFO: Run Behavior\BuildLiteBehavior [ RunTime:0.000000s ]
INFO: [ app_init ] --END-- [ RunTime:0.001000s ]
ERR: 无法加载模块:Application

[ 2017-09-23T09:21:31+08:00 ] ::1 /lianshuomai/Application/Home/View/Index/__PUBLIC__/img/banner_01.jpg
INFO: [ app_init ] --START--
INFO: Run Behavior\BuildLiteBehavior [ RunTime:0.000000s ]
INFO: [ app_init ] --END-- [ RunTime:0.001000s ]
ERR: 无法加载模块:Application

[ 2017-09-23T09:21:31+08:00 ] ::1 /lianshuomai/Application/Home/View/Index/__PUBLIC__/img/avatar.png
INFO: [ app_init ] --START--
INFO: Run Behavior\BuildLiteBehavior [ RunTime:0.000000s ]
INFO: [ app_init ] --END-- [ RunTime:0.000000s ]
ERR: 无法加载模块:Application

[ 2017-09-23T09:21:31+08:00 ] ::1 /lianshuomai/Application/Home/View/Index/__PUBLIC__/img/riyong.jpg
INFO: [ app_init ] --START--
INFO: Run Behavior\BuildLiteBehavior [ RunTime:0.000000s ]
INFO: [ app_init ] --END-- [ RunTime:0.000000s ]
ERR: 无法加载模块:Application

[ 2017-09-23T09:21:31+08:00 ] ::1 /lianshuomai/Application/Home/View/Index/__PUBLIC__/img/banner_02.jpg
INFO: [ app_init ] --START--
INFO: Run Behavior\BuildLiteBehavior [ RunTime:0.000000s ]
INFO: [ app_init ] --END-- [ RunTime:0.000000s ]
ERR: 无法加载模块:Application

[ 2017-09-23T09:21:31+08:00 ] ::1 /lianshuomai/Application/Home/View/Index/__PUBLIC__/img/05.jpg
INFO: [ app_init ] --START--
INFO: Run Behavior\BuildLiteBehavior [ RunTime:0.000000s ]
INFO: [ app_init ] --END-- [ RunTime:0.000000s ]
ERR: 无法加载模块:Application

[ 2017-09-23T09:21:32+08:00 ] ::1 /lianshuomai/Application/Home/View/Index/__PUBLIC__/img/03%20.jpg
INFO: [ app_init ] --START--
INFO: Run Behavior\BuildLiteBehavior [ RunTime:0.000000s ]
INFO: [ app_init ] --END-- [ RunTime:0.001000s ]
ERR: 无法加载模块:Application

[ 2017-09-23T09:21:32+08:00 ] ::1 /lianshuomai/Application/Home/View/Index/__PUBLIC__/img/logo/fuanna.jpg
INFO: [ app_init ] --START--
INFO: Run Behavior\BuildLiteBehavior [ RunTime:0.000000s ]
INFO: [ app_init ] --END-- [ RunTime:0.000000s ]
ERR: 无法加载模块:Application

[ 2017-09-23T09:21:32+08:00 ] ::1 /lianshuomai/Application/Home/View/Index/__PUBLIC__/img/beizi.jpg
INFO: [ app_init ] --START--
INFO: Run Behavior\BuildLiteBehavior [ RunTime:0.000000s ]
INFO: [ app_init ] --END-- [ RunTime:0.000000s ]
ERR: 无法加载模块:Application

[ 2017-09-23T09:21:32+08:00 ] ::1 /lianshuomai/Application/Home/View/Index/__PUBLIC__/img/logo/zhangpeng%20(1).jpg
INFO: [ app_init ] --START--
INFO: Run Behavior\BuildLiteBehavior [ RunTime:0.000000s ]
INFO: [ app_init ] --END-- [ RunTime:0.000000s ]
ERR: 无法加载模块:Application

[ 2017-09-23T09:21:32+08:00 ] ::1 /lianshuomai/Application/Home/View/Index/__PUBLIC__/img/logo/hengyuanxiag.jpg
INFO: [ app_init ] --START--
INFO: Run Behavior\BuildLiteBehavior [ RunTime:0.000000s ]
INFO: [ app_init ] --END-- [ RunTime:0.001000s ]
ERR: 无法加载模块:Application

[ 2017-09-23T09:21:32+08:00 ] ::1 /lianshuomai/Application/Home/View/Index/__PUBLIC__/img/logo/shuxingjiafang.jpg
INFO: [ app_init ] --START--
INFO: Run Behavior\BuildLiteBehavior [ RunTime:0.000000s ]
INFO: [ app_init ] --END-- [ RunTime:0.001000s ]
ERR: 无法加载模块:Application

[ 2017-09-23T09:21:32+08:00 ] ::1 /lianshuomai/Application/Home/View/Index/__PUBLIC__/img/logo/nike.jpg
INFO: [ app_init ] --START--
INFO: Run Behavior\BuildLiteBehavior [ RunTime:0.000000s ]
INFO: [ app_init ] --END-- [ RunTime:0.000000s ]
ERR: 无法加载模块:Application

[ 2017-09-23T09:21:32+08:00 ] ::1 /lianshuomai/Application/Home/View/Index/__PUBLIC__/img/logo/adidas.jpg
INFO: [ app_init ] --START--
INFO: Run Behavior\BuildLiteBehavior [ RunTime:0.000000s ]
INFO: [ app_init ] --END-- [ RunTime:0.000000s ]
ERR: 无法加载模块:Application

[ 2017-09-23T09:21:32+08:00 ] ::1 /lianshuomai/Application/Home/View/Index/__PUBLIC__/img/logo/jifeante.jpg
INFO: [ app_init ] --START--
INFO: Run Behavior\BuildLiteBehavior [ RunTime:0.000000s ]
INFO: [ app_init ] --END-- [ RunTime:0.000000s ]
ERR: 无法加载模块:Application

[ 2017-09-23T09:21:32+08:00 ] ::1 /lianshuomai/Application/Home/View/Index/__PUBLIC__/img/logo/food.jpg
INFO: [ app_init ] --START--
INFO: Run Behavior\BuildLiteBehavior [ RunTime:0.000000s ]
INFO: [ app_init ] --END-- [ RunTime:0.000000s ]
ERR: 无法加载模块:Application

[ 2017-09-23T09:21:32+08:00 ] ::1 /lianshuomai/Application/Home/View/Index/__PUBLIC__/img/logo/lianpinuz.jpg
INFO: [ app_init ] --START--
INFO: Run Behavior\BuildLiteBehavior [ RunTime:0.000000s ]
INFO: [ app_init ] --END-- [ RunTime:0.000000s ]
ERR: 无法加载模块:Application

[ 2017-09-23T09:21:32+08:00 ] ::1 /lianshuomai/Application/Home/View/Index/__PUBLIC__/img/logo/xiannongle.jpg
INFO: [ app_init ] --START--
INFO: Run Behavior\BuildLiteBehavior [ RunTime:0.000000s ]
INFO: [ app_init ] --END-- [ RunTime:0.000000s ]
ERR: 无法加载模块:Application

[ 2017-09-23T09:21:32+08:00 ] ::1 /lianshuomai/Application/Home/View/Index/__PUBLIC__/img/logo/goldal.jpg
INFO: [ app_init ] --START--
INFO: Run Behavior\BuildLiteBehavior [ RunTime:0.000000s ]
INFO: [ app_init ] --END-- [ RunTime:0.001000s ]
ERR: 无法加载模块:Application

[ 2017-09-23T09:21:32+08:00 ] ::1 /lianshuomai/Application/Home/View/Index/__PUBLIC__/img/logo/rBQKyVdjUXKAVN1WAABHkJ1LXCU479.jpg
INFO: [ app_init ] --START--
INFO: Run Behavior\BuildLiteBehavior [ RunTime:0.000000s ]
INFO: [ app_init ] --END-- [ RunTime:0.000000s ]
ERR: 无法加载模块:Application

[ 2017-09-23T09:21:32+08:00 ] ::1 /lianshuomai/Application/Home/View/Index/__PUBLIC__/img/logo/apple.jpg
INFO: [ app_init ] --START--
INFO: Run Behavior\BuildLiteBehavior [ RunTime:0.000000s ]
INFO: [ app_init ] --END-- [ RunTime:0.000000s ]
ERR: 无法加载模块:Application

[ 2017-09-23T09:21:32+08:00 ] ::1 /lianshuomai/Application/Home/View/Index/__PUBLIC__/img/logo/samsung.jpg
INFO: [ app_init ] --START--
INFO: Run Behavior\BuildLiteBehavior [ RunTime:0.001000s ]
INFO: [ app_init ] --END-- [ RunTime:0.001000s ]
ERR: 无法加载模块:Application

[ 2017-09-23T09:21:32+08:00 ] ::1 /lianshuomai/Application/Home/View/Index/__PUBLIC__/img/logo/meizu.jpg
INFO: [ app_init ] --START--
INFO: Run Behavior\BuildLiteBehavior [ RunTime:0.000000s ]
INFO: [ app_init ] --END-- [ RunTime:0.000000s ]
ERR: 无法加载模块:Application

[ 2017-09-23T09:21:32+08:00 ] ::1 /lianshuomai/Application/Home/View/Index/__PUBLIC__/img/logo/beiens.jpg
INFO: [ app_init ] --START--
INFO: Run Behavior\BuildLiteBehavior [ RunTime:0.000000s ]
INFO: [ app_init ] --END-- [ RunTime:0.000000s ]
ERR: 无法加载模块:Application

[ 2017-09-23T09:21:32+08:00 ] ::1 /lianshuomai/Application/Home/View/Index/__PUBLIC__/img/logo/dnvJvFaEzbuAQ0eyAABPA5HWnOw867.jpg
INFO: [ app_init ] --START--
INFO: Run Behavior\BuildLiteBehavior [ RunTime:0.000000s ]
INFO: [ app_init ] --END-- [ RunTime:0.000000s ]
ERR: 无法加载模块:Application

[ 2017-09-23T09:21:32+08:00 ] ::1 /lianshuomai/Application/Home/View/Index/__PUBLIC__/img/logo/balabala.jpg
INFO: [ app_init ] --START--
INFO: Run Behavior\BuildLiteBehavior [ RunTime:0.000000s ]
INFO: [ app_init ] --END-- [ RunTime:0.000000s ]
ERR: 无法加载模块:Application

[ 2017-09-23T09:21:32+08:00 ] ::1 /lianshuomai/Application/Home/View/Index/__PUBLIC__/img/logo/dishini.jpg
INFO: [ app_init ] --START--
INFO: Run Behavior\BuildLiteBehavior [ RunTime:0.000000s ]
INFO: [ app_init ] --END-- [ RunTime:0.001000s ]
ERR: 无法加载模块:Application

[ 2017-09-23T09:21:32+08:00 ] ::1 /lianshuomai/Application/Home/View/Index/__PUBLIC__/img/logo/dnvJvFaEzfWAWW_YAABCB_C0xRM953.jpg
INFO: [ app_init ] --START--
INFO: Run Behavior\BuildLiteBehavior [ RunTime:0.000000s ]
INFO: [ app_init ] --END-- [ RunTime:0.001000s ]
ERR: 无法加载模块:Application

[ 2017-09-23T09:21:32+08:00 ] ::1 /lianshuomai/Application/Home/View/Index/__PUBLIC__/img/logo/searovski.jpg
INFO: [ app_init ] --START--
INFO: Run Behavior\BuildLiteBehavior [ RunTime:0.000000s ]
INFO: [ app_init ] --END-- [ RunTime:0.000000s ]
ERR: 无法加载模块:Application

[ 2017-09-23T09:21:32+08:00 ] ::1 /lianshuomai/Application/Home/View/Index/__PUBLIC__/img/logo/daphne.jpg
INFO: [ app_init ] --START--
INFO: Run Behavior\BuildLiteBehavior [ RunTime:0.000000s ]
INFO: [ app_init ] --END-- [ RunTime:0.000000s ]
ERR: 无法加载模块:Application

[ 2017-09-23T09:21:32+08:00 ] ::1 /lianshuomai/Application/Home/View/Index/__PUBLIC__/img/logo/dao.jpg
INFO: [ app_init ] --START--
INFO: Run Behavior\BuildLiteBehavior [ RunTime:0.000000s ]
INFO: [ app_init ] --END-- [ RunTime:0.000000s ]
ERR: 无法加载模块:Application

[ 2017-09-23T09:21:32+08:00 ] ::1 /lianshuomai/Application/Home/View/Index/__PUBLIC__/img/logo/rBQKyVdjUYmAbexyAABcjcvqDh4518.jpg
INFO: [ app_init ] --START--
INFO: Run Behavior\BuildLiteBehavior [ RunTime:0.000000s ]
INFO: [ app_init ] --END-- [ RunTime:0.000000s ]
ERR: 无法加载模块:Application

[ 2017-09-23T09:21:32+08:00 ] ::1 /lianshuomai/Application/Home/View/Index/__PUBLIC__/img/logo/only.jpg
INFO: [ app_init ] --START--
INFO: Run Behavior\BuildLiteBehavior [ RunTime:0.000000s ]
INFO: [ app_init ] --END-- [ RunTime:0.000000s ]
ERR: 无法加载模块:Application

[ 2017-09-23T09:21:32+08:00 ] ::1 /lianshuomai/Application/Home/View/Index/__PUBLIC__/img/logo/jackjones.jpg
INFO: [ app_init ] --START--
INFO: Run Behavior\BuildLiteBehavior [ RunTime:0.000000s ]
INFO: [ app_init ] --END-- [ RunTime:0.001000s ]
ERR: 无法加载模块:Application

[ 2017-09-23T09:21:32+08:00 ] ::1 /lianshuomai/Application/Home/View/Index/__PUBLIC__/img/logo/lachapelle.jpg
INFO: [ app_init ] --START--
INFO: Run Behavior\BuildLiteBehavior [ RunTime:0.000000s ]
INFO: [ app_init ] --END-- [ RunTime:0.001000s ]
ERR: 无法加载模块:Application

[ 2017-09-23T09:21:32+08:00 ] ::1 /lianshuomai/Application/Home/View/Index/__PUBLIC__/img/logo/dnvJvFaEzk2AGpw-AABHHJX1ngk735.jpg
INFO: [ app_init ] --START--
INFO: Run Behavior\BuildLiteBehavior [ RunTime:0.000000s ]
INFO: [ app_init ] --END-- [ RunTime:0.000000s ]
ERR: 无法加载模块:Application

[ 2017-09-23T09:21:32+08:00 ] ::1 /lianshuomai/Application/Home/View/Index/__PUBLIC__/img/logo/feibo.jpg
INFO: [ app_init ] --START--
INFO: Run Behavior\BuildLiteBehavior [ RunTime:0.000000s ]
INFO: [ app_init ] --END-- [ RunTime:0.000000s ]
ERR: 无法加载模块:Application

[ 2017-09-23T09:21:32+08:00 ] ::1 /lianshuomai/Application/Home/View/Index/__PUBLIC__/img/logo/maidi.jpg
INFO: [ app_init ] --START--
INFO: Run Behavior\BuildLiteBehavior [ RunTime:0.000000s ]
INFO: [ app_init ] --END-- [ RunTime:0.000000s ]
ERR: 无法加载模块:Application

[ 2017-09-23T09:21:32+08:00 ] ::1 /lianshuomai/Application/Home/View/Index/__PUBLIC__/img/logo/rBQKyVdjUZyAHZYeAABgSAxyGno147.jpg
INFO: [ app_init ] --START--
INFO: Run Behavior\BuildLiteBehavior [ RunTime:0.000000s ]
INFO: [ app_init ] --END-- [ RunTime:0.001000s ]
ERR: 无法加载模块:Application

[ 2017-09-23T09:21:32+08:00 ] ::1 /lianshuomai/Application/Home/View/Index/__PUBLIC__/img/logo/huaquan.jpg
INFO: [ app_init ] --START--
INFO: Run Behavior\BuildLiteBehavior [ RunTime:0.000000s ]
INFO: [ app_init ] --END-- [ RunTime:0.000000s ]
ERR: 无法加载模块:Application

[ 2017-09-23T09:21:32+08:00 ] ::1 /lianshuomai/Application/Home/View/Index/__PUBLIC__/img/logo/opp.jpg
INFO: [ app_init ] --START--
INFO: Run Behavior\BuildLiteBehavior [ RunTime:0.000000s ]
INFO: [ app_init ] --END-- [ RunTime:0.000000s ]
ERR: 无法加载模块:Application

[ 2017-09-23T09:21:32+08:00 ] ::1 /lianshuomai/Application/Home/View/Index/__PUBLIC__/img/logo/feilipu.jpg
INFO: [ app_init ] --START--
INFO: Run Behavior\BuildLiteBehavior [ RunTime:0.000000s ]
INFO: [ app_init ] --END-- [ RunTime:0.000000s ]
ERR: 无法加载模块:Application

[ 2017-09-23T09:21:32+08:00 ] ::1 /lianshuomai/Application/Home/View/Index/__PUBLIC__/img/logo/tool.jpg
INFO: [ app_init ] --START--
INFO: Run Behavior\BuildLiteBehavior [ RunTime:0.000000s ]
INFO: [ app_init ] --END-- [ RunTime:0.000000s ]
ERR: 无法加载模块:Application

[ 2017-09-23T09:21:32+08:00 ] ::1 /lianshuomai/Application/Home/View/Index/__PUBLIC__/img/logo/ximenzi.jpg
INFO: [ app_init ] --START--
INFO: Run Behavior\BuildLiteBehavior [ RunTime:0.000000s ]
INFO: [ app_init ] --END-- [ RunTime:0.000000s ]
ERR: 无法加载模块:Application

[ 2017-09-23T09:21:32+08:00 ] ::1 /lianshuomai/Application/Home/View/Index/__PUBLIC__/img/logo/chanel.jpg
INFO: [ app_init ] --START--
INFO: Run Behavior\BuildLiteBehavior [ RunTime:0.000000s ]
INFO: [ app_init ] --END-- [ RunTime:0.000000s ]
ERR: 无法加载模块:Application

[ 2017-09-23T09:21:32+08:00 ] ::1 /lianshuomai/Application/Home/View/Index/__PUBLIC__/img/logo/lancome.jpg
INFO: [ app_init ] --START--
INFO: Run Behavior\BuildLiteBehavior [ RunTime:0.000000s ]
INFO: [ app_init ] --END-- [ RunTime:0.000000s ]
ERR: 无法加载模块:Application

[ 2017-09-23T09:21:32+08:00 ] ::1 /lianshuomai/Application/Home/View/Index/__PUBLIC__/img/logo/dnvJvFaEzsGActX4AAAydUXpUMM663.jpg
INFO: [ app_init ] --START--
INFO: Run Behavior\BuildLiteBehavior [ RunTime:0.000000s ]
INFO: [ app_init ] --END-- [ RunTime:0.000000s ]
ERR: 无法加载模块:Application

[ 2017-09-23T09:21:32+08:00 ] ::1 /lianshuomai/Application/Home/View/Index/__PUBLIC__/img/logo/deliwn.jpg
INFO: [ app_init ] --START--
INFO: Run Behavior\BuildLiteBehavior [ RunTime:0.000000s ]
INFO: [ app_init ] --END-- [ RunTime:0.000000s ]
ERR: 无法加载模块:Application

[ 2017-09-23T09:21:32+08:00 ] ::1 /lianshuomai/Application/Home/View/Index/__PUBLIC__/img/logo/loreal.jpg
INFO: [ app_init ] --START--
INFO: Run Behavior\BuildLiteBehavior [ RunTime:0.000000s ]
INFO: [ app_init ] --END-- [ RunTime:0.000000s ]
ERR: 无法加载模块:Application

[ 2017-09-23T09:21:32+08:00 ] ::1 /lianshuomai/Application/Home/View/Index/__PUBLIC__/img/logo/chenguang.jpg
INFO: [ app_init ] --START--
INFO: Run Behavior\BuildLiteBehavior [ RunTime:0.000000s ]
INFO: [ app_init ] --END-- [ RunTime:0.000000s ]
ERR: 无法加载模块:Application

[ 2017-09-23T09:21:32+08:00 ] ::1 /lianshuomai/Application/Home/View/Index/__PUBLIC__/img/logo/wuyinliangpin.jpg
INFO: [ app_init ] --START--
INFO: Run Behavior\BuildLiteBehavior [ RunTime:0.000000s ]
INFO: [ app_init ] --END-- [ RunTime:0.000000s ]
ERR: 无法加载模块:Application

[ 2017-09-23T09:21:32+08:00 ] ::1 /lianshuomai/Application/Home/View/Index/__PUBLIC__/img/logo/dnvJvFaEzxaAWAfyAABHjZggXu4362.jpg
INFO: [ app_init ] --START--
INFO: Run Behavior\BuildLiteBehavior [ RunTime:0.000000s ]
INFO: [ app_init ] --END-- [ RunTime:0.000000s ]
ERR: 无法加载模块:Application

[ 2017-09-23T09:21:32+08:00 ] ::1 /lianshuomai/Application/Home/View/Index/__PUBLIC__/img/logo/yuma.jpg
INFO: [ app_init ] --START--
INFO: Run Behavior\BuildLiteBehavior [ RunTime:0.000000s ]
INFO: [ app_init ] --END-- [ RunTime:0.001000s ]
ERR: 无法加载模块:Application

[ 2017-09-23T09:21:32+08:00 ] ::1 /lianshuomai/Application/Home/View/Index/__PUBLIC__/img/logo/miqilin.jpg
INFO: [ app_init ] --START--
INFO: Run Behavior\BuildLiteBehavior [ RunTime:0.000000s ]
INFO: [ app_init ] --END-- [ RunTime:0.000000s ]
ERR: 无法加载模块:Application

[ 2017-09-23T09:21:32+08:00 ] ::1 /lianshuomai/Application/Home/View/Index/__PUBLIC__/img/logo/kashida.jpg
INFO: [ app_init ] --START--
INFO: Run Behavior\BuildLiteBehavior [ RunTime:0.000000s ]
INFO: [ app_init ] --END-- [ RunTime:0.000000s ]
ERR: 无法加载模块:Application

[ 2017-09-23T09:21:32+08:00 ] ::1 /lianshuomai/Application/Home/View/Index/__PUBLIC__/img/logo/dnvJvFaEzzyAZWxyAABDXA8qNgw831.jpg
INFO: [ app_init ] --START--
INFO: Run Behavior\BuildLiteBehavior [ RunTime:0.000000s ]
INFO: [ app_init ] --END-- [ RunTime:0.000000s ]
ERR: 无法加载模块:Application

[ 2017-09-23T09:21:32+08:00 ] ::1 /lianshuomai/Application/Home/View/Index/__PUBLIC__/img/logo/boshi.jpg
INFO: [ app_init ] --START--
INFO: Run Behavior\BuildLiteBehavior [ RunTime:0.000000s ]
INFO: [ app_init ] --END-- [ RunTime:0.001000s ]
ERR: 无法加载模块:Application

[ 2017-09-23T09:21:32+08:00 ] ::1 /lianshuomai/Application/Home/View/Index/__PUBLIC__/img/logo/deli.jpg
INFO: [ app_init ] --START--
INFO: Run Behavior\BuildLiteBehavior [ RunTime:0.000000s ]
INFO: [ app_init ] --END-- [ RunTime:0.000000s ]
ERR: 无法加载模块:Application

[ 2017-09-23T09:21:32+08:00 ] ::1 /lianshuomai/Application/Home/View/Index/__PUBLIC__/img/logo/shengli.jpg
INFO: [ app_init ] --START--
INFO: Run Behavior\BuildLiteBehavior [ RunTime:0.000000s ]
INFO: [ app_init ] --END-- [ RunTime:0.001000s ]
ERR: 无法加载模块:Application

[ 2017-09-23T09:21:32+08:00 ] ::1 /lianshuomai/Application/Home/View/Index/__PUBLIC__/img/logo/dnvJvFaEz1mABqRlAAA3YKa7GFQ161.jpg
INFO: [ app_init ] --START--
INFO: Run Behavior\BuildLiteBehavior [ RunTime:0.000000s ]
INFO: [ app_init ] --END-- [ RunTime:0.001000s ]
ERR: 无法加载模块:Application

[ 2017-09-23T09:21:32+08:00 ] ::1 /lianshuomai/Application/Home/View/Index/__PUBLIC__/img/logo/yuanl.jpg
INFO: [ app_init ] --START--
INFO: Run Behavior\BuildLiteBehavior [ RunTime:0.000000s ]
INFO: [ app_init ] --END-- [ RunTime:0.000000s ]
ERR: 无法加载模块:Application

[ 2017-09-23T09:21:32+08:00 ] ::1 /lianshuomai/Application/Home/View/Index/__PUBLIC__/img/logo/cixifang.jpg
INFO: [ app_init ] --START--
INFO: Run Behavior\BuildLiteBehavior [ RunTime:0.000000s ]
INFO: [ app_init ] --END-- [ RunTime:0.000000s ]
ERR: 无法加载模块:Application

[ 2017-09-23T09:21:32+08:00 ] ::1 /lianshuomai/Application/Home/View/Index/__PUBLIC__/img/logo/yunduo.jpg
INFO: [ app_init ] --START--
INFO: Run Behavior\BuildLiteBehavior [ RunTime:0.000000s ]
INFO: [ app_init ] --END-- [ RunTime:0.000000s ]
ERR: 无法加载模块:Application

[ 2017-09-23T09:21:32+08:00 ] ::1 /lianshuomai/Application/Home/View/Index/__PUBLIC__/img/logo/shipin.jpg
INFO: [ app_init ] --START--
INFO: Run Behavior\BuildLiteBehavior [ RunTime:0.000000s ]
INFO: [ app_init ] --END-- [ RunTime:0.000000s ]
ERR: 无法加载模块:Application

[ 2017-09-23T09:21:32+08:00 ] ::1 /lianshuomai/Application/Home/View/Index/__PUBLIC__/img/logo/mage.jpg
INFO: [ app_init ] --START--
INFO: Run Behavior\BuildLiteBehavior [ RunTime:0.000000s ]
INFO: [ app_init ] --END-- [ RunTime:0.000000s ]
ERR: 无法加载模块:Application

[ 2017-09-23T09:21:32+08:00 ] ::1 /lianshuomai/Application/Home/View/Index/__PUBLIC__/img/logo/dong.jpg
INFO: [ app_init ] --START--
INFO: Run Behavior\BuildLiteBehavior [ RunTime:0.000000s ]
INFO: [ app_init ] --END-- [ RunTime:0.000000s ]
ERR: 无法加载模块:Application

[ 2017-09-23T09:21:32+08:00 ] ::1 /lianshuomai/Application/Home/View/Index/__PUBLIC__/img/logo/betters.jpg
INFO: [ app_init ] --START--
INFO: Run Behavior\BuildLiteBehavior [ RunTime:0.000000s ]
INFO: [ app_init ] --END-- [ RunTime:0.000000s ]
ERR: 无法加载模块:Application

[ 2017-09-23T09:21:32+08:00 ] ::1 /lianshuomai/Application/Home/View/Index/__PUBLIC__/img/01.jpg
INFO: [ app_init ] --START--
INFO: Run Behavior\BuildLiteBehavior [ RunTime:0.000000s ]
INFO: [ app_init ] --END-- [ RunTime:0.000000s ]
ERR: 无法加载模块:Application

[ 2017-09-23T09:21:32+08:00 ] ::1 /lianshuomai/Application/Home/View/Index/__PUBLIC__/img/banner_03.jpg
INFO: [ app_init ] --START--
INFO: Run Behavior\BuildLiteBehavior [ RunTime:0.000000s ]
INFO: [ app_init ] --END-- [ RunTime:0.000000s ]
ERR: 无法加载模块:Application

[ 2017-09-23T09:25:22+08:00 ] ::1 /lianshuomai/Application/Home/View/Index/__PUBLIC__/js/jquery-1.11.3.js
INFO: [ app_init ] --START--
INFO: Run Behavior\BuildLiteBehavior [ RunTime:0.000000s ]
INFO: [ app_init ] --END-- [ RunTime:0.001000s ]
ERR: 无法加载模块:Application

[ 2017-09-23T09:25:22+08:00 ] ::1 /lianshuomai/Application/Home/View/Index/__PUBLIC__/css/reset.css
INFO: [ app_init ] --START--
INFO: Run Behavior\BuildLiteBehavior [ RunTime:0.001000s ]
INFO: [ app_init ] --END-- [ RunTime:0.001000s ]
ERR: 无法加载模块:Application

[ 2017-09-23T09:25:22+08:00 ] ::1 /lianshuomai/Application/Home/View/Index/__PUBLIC__/css/index.css
INFO: [ app_init ] --START--
INFO: Run Behavior\BuildLiteBehavior [ RunTime:0.000000s ]
INFO: [ app_init ] --END-- [ RunTime:0.001000s ]
ERR: 无法加载模块:Application

[ 2017-09-23T09:25:23+08:00 ] ::1 /lianshuomai/Application/Home/View/Index/__PUBLIC__/js/index.js
INFO: [ app_init ] --START--
INFO: Run Behavior\BuildLiteBehavior [ RunTime:0.000000s ]
INFO: [ app_init ] --END-- [ RunTime:0.000000s ]
ERR: 无法加载模块:Application

[ 2017-09-23T09:25:23+08:00 ] ::1 /lianshuomai/Application/Home/View/Index/__PUBLIC__/js/aj_add.js
INFO: [ app_init ] --START--
INFO: Run Behavior\BuildLiteBehavior [ RunTime:0.000000s ]
INFO: [ app_init ] --END-- [ RunTime:0.001000s ]
ERR: 无法加载模块:Application

[ 2017-09-23T09:25:23+08:00 ] ::1 /lianshuomai/Application/Home/View/Index/__PUBLIC__/images/ls_logonew.png
INFO: [ app_init ] --START--
INFO: Run Behavior\BuildLiteBehavior [ RunTime:0.000000s ]
INFO: [ app_init ] --END-- [ RunTime:0.000000s ]
ERR: 无法加载模块:Application

[ 2017-09-23T09:25:23+08:00 ] ::1 /lianshuomai/Application/Home/View/Index/__PUBLIC__/img/banner_01.jpg
INFO: [ app_init ] --START--
INFO: Run Behavior\BuildLiteBehavior [ RunTime:0.001000s ]
INFO: [ app_init ] --END-- [ RunTime:0.001000s ]
ERR: 无法加载模块:Application

[ 2017-09-23T09:25:23+08:00 ] ::1 /lianshuomai/Application/Home/View/Index/__PUBLIC__/img/banner_02.jpg
INFO: [ app_init ] --START--
INFO: Run Behavior\BuildLiteBehavior [ RunTime:0.000000s ]
INFO: [ app_init ] --END-- [ RunTime:0.001000s ]
ERR: 无法加载模块:Application

[ 2017-09-23T09:25:23+08:00 ] ::1 /lianshuomai/Application/Home/View/Index/__PUBLIC__/img/riyong.jpg
INFO: [ app_init ] --START--
INFO: Run Behavior\BuildLiteBehavior [ RunTime:0.000000s ]
INFO: [ app_init ] --END-- [ RunTime:0.000000s ]
ERR: 无法加载模块:Application

[ 2017-09-23T09:25:23+08:00 ] ::1 /lianshuomai/Application/Home/View/Index/__PUBLIC__/img/03%20.jpg
INFO: [ app_init ] --START--
INFO: Run Behavior\BuildLiteBehavior [ RunTime:0.000000s ]
INFO: [ app_init ] --END-- [ RunTime:0.000000s ]
ERR: 无法加载模块:Application

[ 2017-09-23T09:25:23+08:00 ] ::1 /lianshuomai/Application/Home/View/Index/__PUBLIC__/img/01.jpg
INFO: [ app_init ] --START--
INFO: Run Behavior\BuildLiteBehavior [ RunTime:0.000000s ]
INFO: [ app_init ] --END-- [ RunTime:0.000000s ]
ERR: 无法加载模块:Application

[ 2017-09-23T09:25:23+08:00 ] ::1 /lianshuomai/Application/Home/View/Index/__PUBLIC__/img/05.jpg
INFO: [ app_init ] --START--
INFO: Run Behavior\BuildLiteBehavior [ RunTime:0.000000s ]
INFO: [ app_init ] --END-- [ RunTime:0.000000s ]
ERR: 无法加载模块:Application

[ 2017-09-23T09:25:23+08:00 ] ::1 /lianshuomai/Application/Home/View/Index/__PUBLIC__/img/beizi.jpg
INFO: [ app_init ] --START--
INFO: Run Behavior\BuildLiteBehavior [ RunTime:0.000000s ]
INFO: [ app_init ] --END-- [ RunTime:0.000000s ]
ERR: 无法加载模块:Application

[ 2017-09-23T09:25:23+08:00 ] ::1 /lianshuomai/Application/Home/View/Index/__PUBLIC__/img/logo/fuanna.jpg
INFO: [ app_init ] --START--
INFO: Run Behavior\BuildLiteBehavior [ RunTime:0.000000s ]
INFO: [ app_init ] --END-- [ RunTime:0.001000s ]
ERR: 无法加载模块:Application

[ 2017-09-23T09:25:23+08:00 ] ::1 /lianshuomai/Application/Home/View/Index/__PUBLIC__/img/logo/hengyuanxiag.jpg
INFO: [ app_init ] --START--
INFO: Run Behavior\BuildLiteBehavior [ RunTime:0.000000s ]
INFO: [ app_init ] --END-- [ RunTime:0.000000s ]
ERR: 无法加载模块:Application

[ 2017-09-23T09:25:23+08:00 ] ::1 /lianshuomai/Application/Home/View/Index/__PUBLIC__/img/logo/zhangpeng%20(1).jpg
INFO: [ app_init ] --START--
INFO: Run Behavior\BuildLiteBehavior [ RunTime:0.000000s ]
INFO: [ app_init ] --END-- [ RunTime:0.000000s ]
ERR: 无法加载模块:Application

[ 2017-09-23T09:25:23+08:00 ] ::1 /lianshuomai/Application/Home/View/Index/__PUBLIC__/img/logo/nike.jpg
INFO: [ app_init ] --START--
INFO: Run Behavior\BuildLiteBehavior [ RunTime:0.000000s ]
INFO: [ app_init ] --END-- [ RunTime:0.000000s ]
ERR: 无法加载模块:Application

[ 2017-09-23T09:25:23+08:00 ] ::1 /lianshuomai/Application/Home/View/Index/__PUBLIC__/img/logo/adidas.jpg
INFO: [ app_init ] --START--
INFO: Run Behavior\BuildLiteBehavior [ RunTime:0.000000s ]
INFO: [ app_init ] --END-- [ RunTime:0.000000s ]
ERR: 无法加载模块:Application

[ 2017-09-23T09:25:23+08:00 ] ::1 /lianshuomai/Application/Home/View/Index/__PUBLIC__/img/logo/jifeante.jpg
INFO: [ app_init ] --START--
INFO: Run Behavior\BuildLiteBehavior [ RunTime:0.000000s ]
INFO: [ app_init ] --END-- [ RunTime:0.000000s ]
ERR: 无法加载模块:Application

[ 2017-09-23T09:25:23+08:00 ] ::1 /lianshuomai/Application/Home/View/Index/__PUBLIC__/img/logo/food.jpg
INFO: [ app_init ] --START--
INFO: Run Behavior\BuildLiteBehavior [ RunTime:0.000000s ]
INFO: [ app_init ] --END-- [ RunTime:0.000000s ]
ERR: 无法加载模块:Application

[ 2017-09-23T09:25:23+08:00 ] ::1 /lianshuomai/Application/Home/View/Index/__PUBLIC__/img/logo/xiannongle.jpg
INFO: [ app_init ] --START--
INFO: Run Behavior\BuildLiteBehavior [ RunTime:0.000000s ]
INFO: [ app_init ] --END-- [ RunTime:0.000000s ]
ERR: 无法加载模块:Application

[ 2017-09-23T09:25:23+08:00 ] ::1 /lianshuomai/Application/Home/View/Index/__PUBLIC__/img/logo/lianpinuz.jpg
INFO: [ app_init ] --START--
INFO: Run Behavior\BuildLiteBehavior [ RunTime:0.000000s ]
INFO: [ app_init ] --END-- [ RunTime:0.000000s ]
ERR: 无法加载模块:Application

[ 2017-09-23T09:25:23+08:00 ] ::1 /lianshuomai/Application/Home/View/Index/__PUBLIC__/img/logo/rBQKyVdjUXKAVN1WAABHkJ1LXCU479.jpg
INFO: [ app_init ] --START--
INFO: Run Behavior\BuildLiteBehavior [ RunTime:0.000000s ]
INFO: [ app_init ] --END-- [ RunTime:0.001000s ]
ERR: 无法加载模块:Application

[ 2017-09-23T09:25:23+08:00 ] ::1 /lianshuomai/Application/Home/View/Index/__PUBLIC__/img/logo/apple.jpg
INFO: [ app_init ] --START--
INFO: Run Behavior\BuildLiteBehavior [ RunTime:0.000000s ]
INFO: [ app_init ] --END-- [ RunTime:0.000000s ]
ERR: 无法加载模块:Application

[ 2017-09-23T09:25:23+08:00 ] ::1 /lianshuomai/Application/Home/View/Index/__PUBLIC__/img/logo/samsung.jpg
INFO: [ app_init ] --START--
INFO: Run Behavior\BuildLiteBehavior [ RunTime:0.000000s ]
INFO: [ app_init ] --END-- [ RunTime:0.000000s ]
ERR: 无法加载模块:Application

[ 2017-09-23T09:25:23+08:00 ] ::1 /lianshuomai/Application/Home/View/Index/__PUBLIC__/img/logo/meizu.jpg
INFO: [ app_init ] --START--
INFO: Run Behavior\BuildLiteBehavior [ RunTime:0.000000s ]
INFO: [ app_init ] --END-- [ RunTime:0.000000s ]
ERR: 无法加载模块:Application

[ 2017-09-23T09:25:23+08:00 ] ::1 /lianshuomai/Application/Home/View/Index/__PUBLIC__/img/logo/dnvJvFaEzbuAQ0eyAABPA5HWnOw867.jpg
INFO: [ app_init ] --START--
INFO: Run Behavior\BuildLiteBehavior [ RunTime:0.000000s ]
INFO: [ app_init ] --END-- [ RunTime:0.000000s ]
ERR: 无法加载模块:Application

[ 2017-09-23T09:25:23+08:00 ] ::1 /lianshuomai/Application/Home/View/Index/__PUBLIC__/img/logo/beiens.jpg
INFO: [ app_init ] --START--
INFO: Run Behavior\BuildLiteBehavior [ RunTime:0.000000s ]
INFO: [ app_init ] --END-- [ RunTime:0.001000s ]
ERR: 无法加载模块:Application

[ 2017-09-23T09:25:23+08:00 ] ::1 /lianshuomai/Application/Home/View/Index/__PUBLIC__/img/logo/balabala.jpg
INFO: [ app_init ] --START--
INFO: Run Behavior\BuildLiteBehavior [ RunTime:0.000000s ]
INFO: [ app_init ] --END-- [ RunTime:0.000000s ]
ERR: 无法加载模块:Application

[ 2017-09-23T09:25:23+08:00 ] ::1 /lianshuomai/Application/Home/View/Index/__PUBLIC__/img/logo/dnvJvFaEzfWAWW_YAABCB_C0xRM953.jpg
INFO: [ app_init ] --START--
INFO: Run Behavior\BuildLiteBehavior [ RunTime:0.000000s ]
INFO: [ app_init ] --END-- [ RunTime:0.000000s ]
ERR: 无法加载模块:Application

[ 2017-09-23T09:25:23+08:00 ] ::1 /lianshuomai/Application/Home/View/Index/__PUBLIC__/img/logo/searovski.jpg
INFO: [ app_init ] --START--
INFO: Run Behavior\BuildLiteBehavior [ RunTime:0.000000s ]
INFO: [ app_init ] --END-- [ RunTime:0.000000s ]
ERR: 无法加载模块:Application

[ 2017-09-23T09:25:23+08:00 ] ::1 /lianshuomai/Application/Home/View/Index/__PUBLIC__/img/logo/daphne.jpg
INFO: [ app_init ] --START--
INFO: Run Behavior\BuildLiteBehavior [ RunTime:0.000000s ]
INFO: [ app_init ] --END-- [ RunTime:0.001000s ]
ERR: 无法加载模块:Application

[ 2017-09-23T09:25:23+08:00 ] ::1 /lianshuomai/Application/Home/View/Index/__PUBLIC__/img/logo/dao.jpg
INFO: [ app_init ] --START--
INFO: Run Behavior\BuildLiteBehavior [ RunTime:0.000000s ]
INFO: [ app_init ] --END-- [ RunTime:0.000000s ]
ERR: 无法加载模块:Application

[ 2017-09-23T09:25:23+08:00 ] ::1 /lianshuomai/Application/Home/View/Index/__PUBLIC__/img/logo/rBQKyVdjUYmAbexyAABcjcvqDh4518.jpg
INFO: [ app_init ] --START--
INFO: Run Behavior\BuildLiteBehavior [ RunTime:0.000000s ]
INFO: [ app_init ] --END-- [ RunTime:0.000000s ]
ERR: 无法加载模块:Application

[ 2017-09-23T09:25:23+08:00 ] ::1 /lianshuomai/Application/Home/View/Index/__PUBLIC__/img/logo/jackjones.jpg
INFO: [ app_init ] --START--
INFO: Run Behavior\BuildLiteBehavior [ RunTime:0.000000s ]
INFO: [ app_init ] --END-- [ RunTime:0.000000s ]
ERR: 无法加载模块:Application

[ 2017-09-23T09:25:23+08:00 ] ::1 /lianshuomai/Application/Home/View/Index/__PUBLIC__/img/logo/only.jpg
INFO: [ app_init ] --START--
INFO: Run Behavior\BuildLiteBehavior [ RunTime:0.000000s ]
INFO: [ app_init ] --END-- [ RunTime:0.000000s ]
ERR: 无法加载模块:Application

[ 2017-09-23T09:25:23+08:00 ] ::1 /lianshuomai/Application/Home/View/Index/__PUBLIC__/img/logo/lachapelle.jpg
INFO: [ app_init ] --START--
INFO: Run Behavior\BuildLiteBehavior [ RunTime:0.000000s ]
INFO: [ app_init ] --END-- [ RunTime:0.000000s ]
ERR: 无法加载模块:Application

[ 2017-09-23T09:25:23+08:00 ] ::1 /lianshuomai/Application/Home/View/Index/__PUBLIC__/img/logo/dnvJvFaEzk2AGpw-AABHHJX1ngk735.jpg
INFO: [ app_init ] --START--
INFO: Run Behavior\BuildLiteBehavior [ RunTime:0.000000s ]
INFO: [ app_init ] --END-- [ RunTime:0.000000s ]
ERR: 无法加载模块:Application

[ 2017-09-23T09:25:23+08:00 ] ::1 /lianshuomai/Application/Home/View/Index/__PUBLIC__/img/logo/huaquan.jpg
INFO: [ app_init ] --START--
INFO: Run Behavior\BuildLiteBehavior [ RunTime:0.000000s ]
INFO: [ app_init ] --END-- [ RunTime:0.000000s ]
ERR: 无法加载模块:Application

模块:Application

[ 2017-09-23T09:25:23+08:00 ] ::1 /lianshuomai/Application/Home/View/Index/__PUBLIC__/img/logo/maidi.jpg
INFO: [ app_init ] --START--
INFO: Run Behavior\BuildLiteBehavior [ RunTime:0.000000s ]
INFO: [ app_init ] --END-- [ RunTime:0.001000s ]
ERR: 无法加载模块:Application

[ 2017-09-23T09:25:23+08:00 ] ::1 /lianshuomai/Application/Home/View/Index/__PUBLIC__/img/logo/opp.jpg
INFO: [ app_init ] --START--
INFO: Run Behavior\BuildLiteBehavior [ RunTime:0.000000s ]
INFO: [ app_init ] --END-- [ RunTime:0.000000s ]
ERR: 无法加载模块:Application

[ 2017-09-23T09:25:23+08:00 ] ::1 /lianshuomai/Application/Home/View/Index/__PUBLIC__/img/logo/feilipu.jpg
INFO: [ app_init ] --START--
INFO: Run Behavior\BuildLiteBehavior [ RunTime:0.000000s ]
INFO: [ app_init ] --END-- [ RunTime:0.000000s ]
ERR: 无法加载模块:Application

[ 2017-09-23T09:25:23+08:00 ] ::1 /lianshuomai/Application/Home/View/Index/__PUBLIC__/img/logo/ximenzi.jpg
INFO: [ app_init ] --START--
INFO: Run Behavior\BuildLiteBehavior [ RunTime:0.000000s ]
INFO: [ app_init ] --END-- [ RunTime:0.001000s ]
ERR: 无法加载模块:Application

[ 2017-09-23T09:25:23+08:00 ] ::1 /lianshuomai/Application/Home/View/Index/__PUBLIC__/img/logo/tool.jpg
INFO: [ app_init ] --START--
INFO: Run Behavior\BuildLiteBehavior [ RunTime:0.000000s ]
INFO: [ app_init ] --END-- [ RunTime:0.000000s ]
ERR: 无法加载模块:Application

[ 2017-09-23T09:25:23+08:00 ] ::1 /lianshuomai/Application/Home/View/Index/__PUBLIC__/img/logo/lancome.jpg
INFO: [ app_init ] --START--
INFO: Run Behavior\BuildLiteBehavior [ RunTime:0.000000s ]
INFO: [ app_init ] --END-- [ RunTime:0.000000s ]
ERR: 无法加载模块:Application

[ 2017-09-23T09:25:23+08:00 ] ::1 /lianshuomai/Application/Home/View/Index/__PUBLIC__/img/logo/loreal.jpg
INFO: [ app_init ] --START--
INFO: Run Behavior\BuildLiteBehavior [ RunTime:0.000000s ]
INFO: [ app_init ] --END-- [ RunTime:0.001000s ]
ERR: 无法加载模块:Application

[ 2017-09-23T09:25:23+08:00 ] ::1 /lianshuomai/Application/Home/View/Index/__PUBLIC__/img/logo/dnvJvFaEzsGActX4AAAydUXpUMM663.jpg
INFO: [ app_init ] --START--
INFO: Run Behavior\BuildLiteBehavior [ RunTime:0.000000s ]
INFO: [ app_init ] --END-- [ RunTime:0.001000s ]
ERR: 无法加载模块:Application

[ 2017-09-23T09:25:23+08:00 ] ::1 /lianshuomai/Application/Home/View/Index/__PUBLIC__/img/logo/chenguang.jpg
INFO: [ app_init ] --START--
INFO: Run Behavior\BuildLiteBehavior [ RunTime:0.000000s ]
INFO: [ app_init ] --END-- [ RunTime:0.001000s ]
ERR: 无法加载模块:Application

[ 2017-09-23T09:25:23+08:00 ] ::1 /lianshuomai/Application/Home/View/Index/__PUBLIC__/img/logo/dnvJvFaEzxaAWAfyAABHjZggXu4362.jpg
INFO: [ app_init ] --START--
INFO: Run Behavior\BuildLiteBehavior [ RunTime:0.000000s ]
INFO: [ app_init ] --END-- [ RunTime:0.001000s ]
ERR: 无法加载模块:Application

[ 2017-09-23T09:25:23+08:00 ] ::1 /lianshuomai/Application/Home/View/Index/__PUBLIC__/img/logo/wuyinliangpin.jpg
INFO: [ app_init ] --START--
INFO: Run Behavior\BuildLiteBehavior [ RunTime:0.000000s ]
INFO: [ app_init ] --END-- [ RunTime:0.000000s ]
ERR: 无法加载模块:Application

[ 2017-09-23T09:25:23+08:00 ] ::1 /lianshuomai/Application/Home/View/Index/__PUBLIC__/img/logo/yuma.jpg
INFO: [ app_init ] --START--
INFO: Run Behavior\BuildLiteBehavior [ RunTime:0.000000s ]
INFO: [ app_init ] --END-- [ RunTime:0.001000s ]
ERR: 无法加载模块:Application

[ 2017-09-23T09:25:23+08:00 ] ::1 /lianshuomai/Application/Home/View/Index/__PUBLIC__/img/logo/kashida.jpg
INFO: [ app_init ] --START--
INFO: Run Behavior\BuildLiteBehavior [ RunTime:0.000000s ]
INFO: [ app_init ] --END-- [ RunTime:0.000000s ]
ERR: 无法加载模块:Application

[ 2017-09-23T09:25:23+08:00 ] ::1 /lianshuomai/Application/Home/View/Index/__PUBLIC__/img/logo/miqilin.jpg
INFO: [ app_init ] --START--
INFO: Run Behavior\BuildLiteBehavior [ RunTime:0.000000s ]
INFO: [ app_init ] --END-- [ RunTime:0.000000s ]
ERR: 无法加载模块:Application

[ 2017-09-23T09:25:23+08:00 ] ::1 /lianshuomai/Application/Home/View/Index/__PUBLIC__/img/logo/dnvJvFaEzzyAZWxyAABDXA8qNgw831.jpg
INFO: [ app_init ] --START--
INFO: Run Behavior\BuildLiteBehavior [ RunTime:0.000000s ]
INFO: [ app_init ] --END-- [ RunTime:0.000000s ]
ERR: 无法加载模块:Application

[ 2017-09-23T09:25:23+08:00 ] ::1 /lianshuomai/Application/Home/View/Index/__PUBLIC__/img/logo/boshi.jpg
INFO: [ app_init ] --START--
INFO: Run Behavior\BuildLiteBehavior [ RunTime:0.000000s ]
INFO: [ app_init ] --END-- [ RunTime:0.000000s ]
ERR: 无法加载模块:Application

[ 2017-09-23T09:25:23+08:00 ] ::1 /lianshuomai/Application/Home/View/Index/__PUBLIC__/img/logo/deli.jpg
INFO: [ app_init ] --START--
INFO: Run Behavior\BuildLiteBehavior [ RunTime:0.000000s ]
INFO: [ app_init ] --END-- [ RunTime:0.000000s ]
ERR: 无法加载模块:Application

[ 2017-09-23T09:25:23+08:00 ] ::1 /lianshuomai/Application/Home/View/Index/__PUBLIC__/img/logo/shengli.jpg
INFO: [ app_init ] --START--
INFO: Run Behavior\BuildLiteBehavior [ RunTime:0.000000s ]
INFO: [ app_init ] --END-- [ RunTime:0.001000s ]
ERR: 无法加载模块:Application

[ 2017-09-23T09:25:23+08:00 ] ::1 /lianshuomai/Application/Home/View/Index/__PUBLIC__/img/logo/dnvJvFaEz1mABqRlAAA3YKa7GFQ161.jpg
INFO: [ app_init ] --START--
INFO: Run Behavior\BuildLiteBehavior [ RunTime:0.000000s ]
INFO: [ app_init ] --END-- [ RunTime:0.001000s ]
ERR: 无法加载模块:Application

[ 2017-09-23T09:25:23+08:00 ] ::1 /lianshuomai/Application/Home/View/Index/__PUBLIC__/img/logo/yuanl.jpg
INFO: [ app_init ] --START--
INFO: Run Behavior\BuildLiteBehavior [ RunTime:0.000000s ]
INFO: [ app_init ] --END-- [ RunTime:0.000000s ]
ERR: 无法加载模块:Application

[ 2017-09-23T09:25:23+08:00 ] ::1 /lianshuomai/Application/Home/View/Index/__PUBLIC__/img/logo/cixifang.jpg
INFO: [ app_init ] --START--
INFO: Run Behavior\BuildLiteBehavior [ RunTime:0.000000s ]
INFO: [ app_init ] --END-- [ RunTime:0.000000s ]
ERR: 无法加载模块:Application

[ 2017-09-23T09:25:23+08:00 ] ::1 /lianshuomai/Application/Home/View/Index/__PUBLIC__/img/logo/shipin.jpg
INFO: [ app_init ] --START--
INFO: Run Behavior\BuildLiteBehavior [ RunTime:0.000000s ]
INFO: [ app_init ] --END-- [ RunTime:0.000000s ]
ERR: 无法加载模块:Application

[ 2017-09-23T09:25:23+08:00 ] ::1 /lianshuomai/Application/Home/View/Index/__PUBLIC__/img/logo/yunduo.jpg
INFO: [ app_init ] --START--
INFO: Run Behavior\BuildLiteBehavior [ RunTime:0.000000s ]
INFO: [ app_init ] --END-- [ RunTime:0.000000s ]
ERR: 无法加载模块:Application

[ 2017-09-23T09:25:23+08:00 ] ::1 /lianshuomai/Application/Home/View/Index/__PUBLIC__/img/logo/mage.jpg
INFO: [ app_init ] --START--
INFO: Run Behavior\BuildLiteBehavior [ RunTime:0.000000s ]
INFO: [ app_init ] --END-- [ RunTime:0.000000s ]
ERR: 无法加载模块:Application

[ 2017-09-23T09:25:23+08:00 ] ::1 /lianshuomai/Application/Home/View/Index/__PUBLIC__/img/logo/dong.jpg
INFO: [ app_init ] --START--
INFO: Run Behavior\BuildLiteBehavior [ RunTime:0.000000s ]
INFO: [ app_init ] --END-- [ RunTime:0.000000s ]
ERR: 无法加载模块:Application

[ 2017-09-23T09:25:23+08:00 ] ::1 /lianshuomai/Application/Home/View/Index/__PUBLIC__/img/logo/betters.jpg
INFO: [ app_init ] --START--
INFO: Run Behavior\BuildLiteBehavior [ RunTime:0.000000s ]
INFO: [ app_init ] --END-- [ RunTime:0.000000s ]
ERR: 无法加载模块:Application

[ 2017-09-23T09:25:24+08:00 ] ::1 /lianshuomai/Application/Home/View/Index/__PUBLIC__/img/banner_03.jpg
INFO: [ app_init ] --START--
INFO: Run Behavior\BuildLiteBehavior [ RunTime:0.000000s ]
INFO: [ app_init ] --END-- [ RunTime:0.001000s ]
ERR: 无法加载模块:Application

[ 2017-09-23T09:25:24+08:00 ] ::1 /lianshuomai/Application/Home/View/Index/__PUBLIC__/img/avatar.png
INFO: [ app_init ] --START--
INFO: Run Behavior\BuildLiteBehavior [ RunTime:0.000000s ]
INFO: [ app_init ] --END-- [ RunTime:0.001000s ]
ERR: 无法加载模块:Application

[ 2017-09-23T09:25:24+08:00 ] ::1 /lianshuomai/Application/Home/View/Index/__PUBLIC__/images/hitpic.png
INFO: [ app_init ] --START--
INFO: Run Behavior\BuildLiteBehavior [ RunTime:0.000000s ]
INFO: [ app_init ] --END-- [ RunTime:0.001000s ]
ERR: 无法加载模块:Application

[ 2017-09-23T09:25:25+08:00 ] ::1 /lianshuomai/Application/Home/View/Index/__PUBLIC__/css/reset.css
INFO: [ app_init ] --START--
INFO: Run Behavior\BuildLiteBehavior [ RunTime:0.000000s ]
INFO: [ app_init ] --END-- [ RunTime:0.001000s ]
ERR: 无法加载模块:Application

[ 2017-09-23T09:25:25+08:00 ] ::1 /lianshuomai/Application/Home/View/Index/__PUBLIC__/css/index.css
INFO: [ app_init ] --START--
INFO: Run Behavior\BuildLiteBehavior [ RunTime:0.000000s ]
INFO: [ app_init ] --END-- [ RunTime:0.000000s ]
ERR: 无法加载模块:Application

[ 2017-09-23T09:28:57+08:00 ] ::1 /lianshuomai/index.php/Login/login
INFO: [ app_init ] --START--
INFO: Run Behavior\BuildLiteBehavior [ RunTime:0.000000s ]
INFO: [ app_init ] --END-- [ RunTime:0.000000s ]
ERR: 无法加载模块:Login

